2025-09-04T05:26:06.8099501Z Current runner version: '2.328.0'
2025-09-04T05:26:06.8134089Z ##[group]Runner Image Provisioner
2025-09-04T05:26:06.8135274Z Hosted Compute Agent
2025-09-04T05:26:06.8136200Z Version: 20250829.383
2025-09-04T05:26:06.8137121Z Commit: 27cb235aab5b0e52e153a26cd86b4742e89dac5d
2025-09-04T05:26:06.8138761Z Build Date: 2025-08-29T13:48:48Z
2025-09-04T05:26:06.8139735Z ##[endgroup]
2025-09-04T05:26:06.8140632Z ##[group]Operating System
2025-09-04T05:26:06.8141671Z Ubuntu
2025-09-04T05:26:06.8142571Z 24.04.3
2025-09-04T05:26:06.8143512Z LTS
2025-09-04T05:26:06.8144244Z ##[endgroup]
2025-09-04T05:26:06.8145049Z ##[group]Runner Image
2025-09-04T05:26:06.8146509Z Image: ubuntu-24.04
2025-09-04T05:26:06.8147782Z Version: 20250831.1.0
2025-09-04T05:26:06.8149540Z Included Software: https://github.com/actions/runner-images/blob/ubuntu24/20250831.1/images/ubuntu/Ubuntu2404-Readme.md
2025-09-04T05:26:06.8152447Z Image Release: https://github.com/actions/runner-images/releases/tag/ubuntu24%2F20250831.1
2025-09-04T05:26:06.8154194Z ##[endgroup]
2025-09-04T05:26:06.8156164Z ##[group]GITHUB_TOKEN Permissions
2025-09-04T05:26:06.8159280Z Contents: read
2025-09-04T05:26:06.8160280Z Metadata: read
2025-09-04T05:26:06.8161130Z Packages: read
2025-09-04T05:26:06.8161868Z ##[endgroup]
2025-09-04T05:26:06.8165200Z Secret source: Actions
2025-09-04T05:26:06.8166659Z Prepare workflow directory
2025-09-04T05:26:06.8720739Z Prepare all required actions
2025-09-04T05:26:06.8775260Z Getting action download info
2025-09-04T05:26:07.2363983Z Download action repository 'actions/checkout@v4' (SHA:08eba0b27e820071cde6df949e0beb9ba4906955)
2025-09-04T05:26:08.0280654Z Download action repository 'actions/setup-node@v4' (SHA:49933ea5288caeca8642d1e84afbd3f7d6820020)
2025-09-04T05:26:08.1257149Z Download action repository 'docker/setup-buildx-action@v3' (SHA:e468171a9de216ec08956ac3ada2f0791b6bd435)
2025-09-04T05:26:08.4305080Z Download action repository 'actions/github-script@v7' (SHA:60a0d83039c74a4aee543508d2ffcb1c3799cdea)
2025-09-04T05:26:08.7005048Z Complete job name: Pre-Deployment Validation & Testing
2025-09-04T05:26:08.7787146Z ##[group]Run actions/checkout@v4
2025-09-04T05:26:08.7789060Z with:
2025-09-04T05:26:08.7790087Z   repository: jimmy058910/replitballgame
2025-09-04T05:26:08.7791539Z   token: ***
2025-09-04T05:26:08.7792563Z   ssh-strict: true
2025-09-04T05:26:08.7793539Z   ssh-user: git
2025-09-04T05:26:08.7794632Z   persist-credentials: true
2025-09-04T05:26:08.7795780Z   clean: true
2025-09-04T05:26:08.7796934Z   sparse-checkout-cone-mode: true
2025-09-04T05:26:08.7798386Z   fetch-depth: 1
2025-09-04T05:26:08.7799457Z   fetch-tags: false
2025-09-04T05:26:08.7800550Z   show-progress: true
2025-09-04T05:26:08.7801607Z   lfs: false
2025-09-04T05:26:08.7802549Z   submodules: false
2025-09-04T05:26:08.7803489Z   set-safe-directory: true
2025-09-04T05:26:08.7804922Z env:
2025-09-04T05:26:08.7806068Z   NODE_VERSION: 20
2025-09-04T05:26:08.7807169Z   PROJECT_ID: direct-glider-465821-p7
2025-09-04T05:26:08.7808706Z   REGION: us-central1
2025-09-04T05:26:08.7809895Z   SERVICE_NAME: realm-rivalry-unified
2025-09-04T05:26:08.7811070Z ##[endgroup]
2025-09-04T05:26:08.9457235Z Syncing repository: jimmy058910/replitballgame
2025-09-04T05:26:08.9461794Z ##[group]Getting Git version info
2025-09-04T05:26:08.9463594Z Working directory is '/home/runner/work/replitballgame/replitballgame'
2025-09-04T05:26:08.9466373Z [command]/usr/bin/git version
2025-09-04T05:26:08.9473002Z git version 2.51.0
2025-09-04T05:26:08.9499292Z ##[endgroup]
2025-09-04T05:26:08.9542785Z Temporarily overriding HOME='/home/runner/work/_temp/102c95c2-6530-4cbf-b527-08bc642b0b55' before making global git config changes
2025-09-04T05:26:08.9546369Z Adding repository directory to the temporary git global config as a safe directory
2025-09-04T05:26:08.9549291Z [command]/usr/bin/git config --global --add safe.directory /home/runner/work/replitballgame/replitballgame
2025-09-04T05:26:08.9593157Z Deleting the contents of '/home/runner/work/replitballgame/replitballgame'
2025-09-04T05:26:08.9598551Z ##[group]Initializing the repository
2025-09-04T05:26:08.9603253Z [command]/usr/bin/git init /home/runner/work/replitballgame/replitballgame
2025-09-04T05:26:08.9669231Z hint: Using 'master' as the name for the initial branch. This default branch name
2025-09-04T05:26:08.9672719Z hint: is subject to change. To configure the initial branch name to use in all
2025-09-04T05:26:08.9674834Z hint: of your new repositories, which will suppress this warning, call:
2025-09-04T05:26:08.9676723Z hint:
2025-09-04T05:26:08.9678271Z hint: 	git config --global init.defaultBranch <name>
2025-09-04T05:26:08.9679723Z hint:
2025-09-04T05:26:08.9681316Z hint: Names commonly chosen instead of 'master' are 'main', 'trunk' and
2025-09-04T05:26:08.9683486Z hint: 'development'. The just-created branch can be renamed via this command:
2025-09-04T05:26:08.9685187Z hint:
2025-09-04T05:26:08.9686414Z hint: 	git branch -m <name>
2025-09-04T05:26:08.9687965Z hint:
2025-09-04T05:26:08.9689361Z hint: Disable this message with "git config set advice.defaultBranchName false"
2025-09-04T05:26:08.9691704Z Initialized empty Git repository in /home/runner/work/replitballgame/replitballgame/.git/
2025-09-04T05:26:08.9696071Z [command]/usr/bin/git remote add origin https://github.com/jimmy058910/replitballgame
2025-09-04T05:26:08.9725366Z ##[endgroup]
2025-09-04T05:26:08.9727807Z ##[group]Disabling automatic garbage collection
2025-09-04T05:26:08.9730156Z [command]/usr/bin/git config --local gc.auto 0
2025-09-04T05:26:08.9762468Z ##[endgroup]
2025-09-04T05:26:08.9764389Z ##[group]Setting up auth
2025-09-04T05:26:08.9769937Z [command]/usr/bin/git config --local --name-only --get-regexp core\.sshCommand
2025-09-04T05:26:08.9803376Z [command]/usr/bin/git submodule foreach --recursive sh -c "git config --local --name-only --get-regexp 'core\.sshCommand' && git config --local --unset-all 'core.sshCommand' || :"
2025-09-04T05:26:09.0070523Z [command]/usr/bin/git config --local --name-only --get-regexp http\.https\:\/\/github\.com\/\.extraheader
2025-09-04T05:26:09.0104237Z [command]/usr/bin/git submodule foreach --recursive sh -c "git config --local --name-only --get-regexp 'http\.https\:\/\/github\.com\/\.extraheader' && git config --local --unset-all 'http.https://github.com/.extraheader' || :"
2025-09-04T05:26:09.0341427Z [command]/usr/bin/git config --local http.https://github.com/.extraheader AUTHORIZATION: basic ***
2025-09-04T05:26:09.0389306Z ##[endgroup]
2025-09-04T05:26:09.0393181Z ##[group]Fetching the repository
2025-09-04T05:26:09.0400429Z [command]/usr/bin/git -c protocol.version=2 fetch --no-tags --prune --no-recurse-submodules --depth=1 origin +6bc441c3ac5b2071e8b8819a806b8c3e4b88bd2b:refs/remotes/origin/main
2025-09-04T05:26:11.2597311Z From https://github.com/jimmy058910/replitballgame
2025-09-04T05:26:11.2600064Z  * [new ref]         6bc441c3ac5b2071e8b8819a806b8c3e4b88bd2b -> origin/main
2025-09-04T05:26:11.2627166Z ##[endgroup]
2025-09-04T05:26:11.2628724Z ##[group]Determining the checkout info
2025-09-04T05:26:11.2630149Z ##[endgroup]
2025-09-04T05:26:11.2635279Z [command]/usr/bin/git sparse-checkout disable
2025-09-04T05:26:11.2676585Z [command]/usr/bin/git config --local --unset-all extensions.worktreeConfig
2025-09-04T05:26:11.2705984Z ##[group]Checking out the ref
2025-09-04T05:26:11.2709955Z [command]/usr/bin/git checkout --progress --force -B main refs/remotes/origin/main
2025-09-04T05:26:11.7118797Z Switched to a new branch 'main'
2025-09-04T05:26:11.7129884Z branch 'main' set up to track 'origin/main'.
2025-09-04T05:26:11.7151487Z ##[endgroup]
2025-09-04T05:26:11.7216083Z [command]/usr/bin/git log -1 --format=%H
2025-09-04T05:26:11.7248276Z 6bc441c3ac5b2071e8b8819a806b8c3e4b88bd2b
2025-09-04T05:26:11.7500453Z ##[group]Run actions/setup-node@v4
2025-09-04T05:26:11.7500881Z with:
2025-09-04T05:26:11.7501197Z   node-version: 20
2025-09-04T05:26:11.7501513Z   cache: npm
2025-09-04T05:26:11.7501796Z   always-auth: false
2025-09-04T05:26:11.7502103Z   check-latest: false
2025-09-04T05:26:11.7502581Z   token: ***
2025-09-04T05:26:11.7503093Z env:
2025-09-04T05:26:11.7503413Z   NODE_VERSION: 20
2025-09-04T05:26:11.7503716Z   PROJECT_ID: direct-glider-465821-p7
2025-09-04T05:26:11.7504089Z   REGION: us-central1
2025-09-04T05:26:11.7504486Z   SERVICE_NAME: realm-rivalry-unified
2025-09-04T05:26:11.7504829Z ##[endgroup]
2025-09-04T05:26:11.9428551Z Found in cache @ /opt/hostedtoolcache/node/20.19.4/x64
2025-09-04T05:26:11.9429762Z ##[group]Environment details
2025-09-04T05:26:12.4403916Z node: v20.19.4
2025-09-04T05:26:12.4409725Z npm: 10.8.2
2025-09-04T05:26:12.4414176Z yarn: 1.22.22
2025-09-04T05:26:12.4421579Z ##[endgroup]
2025-09-04T05:26:12.4474447Z [command]/opt/hostedtoolcache/node/20.19.4/x64/bin/npm config get cache
2025-09-04T05:26:12.5763331Z /home/runner/.npm
2025-09-04T05:26:12.7125494Z Cache hit for: node-cache-Linux-x64-npm-8619a49c0d208bfd301d3f6ca9a306a7488136f427be935ea07ae97f241b1849
2025-09-04T05:26:13.7680158Z Received 188743680 of 437404036 (43.2%), 178.0 MBs/sec
2025-09-04T05:26:14.7696534Z Received 352321536 of 437404036 (80.5%), 166.9 MBs/sec
2025-09-04T05:26:15.3602970Z Received 437404036 of 437404036 (100.0%), 160.2 MBs/sec
2025-09-04T05:26:15.3605822Z Cache Size: ~417 MB (437404036 B)
2025-09-04T05:26:15.3652958Z [command]/usr/bin/tar -xf /home/runner/work/_temp/be61afbe-6cb1-4196-b6da-e19deed66286/cache.tzst -P -C /home/runner/work/replitballgame/replitballgame --use-compress-program unzstd
2025-09-04T05:26:19.0114625Z Cache restored successfully
2025-09-04T05:26:19.0987871Z Cache restored from key: node-cache-Linux-x64-npm-8619a49c0d208bfd301d3f6ca9a306a7488136f427be935ea07ae97f241b1849
2025-09-04T05:26:19.1237945Z ##[group]Run docker/setup-buildx-action@v3
2025-09-04T05:26:19.1238255Z with:
2025-09-04T05:26:19.1238455Z   driver: docker-container
2025-09-04T05:26:19.1238685Z   install: false
2025-09-04T05:26:19.1238871Z   use: true
2025-09-04T05:26:19.1239052Z   keep-state: false
2025-09-04T05:26:19.1239249Z   cache-binary: true
2025-09-04T05:26:19.1239442Z   cleanup: true
2025-09-04T05:26:19.1239629Z env:
2025-09-04T05:26:19.1239817Z   NODE_VERSION: 20
2025-09-04T05:26:19.1240033Z   PROJECT_ID: direct-glider-465821-p7
2025-09-04T05:26:19.1240294Z   REGION: us-central1
2025-09-04T05:26:19.1240511Z   SERVICE_NAME: realm-rivalry-unified
2025-09-04T05:26:19.1240745Z ##[endgroup]
2025-09-04T05:26:19.4500586Z ##[group]Docker info
2025-09-04T05:26:19.4544824Z [command]/usr/bin/docker version
2025-09-04T05:26:20.1371598Z Client: Docker Engine - Community
2025-09-04T05:26:20.1380130Z  Version:           28.0.4
2025-09-04T05:26:20.1380564Z  API version:       1.48
2025-09-04T05:26:20.1381082Z  Go version:        go1.23.7
2025-09-04T05:26:20.1381552Z  Git commit:        b8034c0
2025-09-04T05:26:20.1382031Z  Built:             Tue Mar 25 15:07:16 2025
2025-09-04T05:26:20.1382541Z  OS/Arch:           linux/amd64
2025-09-04T05:26:20.1382950Z  Context:           default
2025-09-04T05:26:20.1383198Z 
2025-09-04T05:26:20.1383452Z Server: Docker Engine - Community
2025-09-04T05:26:20.1383863Z  Engine:
2025-09-04T05:26:20.1384162Z   Version:          28.0.4
2025-09-04T05:26:20.1384675Z   API version:      1.48 (minimum version 1.24)
2025-09-04T05:26:20.1385208Z   Go version:       go1.23.7
2025-09-04T05:26:20.1385574Z   Git commit:       6430e49
2025-09-04T05:26:20.1386027Z   Built:            Tue Mar 25 15:07:16 2025
2025-09-04T05:26:20.1386497Z   OS/Arch:          linux/amd64
2025-09-04T05:26:20.1386910Z   Experimental:     false
2025-09-04T05:26:20.1387549Z  containerd:
2025-09-04T05:26:20.1387933Z   Version:          1.7.27
2025-09-04T05:26:20.1388490Z   GitCommit:        05044ec0a9a75232cad458027ca83437aae3f4da
2025-09-04T05:26:20.1389001Z  runc:
2025-09-04T05:26:20.1389307Z   Version:          1.2.5
2025-09-04T05:26:20.1389742Z   GitCommit:        v1.2.5-0-g59923ef
2025-09-04T05:26:20.1390184Z  docker-init:
2025-09-04T05:26:20.1390522Z   Version:          0.19.0
2025-09-04T05:26:20.1390970Z   GitCommit:        de40ad0
2025-09-04T05:26:20.1460985Z [command]/usr/bin/docker info
2025-09-04T05:26:20.5992169Z Client: Docker Engine - Community
2025-09-04T05:26:20.5994040Z  Version:    28.0.4
2025-09-04T05:26:20.5994921Z  Context:    default
2025-09-04T05:26:20.5996817Z  Debug Mode: false
2025-09-04T05:26:20.5997215Z  Plugins:
2025-09-04T05:26:20.5997836Z   buildx: Docker Buildx (Docker Inc.)
2025-09-04T05:26:20.5998383Z     Version:  v0.27.0
2025-09-04T05:26:20.5998975Z     Path:     /usr/libexec/docker/cli-plugins/docker-buildx
2025-09-04T05:26:20.5999672Z   compose: Docker Compose (Docker Inc.)
2025-09-04T05:26:20.6000171Z     Version:  v2.38.2
2025-09-04T05:26:20.6000761Z     Path:     /usr/libexec/docker/cli-plugins/docker-compose
2025-09-04T05:26:20.6001180Z 
2025-09-04T05:26:20.6001329Z Server:
2025-09-04T05:26:20.6001652Z  Containers: 0
2025-09-04T05:26:20.6002002Z   Running: 0
2025-09-04T05:26:20.6002333Z   Paused: 0
2025-09-04T05:26:20.6002664Z   Stopped: 0
2025-09-04T05:26:20.6003058Z  Images: 0
2025-09-04T05:26:20.6003460Z  Server Version: 28.0.4
2025-09-04T05:26:20.6003897Z  Storage Driver: overlay2
2025-09-04T05:26:20.6004360Z   Backing Filesystem: extfs
2025-09-04T05:26:20.6004839Z   Supports d_type: true
2025-09-04T05:26:20.6005279Z   Using metacopy: false
2025-09-04T05:26:20.6005717Z   Native Overlay Diff: false
2025-09-04T05:26:20.6006243Z   userxattr: false
2025-09-04T05:26:20.6006655Z  Logging Driver: json-file
2025-09-04T05:26:20.6007096Z  Cgroup Driver: systemd
2025-09-04T05:26:20.6007699Z  Cgroup Version: 2
2025-09-04T05:26:20.6008091Z  Plugins:
2025-09-04T05:26:20.6008481Z   Volume: local
2025-09-04T05:26:20.6008987Z   Network: bridge host ipvlan macvlan null overlay
2025-09-04T05:26:20.6010199Z   Log: awslogs fluentd gcplogs gelf journald json-file local splunk syslog
2025-09-04T05:26:20.6010947Z  Swarm: inactive
2025-09-04T05:26:20.6011419Z  Runtimes: runc io.containerd.runc.v2
2025-09-04T05:26:20.6011940Z  Default Runtime: runc
2025-09-04T05:26:20.6012375Z  Init Binary: docker-init
2025-09-04T05:26:20.6013018Z  containerd version: 05044ec0a9a75232cad458027ca83437aae3f4da
2025-09-04T05:26:20.6013711Z  runc version: v1.2.5-0-g59923ef
2025-09-04T05:26:20.6014209Z  init version: de40ad0
2025-09-04T05:26:20.6014612Z  Security Options:
2025-09-04T05:26:20.6014990Z   apparmor
2025-09-04T05:26:20.6015325Z   seccomp
2025-09-04T05:26:20.6015672Z    Profile: builtin
2025-09-04T05:26:20.6016034Z   cgroupns
2025-09-04T05:26:20.6016436Z  Kernel Version: 6.11.0-1018-azure
2025-09-04T05:26:20.6016970Z  Operating System: Ubuntu 24.04.3 LTS
2025-09-04T05:26:20.6042315Z  OSType: linux
2025-09-04T05:26:20.6042765Z  Architecture: x86_64
2025-09-04T05:26:20.6043160Z  CPUs: 2
2025-09-04T05:26:20.6043531Z  Total Memory: 7.758GiB
2025-09-04T05:26:20.6043964Z  Name: pkrvm7jw40e0xgp
2025-09-04T05:26:20.6044455Z  ID: 33a18c03-7dc8-4ab9-bfe1-99342b7c1aaf
2025-09-04T05:26:20.6045023Z  Docker Root Dir: /var/lib/docker
2025-09-04T05:26:20.6045548Z  Debug Mode: false
2025-09-04T05:26:20.6045953Z  Username: githubactions
2025-09-04T05:26:20.6046384Z  Experimental: false
2025-09-04T05:26:20.6046780Z  Insecure Registries:
2025-09-04T05:26:20.6047190Z   ::1/128
2025-09-04T05:26:20.6048318Z   127.0.0.0/8
2025-09-04T05:26:20.6048726Z  Live Restore Enabled: false
2025-09-04T05:26:20.6049029Z 
2025-09-04T05:26:20.6054058Z ##[endgroup]
2025-09-04T05:26:20.6763707Z ##[group]Buildx version
2025-09-04T05:26:20.6795804Z [command]/usr/bin/docker buildx version
2025-09-04T05:26:20.7275477Z github.com/docker/buildx v0.27.0 bac71def78b077ee6a2607119f88e291861b18ac
2025-09-04T05:26:20.7306414Z ##[endgroup]
2025-09-04T05:26:20.7467631Z ##[group]Inspecting default docker context
2025-09-04T05:26:20.7609634Z [
2025-09-04T05:26:20.7612463Z   {
2025-09-04T05:26:20.7613869Z     "Name": "default",
2025-09-04T05:26:20.7614337Z     "Metadata": {},
2025-09-04T05:26:20.7614728Z     "Endpoints": {
2025-09-04T05:26:20.7615120Z       "docker": {
2025-09-04T05:26:20.7615634Z         "Host": "unix:///var/run/docker.sock",
2025-09-04T05:26:20.7616244Z         "SkipTLSVerify": false
2025-09-04T05:26:20.7616688Z       }
2025-09-04T05:26:20.7617017Z     },
2025-09-04T05:26:20.7617594Z     "TLSMaterial": {},
2025-09-04T05:26:20.7618458Z     "Storage": {
2025-09-04T05:26:20.7618903Z       "MetadataPath": "<IN MEMORY>",
2025-09-04T05:26:20.7619447Z       "TLSPath": "<IN MEMORY>"
2025-09-04T05:26:20.7619874Z     }
2025-09-04T05:26:20.7620227Z   }
2025-09-04T05:26:20.7620534Z ]
2025-09-04T05:26:20.7621175Z ##[endgroup]
2025-09-04T05:26:20.7621844Z ##[group]Creating a new builder instance
2025-09-04T05:26:20.8864658Z [command]/usr/bin/docker buildx create --name builder-b4e6409e-3297-4976-b64a-82dd0d98160b --driver docker-container --buildkitd-flags --allow-insecure-entitlement security.insecure --allow-insecure-entitlement network.host --use
2025-09-04T05:26:20.9462817Z builder-b4e6409e-3297-4976-b64a-82dd0d98160b
2025-09-04T05:26:20.9498519Z ##[endgroup]
2025-09-04T05:26:20.9500206Z ##[group]Booting builder
2025-09-04T05:26:20.9539118Z [command]/usr/bin/docker buildx inspect --bootstrap --builder builder-b4e6409e-3297-4976-b64a-82dd0d98160b
2025-09-04T05:26:21.0058561Z #1 [internal] booting buildkit
2025-09-04T05:26:21.1561457Z #1 pulling image moby/buildkit:buildx-stable-1
2025-09-04T05:26:25.9320758Z #1 pulling image moby/buildkit:buildx-stable-1 4.9s done
2025-09-04T05:26:26.0832156Z #1 creating container buildx_buildkit_builder-b4e6409e-3297-4976-b64a-82dd0d98160b0
2025-09-04T05:26:26.3867214Z #1 creating container buildx_buildkit_builder-b4e6409e-3297-4976-b64a-82dd0d98160b0 0.5s done
2025-09-04T05:26:26.3895143Z #1 DONE 5.4s
2025-09-04T05:26:26.4290249Z Name:          builder-b4e6409e-3297-4976-b64a-82dd0d98160b
2025-09-04T05:26:26.4291293Z Driver:        docker-container
2025-09-04T05:26:26.4292247Z Last Activity: 2025-09-04 05:26:20 +0000 UTC
2025-09-04T05:26:26.4292611Z 
2025-09-04T05:26:26.4292753Z Nodes:
2025-09-04T05:26:26.4293291Z Name:                  builder-b4e6409e-3297-4976-b64a-82dd0d98160b0
2025-09-04T05:26:26.4302465Z Endpoint:              unix:///var/run/docker.sock
2025-09-04T05:26:26.4303225Z Status:                running
2025-09-04T05:26:26.4304467Z BuildKit daemon flags: --allow-insecure-entitlement security.insecure --allow-insecure-entitlement network.host
2025-09-04T05:26:26.4305660Z BuildKit version:      v0.23.2
2025-09-04T05:26:26.4306358Z Platforms:             linux/amd64, linux/amd64/v2, linux/amd64/v3, linux/386
2025-09-04T05:26:26.4306921Z Labels:
2025-09-04T05:26:26.4307568Z  org.mobyproject.buildkit.worker.executor:         oci
2025-09-04T05:26:26.4308361Z  org.mobyproject.buildkit.worker.hostname:         ed587686a8c9
2025-09-04T05:26:26.4309344Z  org.mobyproject.buildkit.worker.network:          host
2025-09-04T05:26:26.4310268Z  org.mobyproject.buildkit.worker.oci.process-mode: sandbox
2025-09-04T05:26:26.4311279Z  org.mobyproject.buildkit.worker.selinux.enabled:  false
2025-09-04T05:26:26.4312376Z  org.mobyproject.buildkit.worker.snapshotter:      overlayfs
2025-09-04T05:26:26.4313125Z GC Policy rule#0:
2025-09-04T05:26:26.4313467Z  All:            false
2025-09-04T05:26:26.4314276Z  Filters:        type==source.local,type==exec.cachemount,type==source.git.checkout
2025-09-04T05:26:26.4315093Z  Keep Duration:  48h0m0s
2025-09-04T05:26:26.4315623Z  Max Used Space: 488.3MiB
2025-09-04T05:26:26.4316002Z GC Policy rule#1:
2025-09-04T05:26:26.4316493Z  All:            false
2025-09-04T05:26:26.4316857Z  Keep Duration:  1440h0m0s
2025-09-04T05:26:26.4317642Z  Reserved Space: 7.451GiB
2025-09-04T05:26:26.4318028Z  Max Used Space: 54.02GiB
2025-09-04T05:26:26.4318549Z  Min Free Space: 13.97GiB
2025-09-04T05:26:26.4318934Z GC Policy rule#2:
2025-09-04T05:26:26.4319459Z  All:            false
2025-09-04T05:26:26.4319822Z  Reserved Space: 7.451GiB
2025-09-04T05:26:26.4320395Z  Max Used Space: 54.02GiB
2025-09-04T05:26:26.4320922Z  Min Free Space: 13.97GiB
2025-09-04T05:26:26.4321282Z GC Policy rule#3:
2025-09-04T05:26:26.4321743Z  All:            true
2025-09-04T05:26:26.4322070Z  Reserved Space: 7.451GiB
2025-09-04T05:26:26.4322568Z  Max Used Space: 54.02GiB
2025-09-04T05:26:26.4322924Z  Min Free Space: 13.97GiB
2025-09-04T05:26:26.4372607Z ##[endgroup]
2025-09-04T05:26:26.5332063Z ##[group]Inspect builder
2025-09-04T05:26:26.5340736Z {
2025-09-04T05:26:26.5341231Z   "nodes": [
2025-09-04T05:26:26.5341743Z     {
2025-09-04T05:26:26.5342390Z       "name": "builder-b4e6409e-3297-4976-b64a-82dd0d98160b0",
2025-09-04T05:26:26.5343293Z       "endpoint": "unix:///var/run/docker.sock",
2025-09-04T05:26:26.5344012Z       "status": "running",
2025-09-04T05:26:26.5345176Z       "buildkitd-flags": "--allow-insecure-entitlement security.insecure --allow-insecure-entitlement network.host",
2025-09-04T05:26:26.5346394Z       "buildkit": "v0.23.2",
2025-09-04T05:26:26.5347246Z       "platforms": "linux/amd64,linux/amd64/v2,linux/amd64/v3,linux/386",
2025-09-04T05:26:26.5358922Z       "features": {
2025-09-04T05:26:26.5359553Z         "Automatically load images to the Docker Engine image store": true,
2025-09-04T05:26:26.5360182Z         "Cache export": true,
2025-09-04T05:26:26.5360579Z         "Direct push": true,
2025-09-04T05:26:26.5361022Z         "Docker exporter": true,
2025-09-04T05:26:26.5361499Z         "Multi-platform build": true,
2025-09-04T05:26:26.5361953Z         "OCI exporter": true
2025-09-04T05:26:26.5362312Z       },
2025-09-04T05:26:26.5362606Z       "labels": {
2025-09-04T05:26:26.5363111Z         "org.mobyproject.buildkit.worker.executor": "oci",
2025-09-04T05:26:26.5363831Z         "org.mobyproject.buildkit.worker.hostname": "ed587686a8c9",
2025-09-04T05:26:26.5364542Z         "org.mobyproject.buildkit.worker.network": "host",
2025-09-04T05:26:26.5365326Z         "org.mobyproject.buildkit.worker.oci.process-mode": "sandbox",
2025-09-04T05:26:26.5366388Z         "org.mobyproject.buildkit.worker.selinux.enabled": "false",
2025-09-04T05:26:26.5367207Z         "org.mobyproject.buildkit.worker.snapshotter": "overlayfs"
2025-09-04T05:26:26.5367956Z       },
2025-09-04T05:26:26.5368253Z       "gcPolicy": [
2025-09-04T05:26:26.5368566Z         {
2025-09-04T05:26:26.5368858Z           "all": false,
2025-09-04T05:26:26.5369191Z           "filter": [
2025-09-04T05:26:26.5369577Z             "type==source.local",
2025-09-04T05:26:26.5370045Z             "type==exec.cachemount",
2025-09-04T05:26:26.5370510Z             "type==source.git.checkout"
2025-09-04T05:26:26.5370921Z           ],
2025-09-04T05:26:26.5371276Z           "keepDuration": "48h0m0s",
2025-09-04T05:26:26.5371734Z           "maxUsedSpace": "488.3MiB"
2025-09-04T05:26:26.5372123Z         },
2025-09-04T05:26:26.5372404Z         {
2025-09-04T05:26:26.5372688Z           "all": false,
2025-09-04T05:26:26.5373088Z           "keepDuration": "1440h0m0s",
2025-09-04T05:26:26.5373564Z           "reservedSpace": "7.451GiB",
2025-09-04T05:26:26.5374032Z           "maxUsedSpace": "54.02GiB",
2025-09-04T05:26:26.5374488Z           "minFreeSpace": "13.97GiB"
2025-09-04T05:26:26.5374866Z         },
2025-09-04T05:26:26.5375148Z         {
2025-09-04T05:26:26.5375442Z           "all": false,
2025-09-04T05:26:26.5375837Z           "reservedSpace": "7.451GiB",
2025-09-04T05:26:26.5376288Z           "maxUsedSpace": "54.02GiB",
2025-09-04T05:26:26.5376743Z           "minFreeSpace": "13.97GiB"
2025-09-04T05:26:26.5377140Z         },
2025-09-04T05:26:26.5377637Z         {
2025-09-04T05:26:26.5377949Z           "all": true,
2025-09-04T05:26:26.5378366Z           "reservedSpace": "7.451GiB",
2025-09-04T05:26:26.5378835Z           "maxUsedSpace": "54.02GiB",
2025-09-04T05:26:26.5379302Z           "minFreeSpace": "13.97GiB"
2025-09-04T05:26:26.5379692Z         }
2025-09-04T05:26:26.5379974Z       ]
2025-09-04T05:26:26.5380256Z     }
2025-09-04T05:26:26.5380531Z   ],
2025-09-04T05:26:26.5380975Z   "name": "builder-b4e6409e-3297-4976-b64a-82dd0d98160b",
2025-09-04T05:26:26.5381548Z   "driver": "docker-container",
2025-09-04T05:26:26.5382030Z   "lastActivity": "2025-09-04T05:26:20.000Z"
2025-09-04T05:26:26.5382452Z }
2025-09-04T05:26:26.5383012Z ##[endgroup]
2025-09-04T05:26:26.5383560Z ##[group]BuildKit version
2025-09-04T05:26:26.5384155Z builder-b4e6409e-3297-4976-b64a-82dd0d98160b0: v0.23.2
2025-09-04T05:26:26.5384865Z ##[endgroup]
2025-09-04T05:26:26.5480748Z ##[group]Run echo "üîÑ Installing all dependencies..."
2025-09-04T05:26:26.5481480Z [36;1mecho "üîÑ Installing all dependencies..."[0m
2025-09-04T05:26:26.5481806Z [36;1mnpm ci --include=dev[0m
2025-09-04T05:26:26.5482191Z [36;1mecho "‚úÖ Dependencies installed successfully"[0m
2025-09-04T05:26:26.5540441Z shell: /usr/bin/bash -e {0}
2025-09-04T05:26:26.5540699Z env:
2025-09-04T05:26:26.5540883Z   NODE_VERSION: 20
2025-09-04T05:26:26.5541116Z   PROJECT_ID: direct-glider-465821-p7
2025-09-04T05:26:26.5541397Z   REGION: us-central1
2025-09-04T05:26:26.5541625Z   SERVICE_NAME: realm-rivalry-unified
2025-09-04T05:26:26.5541872Z ##[endgroup]
2025-09-04T05:26:26.5618480Z üîÑ Installing all dependencies...
2025-09-04T05:27:15.1384105Z 
2025-09-04T05:27:15.1386093Z added 1641 packages, and audited 1642 packages in 49s
2025-09-04T05:27:15.1394637Z 
2025-09-04T05:27:15.1395095Z 210 packages are looking for funding
2025-09-04T05:27:15.1395772Z   run `npm fund` for details
2025-09-04T05:27:15.1409189Z 
2025-09-04T05:27:15.1409583Z found 0 vulnerabilities
2025-09-04T05:27:15.2401879Z ‚úÖ Dependencies installed successfully
2025-09-04T05:27:15.2440799Z ##[group]Run echo "üîÑ Generating Prisma client for deployment..."
2025-09-04T05:27:15.2441299Z [36;1mecho "üîÑ Generating Prisma client for deployment..."[0m
2025-09-04T05:27:15.2441645Z [36;1mnpx prisma generate[0m
2025-09-04T05:27:15.2441930Z [36;1mecho "‚úÖ Prisma client ready for deployment"[0m
2025-09-04T05:27:15.2475511Z shell: /usr/bin/bash -e {0}
2025-09-04T05:27:15.2475759Z env:
2025-09-04T05:27:15.2475940Z   NODE_VERSION: 20
2025-09-04T05:27:15.2476171Z   PROJECT_ID: direct-glider-465821-p7
2025-09-04T05:27:15.2476438Z   REGION: us-central1
2025-09-04T05:27:15.2476663Z   SERVICE_NAME: realm-rivalry-unified
2025-09-04T05:27:15.2476909Z ##[endgroup]
2025-09-04T05:27:15.2528641Z üîÑ Generating Prisma client for deployment...
2025-09-04T05:27:16.3919008Z Prisma schema loaded from prisma/schema.prisma
2025-09-04T05:27:17.4059182Z 
2025-09-04T05:27:17.4061502Z ‚úî Generated Prisma Client (v6.10.1) to ./prisma/generated/client in 481ms
2025-09-04T05:27:17.4063379Z 
2025-09-04T05:27:17.4065134Z Start by importing your Prisma Client (See: https://pris.ly/d/importing-client)
2025-09-04T05:27:17.4066739Z 
2025-09-04T05:27:17.4068726Z Tip: Need your database queries to be 1000x faster? Accelerate offers you that and more: https://pris.ly/tip-2-accelerate
2025-09-04T05:27:17.4069403Z 
2025-09-04T05:27:17.4352234Z ‚úÖ Prisma client ready for deployment
2025-09-04T05:27:17.4410684Z ##[group]Run echo "üöÄ Testing deployment-critical compilation..."
2025-09-04T05:27:17.4411204Z [36;1mecho "üöÄ Testing deployment-critical compilation..."[0m
2025-09-04T05:27:17.4411527Z [36;1m[0m
2025-09-04T05:27:17.4411851Z [36;1m# Test server compilation (critical for deployment) - production-aligned[0m
2025-09-04T05:27:17.4412311Z [36;1mecho "üìä Testing server TypeScript compilation..."[0m
2025-09-04T05:27:17.4412682Z [36;1mnpm run build:server > build-output.log 2>&1 || true[0m
2025-09-04T05:27:17.4412968Z [36;1m[0m
2025-09-04T05:27:17.4413258Z [36;1m# Check if JavaScript files were generated (production behavior)[0m
2025-09-04T05:27:17.4413730Z [36;1mif [ -d "dist/server" ] && [ "$(find dist/server -name "*.js" | wc -l)" -gt "0" ]; then[0m
2025-09-04T05:27:17.4414250Z [36;1m  echo "‚úÖ SERVER COMPILATION: JavaScript files generated - ready for deployment"[0m
2025-09-04T05:27:17.4414691Z [36;1m  echo "server_compilation=success" >> $GITHUB_OUTPUT[0m
2025-09-04T05:27:17.4415022Z [36;1melse[0m
2025-09-04T05:27:17.4415358Z [36;1m  echo "‚ùå SERVER COMPILATION: Failed to generate JavaScript files - DEPLOYMENT BLOCKED"[0m
2025-09-04T05:27:17.4415807Z [36;1m  echo "server_compilation=failed" >> $GITHUB_OUTPUT[0m
2025-09-04T05:27:17.4416091Z [36;1mfi[0m
2025-09-04T05:27:17.4416262Z [36;1m[0m
2025-09-04T05:27:17.4416476Z [36;1m# Test client build (critical for production)[0m
2025-09-04T05:27:17.4416798Z [36;1mecho "üéØ Testing client production build..."[0m
2025-09-04T05:27:17.4417085Z [36;1mif npm run build; then[0m
2025-09-04T05:27:17.4417783Z [36;1m  echo "‚úÖ CLIENT BUILD: Ready for deployment"[0m
2025-09-04T05:27:17.4418101Z [36;1m  echo "client_build=success" >> $GITHUB_OUTPUT[0m
2025-09-04T05:27:17.4418368Z [36;1melse[0m
2025-09-04T05:27:17.4418579Z [36;1m  echo "‚ö†Ô∏è CLIENT BUILD: May affect frontend"[0m
2025-09-04T05:27:17.4418885Z [36;1m  echo "client_build=failed" >> $GITHUB_OUTPUT[0m
2025-09-04T05:27:17.4419144Z [36;1mfi[0m
2025-09-04T05:27:17.4449530Z shell: /usr/bin/bash -e {0}
2025-09-04T05:27:17.4449773Z env:
2025-09-04T05:27:17.4449946Z   NODE_VERSION: 20
2025-09-04T05:27:17.4450181Z   PROJECT_ID: direct-glider-465821-p7
2025-09-04T05:27:17.4450449Z   REGION: us-central1
2025-09-04T05:27:17.4450669Z   SERVICE_NAME: realm-rivalry-unified
2025-09-04T05:27:17.4450906Z ##[endgroup]
2025-09-04T05:27:17.4500716Z üöÄ Testing deployment-critical compilation...
2025-09-04T05:27:17.4502343Z üìä Testing server TypeScript compilation...
2025-09-04T05:27:34.0498246Z ‚úÖ SERVER COMPILATION: JavaScript files generated - ready for deployment
2025-09-04T05:27:34.0503045Z üéØ Testing client production build...
2025-09-04T05:27:34.1596174Z 
2025-09-04T05:27:34.1598465Z > rest-express@1.0.0 build
2025-09-04T05:27:34.1602323Z > vite build --config vite.config.production.ts
2025-09-04T05:27:34.1602736Z 
2025-09-04T05:27:34.3944359Z [36mvite v6.3.5 [32mbuilding for production...[36m[39m
2025-09-04T05:27:34.6988899Z transforming...
2025-09-04T05:27:44.6254743Z [32m‚úì[39m 2803 modules transformed.
2025-09-04T05:27:47.5488906Z rendering chunks...
2025-09-04T05:27:56.4387789Z [33m[plugin vite:reporter] 
2025-09-04T05:27:56.4390766Z (!) /home/runner/work/replitballgame/replitballgame/client/src/components/LiveMatchPage.tsx is dynamically imported by /home/runner/work/replitballgame/replitballgame/client/src/utils/lazyLoading.tsx but also statically imported by /home/runner/work/replitballgame/replitballgame/client/src/App.tsx, dynamic import will not move module into another chunk.
2025-09-04T05:27:56.4393241Z [39m
2025-09-04T05:27:56.4396282Z [33m[plugin vite:reporter] 
2025-09-04T05:27:56.4402537Z (!) /home/runner/work/replitballgame/replitballgame/client/src/pages/CompetitionCenter.tsx is dynamically imported by /home/runner/work/replitballgame/replitballgame/client/src/App.tsx but also statically imported by /home/runner/work/replitballgame/replitballgame/client/src/App.tsx, dynamic import will not move module into another chunk.
2025-09-04T05:27:56.4405509Z [39m
2025-09-04T05:27:56.4724279Z computing gzip size...
2025-09-04T05:27:56.5158393Z [2m../dist/public/[22m[32mindex.html                                         [39m[1m[2m  2.54 kB[22m[1m[22m[2m ‚îÇ gzip:   1.08 kB[22m
2025-09-04T05:27:56.5161338Z [2m../dist/public/[22m[2massets/[22m[35mindex-La9-mnuS.css                          [39m[1m[2m150.29 kB[22m[1m[22m[2m ‚îÇ gzip:  21.80 kB[22m
2025-09-04T05:27:56.5163136Z [2m../dist/public/[22m[2massets/[22m[36mauthUtils-Br85M4Rh.js                       [39m[1m[2m  0.08 kB[22m[1m[22m[2m ‚îÇ gzip:   0.10 kB[22m
2025-09-04T05:27:56.5165353Z [2m../dist/public/[22m[2massets/[22m[36mextends-DPdBf6DS.js                         [39m[1m[2m  0.23 kB[22m[1m[22m[2m ‚îÇ gzip:   0.18 kB[22m
2025-09-04T05:27:56.5170493Z [2m../dist/public/[22m[2massets/[22m[36mgem-DumVa7uH.js                             [39m[1m[2m  0.39 kB[22m[1m[22m[2m ‚îÇ gzip:   0.29 kB[22m
2025-09-04T05:27:56.5175425Z [2m../dist/public/[22m[2massets/[22m[36mcopy-CgLI1wNB.js                            [39m[1m[2m  0.41 kB[22m[1m[22m[2m ‚îÇ gzip:   0.31 kB[22m
2025-09-04T05:27:56.5177515Z [2m../dist/public/[22m[2massets/[22m[36mheart-DiOGvN0o.js                           [39m[1m[2m  0.41 kB[22m[1m[22m[2m ‚îÇ gzip:   0.31 kB[22m
2025-09-04T05:27:56.5179434Z [2m../dist/public/[22m[2massets/[22m[36muser-check-B0pMqMuJ.js                      [39m[1m[2m  0.42 kB[22m[1m[22m[2m ‚îÇ gzip:   0.32 kB[22m
2025-09-04T05:27:56.5181370Z [2m../dist/public/[22m[2massets/[22m[36msave-miBijrSy.js                            [39m[1m[2m  0.50 kB[22m[1m[22m[2m ‚îÇ gzip:   0.33 kB[22m
2025-09-04T05:27:56.5183640Z [2m../dist/public/[22m[2massets/[22m[36mgift-BgxROpil.js                            [39m[1m[2m  0.53 kB[22m[1m[22m[2m ‚îÇ gzip:   0.36 kB[22m
2025-09-04T05:27:56.5185601Z [2m../dist/public/[22m[2massets/[22m[36mHelpIcon-C4OyRkmC.js                        [39m[1m[2m  0.58 kB[22m[1m[22m[2m ‚îÇ gzip:   0.37 kB[22m
2025-09-04T05:27:56.5192143Z [2m../dist/public/[22m[2massets/[22m[36mfilter-pAAYWE6a.js                          [39m[1m[2m  0.78 kB[22m[1m[22m[2m ‚îÇ gzip:   0.38 kB[22m
2025-09-04T05:27:56.5193942Z [2m../dist/public/[22m[2massets/[22m[36mindex-B7p4Dz8S.js                           [39m[1m[2m  0.78 kB[22m[1m[22m[2m ‚îÇ gzip:   0.40 kB[22m
2025-09-04T05:27:56.5195464Z [2m../dist/public/[22m[2massets/[22m[36mplayerUtils-w1c5j9gc.js                     [39m[1m[2m  0.81 kB[22m[1m[22m[2m ‚îÇ gzip:   0.48 kB[22m
2025-09-04T05:27:56.5197096Z [2m../dist/public/[22m[2massets/[22m[36mstore-DawgGEaZ.js                           [39m[1m[2m  0.82 kB[22m[1m[22m[2m ‚îÇ gzip:   0.40 kB[22m
2025-09-04T05:27:56.5198946Z [2m../dist/public/[22m[2massets/[22m[36muser-DrxEGFD-.js                            [39m[1m[2m  0.99 kB[22m[1m[22m[2m ‚îÇ gzip:   0.48 kB[22m
2025-09-04T05:27:56.5199765Z [33m
2025-09-04T05:27:56.5200375Z (!) Some chunks are larger than 500 kB after minification. Consider:
2025-09-04T05:27:56.5201153Z - Using dynamic import() to code-split the application
2025-09-04T05:27:56.5202501Z - Use build.rollupOptions.output.manualChunks to improve chunking: https://rollupjs.org/configuration-options/#output-manualchunks
2025-09-04T05:27:56.5204020Z - Adjust chunk size limit for this warning via build.chunkSizeWarningLimit.[39m
2025-09-04T05:27:56.5205575Z [2m../dist/public/[22m[2massets/[22m[36mTacticsPage-Cq1Xju0t.js                     [39m[1m[2m  1.25 kB[22m[1m[22m[2m ‚îÇ gzip:   0.57 kB[22m
2025-09-04T05:27:56.5207278Z [2m../dist/public/[22m[2massets/[22m[36mtable-skMkPXy6.js                           [39m[1m[2m  1.50 kB[22m[1m[22m[2m ‚îÇ gzip:   0.53 kB[22m
2025-09-04T05:27:56.5209207Z [2m../dist/public/[22m[2massets/[22m[36msheet-vMEskMe6.js                           [39m[1m[2m  2.21 kB[22m[1m[22m[2m ‚îÇ gzip:   0.87 kB[22m
2025-09-04T05:27:56.5211142Z [2m../dist/public/[22m[2massets/[22m[36miconBase-BsTxwV12.js                        [39m[1m[2m  2.97 kB[22m[1m[22m[2m ‚îÇ gzip:   1.34 kB[22m
2025-09-04T05:27:56.5243258Z [2m../dist/public/[22m[2massets/[22m[36mPostGameSummary-DnOysZKG.js                 [39m[1m[2m  6.98 kB[22m[1m[22m[2m ‚îÇ gzip:   1.71 kB[22m
2025-09-04T05:27:56.5246824Z [2m../dist/public/[22m[2massets/[22m[36mWorld-BNtoHLhy.js                           [39m[1m[2m  8.94 kB[22m[1m[22m[2m ‚îÇ gzip:   2.13 kB[22m
2025-09-04T05:27:56.5248896Z [2m../dist/public/[22m[2massets/[22m[36mUnifiedPlayerCard-CmN_HOna.js               [39m[1m[2m  9.84 kB[22m[1m[22m[2m ‚îÇ gzip:   2.77 kB[22m
2025-09-04T05:27:56.5250707Z [2m../dist/public/[22m[2massets/[22m[36mTeamInfoDialog-CQQCsGfx.js                  [39m[1m[2m 10.61 kB[22m[1m[22m[2m ‚îÇ gzip:   2.71 kB[22m
2025-09-04T05:27:56.5252575Z [2m../dist/public/[22m[2massets/[22m[36mComprehensiveTournamentManager-DJyg_9LF.js  [39m[1m[2m 13.55 kB[22m[1m[22m[2m ‚îÇ gzip:   3.15 kB[22m
2025-09-04T05:27:56.5254472Z [2m../dist/public/[22m[2massets/[22m[36mTournamentStatus-B9PUhHJy.js                [39m[1m[2m 20.15 kB[22m[1m[22m[2m ‚îÇ gzip:   4.91 kB[22m
2025-09-04T05:27:56.5256167Z [2m../dist/public/[22m[2massets/[22m[36mselect-C9_DJ1hn.js                          [39m[1m[2m 21.94 kB[22m[1m[22m[2m ‚îÇ gzip:   7.50 kB[22m
2025-09-04T05:27:56.5257950Z [2m../dist/public/[22m[2massets/[22m[36mCommunity-DjB-jC3y.js                       [39m[1m[2m 24.10 kB[22m[1m[22m[2m ‚îÇ gzip:   7.65 kB[22m
2025-09-04T05:27:56.5259745Z [2m../dist/public/[22m[2massets/[22m[36mVirtualizedPlayerRoster-D6MS0RfW.js         [39m[1m[2m 24.14 kB[22m[1m[22m[2m ‚îÇ gzip:   8.02 kB[22m
2025-09-04T05:27:56.5261780Z [2m../dist/public/[22m[2massets/[22m[36mCommunityPortal-DKCd-a1_.js                 [39m[1m[2m 26.11 kB[22m[1m[22m[2m ‚îÇ gzip:   7.05 kB[22m
2025-09-04T05:27:56.5263544Z [2m../dist/public/[22m[2massets/[22m[36mLiveMatchViewer-Vfj5VVpg.js                 [39m[1m[2m 40.36 kB[22m[1m[22m[2m ‚îÇ gzip:  10.52 kB[22m
2025-09-04T05:27:56.5265277Z [2m../dist/public/[22m[2massets/[22m[36mCompetition-Cl5oSS82.js                     [39m[1m[2m 51.38 kB[22m[1m[22m[2m ‚îÇ gzip:  11.08 kB[22m
2025-09-04T05:27:56.5267007Z [2m../dist/public/[22m[2massets/[22m[36mPlayerDetailModal-8_Fc4oxn.js               [39m[1m[2m 51.93 kB[22m[1m[22m[2m ‚îÇ gzip:  13.44 kB[22m
2025-09-04T05:27:56.5268999Z [2m../dist/public/[22m[2massets/[22m[36mMarketDistrict-Cr7bgB8u.js                  [39m[1m[2m 71.86 kB[22m[1m[22m[2m ‚îÇ gzip:  14.87 kB[22m
2025-09-04T05:27:56.5270682Z [2m../dist/public/[22m[2massets/[22m[36mui-BG1_VUgh.js                              [39m[1m[2m 81.19 kB[22m[1m[22m[2m ‚îÇ gzip:  26.18 kB[22m
2025-09-04T05:27:56.5272321Z [2m../dist/public/[22m[2massets/[22m[36mRosterHQ-BHdDd0SN.js                        [39m[1m[2m 95.52 kB[22m[1m[22m[2m ‚îÇ gzip:  21.51 kB[22m
2025-09-04T05:27:56.5273975Z [2m../dist/public/[22m[2massets/[22m[36mTeam-BfbiWtKM.js                            [39m[1m[2m108.94 kB[22m[1m[22m[2m ‚îÇ gzip:  22.97 kB[22m
2025-09-04T05:27:56.5275689Z [2m../dist/public/[22m[2massets/[22m[36mTacticsLineupHub-CF9onmgx.js                [39m[1m[2m114.97 kB[22m[1m[22m[2m ‚îÇ gzip:  33.94 kB[22m
2025-09-04T05:27:56.5277622Z [2m../dist/public/[22m[2massets/[22m[36mvendor-Z2Iecplj.js                          [39m[1m[2m139.45 kB[22m[1m[22m[2m ‚îÇ gzip:  45.11 kB[22m
2025-09-04T05:27:56.5279310Z [2m../dist/public/[22m[2massets/[22m[36mMarket-BUAVdvB2.js                          [39m[1m[2m144.95 kB[22m[1m[22m[2m ‚îÇ gzip:  34.46 kB[22m
2025-09-04T05:27:56.5280994Z [2m../dist/public/[22m[2massets/[22m[36mDashboard-Ck2TJ8a5.js                       [39m[1m[2m168.68 kB[22m[1m[22m[2m ‚îÇ gzip:  49.07 kB[22m
2025-09-04T05:27:56.5282643Z [2m../dist/public/[22m[2massets/[22m[36mindex-BFrOBWs3.js                           [39m[1m[33m775.48 kB[39m[22m[2m ‚îÇ gzip: 210.58 kB[22m
2025-09-04T05:27:56.5283731Z [32m‚úì built in 22.10s[39m
2025-09-04T05:27:56.6220351Z 
2025-09-04T05:27:56.6222534Z > rest-express@1.0.0 postbuild
2025-09-04T05:27:56.6226213Z > cp -r public dist/ && cp -r shared dist/
2025-09-04T05:27:56.6226574Z 
2025-09-04T05:27:56.6335047Z ‚úÖ CLIENT BUILD: Ready for deployment
2025-09-04T05:27:56.6382753Z ##[group]Run echo "üöÄ Validating deployment-critical files..."
2025-09-04T05:27:56.6383238Z [36;1mecho "üöÄ Validating deployment-critical files..."[0m
2025-09-04T05:27:56.6383548Z [36;1m[0m
2025-09-04T05:27:56.6383727Z [36;1mCRITICAL_FILES=([0m
2025-09-04T05:27:56.6384008Z [36;1m  "Dockerfile.step7-unified-fixed"[0m
2025-09-04T05:27:56.6384298Z [36;1m  "package.json"[0m
2025-09-04T05:27:56.6384529Z [36;1m  "prisma/schema.prisma"[0m
2025-09-04T05:27:56.6384802Z [36;1m  "server-step7-unified.js"[0m
2025-09-04T05:27:56.6385062Z [36;1m  "server/database.ts"[0m
2025-09-04T05:27:56.6385288Z [36;1m  "server/db.ts"[0m
2025-09-04T05:27:56.6385564Z [36;1m  ".github/workflows/deploy-step7-unified.yml"[0m
2025-09-04T05:27:56.6385893Z [36;1m  "cloudbuild-deployment.yaml"[0m
2025-09-04T05:27:56.6386147Z [36;1m)[0m
2025-09-04T05:27:56.6386311Z [36;1m[0m
2025-09-04T05:27:56.6386484Z [36;1mMISSING_FILES=0[0m
2025-09-04T05:27:56.6386772Z [36;1mecho "üìã Checking critical deployment files:"[0m
2025-09-04T05:27:56.6387045Z [36;1m[0m
2025-09-04T05:27:56.6387236Z [36;1mfor file in "${CRITICAL_FILES[@]}"; do[0m
2025-09-04T05:27:56.6387829Z [36;1m  if [ -f "$file" ]; then[0m
2025-09-04T05:27:56.6388078Z [36;1m    echo "  ‚úÖ $file"[0m
2025-09-04T05:27:56.6388479Z [36;1m  else[0m
2025-09-04T05:27:56.6388676Z [36;1m    echo "  ‚ùå MISSING: $file"[0m
2025-09-04T05:27:56.6388947Z [36;1m    MISSING_FILES=$((MISSING_FILES + 1))[0m
2025-09-04T05:27:56.6389198Z [36;1m  fi[0m
2025-09-04T05:27:56.6389371Z [36;1mdone[0m
2025-09-04T05:27:56.6389541Z [36;1m[0m
2025-09-04T05:27:56.6389778Z [36;1mecho "missing_files=$MISSING_FILES" >> $GITHUB_OUTPUT[0m
2025-09-04T05:27:56.6390067Z [36;1m[0m
2025-09-04T05:27:56.6390256Z [36;1mif [ "$MISSING_FILES" -eq "0" ]; then[0m
2025-09-04T05:27:56.6390570Z [36;1m  echo "‚úÖ ALL DEPLOYMENT FILES: Present and ready"[0m
2025-09-04T05:27:56.6390912Z [36;1m  echo "files_status=complete" >> $GITHUB_OUTPUT[0m
2025-09-04T05:27:56.6391192Z [36;1melse[0m
2025-09-04T05:27:56.6391467Z [36;1m  echo "‚ùå DEPLOYMENT FILES: $MISSING_FILES missing critical files"[0m
2025-09-04T05:27:56.6391845Z [36;1m  echo "files_status=incomplete" >> $GITHUB_OUTPUT[0m
2025-09-04T05:27:56.6392122Z [36;1mfi[0m
2025-09-04T05:27:56.6421591Z shell: /usr/bin/bash -e {0}
2025-09-04T05:27:56.6421836Z env:
2025-09-04T05:27:56.6422013Z   NODE_VERSION: 20
2025-09-04T05:27:56.6422234Z   PROJECT_ID: direct-glider-465821-p7
2025-09-04T05:27:56.6422505Z   REGION: us-central1
2025-09-04T05:27:56.6422728Z   SERVICE_NAME: realm-rivalry-unified
2025-09-04T05:27:56.6422979Z ##[endgroup]
2025-09-04T05:27:56.6470646Z üöÄ Validating deployment-critical files...
2025-09-04T05:27:56.6472058Z üìã Checking critical deployment files:
2025-09-04T05:27:56.6474125Z   ‚úÖ Dockerfile.step7-unified-fixed
2025-09-04T05:27:56.6474807Z   ‚úÖ package.json
2025-09-04T05:27:56.6475232Z   ‚úÖ prisma/schema.prisma
2025-09-04T05:27:56.6477516Z   ‚úÖ server-step7-unified.js
2025-09-04T05:27:56.6478214Z   ‚úÖ server/database.ts
2025-09-04T05:27:56.6479608Z   ‚úÖ server/db.ts
2025-09-04T05:27:56.6481541Z   ‚úÖ .github/workflows/deploy-step7-unified.yml
2025-09-04T05:27:56.6485548Z   ‚úÖ cloudbuild-deployment.yaml
2025-09-04T05:27:56.6486244Z ‚úÖ ALL DEPLOYMENT FILES: Present and ready
2025-09-04T05:27:56.6511228Z ##[group]Run echo "üîß Checking deployment environment configuration..."
2025-09-04T05:27:56.6511732Z [36;1mecho "üîß Checking deployment environment configuration..."[0m
2025-09-04T05:27:56.6512059Z [36;1m[0m
2025-09-04T05:27:56.6512328Z [36;1m# Check if deployment workflow has required secrets configured[0m
2025-09-04T05:27:56.6512663Z [36;1mREQUIRED_SECRETS=([0m
2025-09-04T05:27:56.6512901Z [36;1m  "GOOGLE_SERVICE_ACCOUNT_KEY"[0m
2025-09-04T05:27:56.6513143Z [36;1m  "DATABASE_URL"[0m
2025-09-04T05:27:56.6513365Z [36;1m  "SESSION_SECRET" [0m
2025-09-04T05:27:56.6513602Z [36;1m  "VITE_FIREBASE_API_KEY"[0m
2025-09-04T05:27:56.6513847Z [36;1m  "VITE_FIREBASE_PROJECT_ID"[0m
2025-09-04T05:27:56.6514099Z [36;1m  "VITE_FIREBASE_APP_ID"[0m
2025-09-04T05:27:56.6514320Z [36;1m)[0m
2025-09-04T05:27:56.6514496Z [36;1m[0m
2025-09-04T05:27:56.6514696Z [36;1mecho "üìã Required deployment secrets:"[0m
2025-09-04T05:27:56.6514969Z [36;1mSECRET_WARNINGS=0[0m
2025-09-04T05:27:56.6515213Z [36;1m[0m
2025-09-04T05:27:56.6515550Z [36;1m# Note: We can't actually check secret values in Actions, but we can check the workflow file[0m
2025-09-04T05:27:56.6516045Z [36;1mWORKFLOW_FILE=".github/workflows/deploy-step7-unified.yml"[0m
2025-09-04T05:27:56.6516414Z [36;1m[0m
2025-09-04T05:27:56.6516624Z [36;1mfor secret in "${REQUIRED_SECRETS[@]}"; do[0m
2025-09-04T05:27:56.6516950Z [36;1m  if grep -q "$secret" "$WORKFLOW_FILE"; then[0m
2025-09-04T05:27:56.6517272Z [36;1m    echo "  ‚úÖ $secret (referenced in workflow)"[0m
2025-09-04T05:27:56.6517843Z [36;1m  else[0m
2025-09-04T05:27:56.6518080Z [36;1m    echo "  ‚ö†Ô∏è $secret (not found in workflow)"[0m
2025-09-04T05:27:56.6518388Z [36;1m    SECRET_WARNINGS=$((SECRET_WARNINGS + 1))[0m
2025-09-04T05:27:56.6518649Z [36;1m  fi[0m
2025-09-04T05:27:56.6518820Z [36;1mdone[0m
2025-09-04T05:27:56.6518988Z [36;1m[0m
2025-09-04T05:27:56.6519242Z [36;1mecho "secret_warnings=$SECRET_WARNINGS" >> $GITHUB_OUTPUT[0m
2025-09-04T05:27:56.6519738Z [36;1m[0m
2025-09-04T05:27:56.6519941Z [36;1mif [ "$SECRET_WARNINGS" -eq "0" ]; then[0m
2025-09-04T05:27:56.6520251Z [36;1m  echo "env_config=complete" >> $GITHUB_OUTPUT[0m
2025-09-04T05:27:56.6520515Z [36;1melse[0m
2025-09-04T05:27:56.6520729Z [36;1m  echo "env_config=warnings" >> $GITHUB_OUTPUT[0m
2025-09-04T05:27:56.6520994Z [36;1mfi[0m
2025-09-04T05:27:56.6547645Z shell: /usr/bin/bash -e {0}
2025-09-04T05:27:56.6547922Z env:
2025-09-04T05:27:56.6548097Z   NODE_VERSION: 20
2025-09-04T05:27:56.6548323Z   PROJECT_ID: direct-glider-465821-p7
2025-09-04T05:27:56.6548598Z   REGION: us-central1
2025-09-04T05:27:56.6548824Z   SERVICE_NAME: realm-rivalry-unified
2025-09-04T05:27:56.6549068Z ##[endgroup]
2025-09-04T05:27:56.6595133Z üîß Checking deployment environment configuration...
2025-09-04T05:27:56.6596765Z üìã Required deployment secrets:
2025-09-04T05:27:56.6611079Z   ‚úÖ GOOGLE_SERVICE_ACCOUNT_KEY (referenced in workflow)
2025-09-04T05:27:56.6624434Z   ‚úÖ DATABASE_URL (referenced in workflow)
2025-09-04T05:27:56.6637818Z   ‚úÖ SESSION_SECRET (referenced in workflow)
2025-09-04T05:27:56.6651181Z   ‚úÖ VITE_FIREBASE_API_KEY (referenced in workflow)
2025-09-04T05:27:56.6663889Z   ‚úÖ VITE_FIREBASE_PROJECT_ID (referenced in workflow)
2025-09-04T05:27:56.6676771Z   ‚úÖ VITE_FIREBASE_APP_ID (referenced in workflow)
2025-09-04T05:27:56.6704828Z ##[group]Run echo "üê≥ Testing Docker build process..."
2025-09-04T05:27:56.6705226Z [36;1mecho "üê≥ Testing Docker build process..."[0m
2025-09-04T05:27:56.6705500Z [36;1m[0m
2025-09-04T05:27:56.6705724Z [36;1m# Check if Dockerfile exists (updated name)[0m
2025-09-04T05:27:56.6706062Z [36;1mif [ ! -f "Dockerfile.step7-unified-fixed" ]; then[0m
2025-09-04T05:27:56.6706446Z [36;1m  echo "‚ùå DOCKER: Dockerfile.step7-unified-fixed not found"[0m
2025-09-04T05:27:56.6706853Z [36;1m  echo "docker_status=missing_dockerfile" >> $GITHUB_OUTPUT[0m
2025-09-04T05:27:56.6707159Z [36;1m  exit 0[0m
2025-09-04T05:27:56.6707580Z [36;1mfi[0m
2025-09-04T05:27:56.6707827Z [36;1m[0m
2025-09-04T05:27:56.6708044Z [36;1m# Test Docker build (without pushing)[0m
2025-09-04T05:27:56.6708373Z [36;1mecho "üèóÔ∏è Testing multi-stage Docker build..."[0m
2025-09-04T05:27:56.6708650Z [36;1m[0m
2025-09-04T05:27:56.6708971Z [36;1m# Use dummy values for build args since we're just testing the build process[0m
2025-09-04T05:27:56.6709340Z [36;1mif docker build \[0m
2025-09-04T05:27:56.6709600Z [36;1m  -f Dockerfile.step7-unified-fixed \[0m
2025-09-04T05:27:56.6710207Z [36;1m  --build-arg VITE_FIREBASE_API_KEY="test" \[0m
2025-09-04T05:27:56.6710747Z [36;1m  --build-arg VITE_FIREBASE_PROJECT_ID="test" \[0m
2025-09-04T05:27:56.6711314Z [36;1m  --build-arg VITE_FIREBASE_APP_ID="test" \[0m
2025-09-04T05:27:56.6711818Z [36;1m  -t deployment-test:latest \[0m
2025-09-04T05:27:56.6712240Z [36;1m  .; then[0m
2025-09-04T05:27:56.6712603Z [36;1m  echo "‚úÖ DOCKER BUILD: Successful"[0m
2025-09-04T05:27:56.6713120Z [36;1m  echo "docker_status=success" >> $GITHUB_OUTPUT[0m
2025-09-04T05:27:56.6713556Z [36;1m  [0m
2025-09-04T05:27:56.6713849Z [36;1m  # Clean up test image[0m
2025-09-04T05:27:56.6714309Z [36;1m  docker rmi deployment-test:latest || true[0m
2025-09-04T05:27:56.6714776Z [36;1melse[0m
2025-09-04T05:27:56.6715106Z [36;1m  echo "‚ùå DOCKER BUILD: Failed"[0m
2025-09-04T05:27:56.6715580Z [36;1m  echo "docker_status=failed" >> $GITHUB_OUTPUT[0m
2025-09-04T05:27:56.6716039Z [36;1mfi[0m
2025-09-04T05:27:56.6746678Z shell: /usr/bin/bash -e {0}
2025-09-04T05:27:56.6746925Z env:
2025-09-04T05:27:56.6747104Z   NODE_VERSION: 20
2025-09-04T05:27:56.6747515Z   PROJECT_ID: direct-glider-465821-p7
2025-09-04T05:27:56.6747809Z   REGION: us-central1
2025-09-04T05:27:56.6748033Z   SERVICE_NAME: realm-rivalry-unified
2025-09-04T05:27:56.6748272Z ##[endgroup]
2025-09-04T05:27:56.6794620Z üê≥ Testing Docker build process...
2025-09-04T05:27:56.6795538Z üèóÔ∏è Testing multi-stage Docker build...
2025-09-04T05:27:57.0653357Z #0 building with "default" instance using docker driver
2025-09-04T05:27:57.0655629Z 
2025-09-04T05:27:57.0656210Z #1 [internal] load build definition from Dockerfile.step7-unified-fixed
2025-09-04T05:27:57.0657067Z #1 transferring dockerfile: 3.52kB done
2025-09-04T05:27:57.0657927Z #1 DONE 0.0s
2025-09-04T05:27:57.0658153Z 
2025-09-04T05:27:57.0658593Z #2 [auth] library/node:pull token for registry-1.docker.io
2025-09-04T05:27:57.0659255Z #2 DONE 0.0s
2025-09-04T05:27:57.0659455Z 
2025-09-04T05:27:57.0659908Z #3 [internal] load metadata for docker.io/library/node:20-slim
2025-09-04T05:27:57.1660008Z #3 DONE 0.3s
2025-09-04T05:27:57.3123387Z 
2025-09-04T05:27:57.3124782Z #4 [internal] load .dockerignore
2025-09-04T05:27:57.3144465Z #4 transferring context: 493B done
2025-09-04T05:27:57.3146488Z #4 DONE 0.0s
2025-09-04T05:27:57.3146905Z 
2025-09-04T05:27:57.3148478Z #5 [frontend-builder 1/9] FROM docker.io/library/node:20-slim@sha256:a43bd144ba70fc15461d202dfe045c568f21c3cb71a563eec400a5d78e6e8a0a
2025-09-04T05:27:57.3153630Z #5 resolve docker.io/library/node:20-slim@sha256:a43bd144ba70fc15461d202dfe045c568f21c3cb71a563eec400a5d78e6e8a0a done
2025-09-04T05:27:57.3159440Z #5 sha256:82f479b3adf1c8d226a34128d0958c8e5aa6e5e0922967c854640721791b1407 1.93kB / 1.93kB done
2025-09-04T05:27:57.3161291Z #5 sha256:9f72c1d09f38f48d3b441ebc6202dd18f805874e34f5ab6ceb41d208e4d52788 6.79kB / 6.79kB done
2025-09-04T05:27:57.3172749Z #5 sha256:b1badc6e50664185acfaa0ca255d8076061c2a9d881cecaaad281ae11af000ce 14.68MB / 28.23MB 0.1s
2025-09-04T05:27:57.3188448Z #5 sha256:8b4733cb89761b11d3b538fd74d6219198e0dd771200912407122d14b2670815 3.31kB / 3.31kB 0.1s done
2025-09-04T05:27:57.3190860Z #5 sha256:8da230fee1a10de928e261cc92d3372d190cd29ea0e6f71177a6987a382b87e4 0B / 40.98MB 0.1s
2025-09-04T05:27:57.3192195Z #5 sha256:edf37311b43e9505cacdcd82aa37169cc3f42aacb75a163605e9092ba8bdf11d 0B / 1.71MB 0.1s
2025-09-04T05:27:57.3194708Z #5 sha256:a43bd144ba70fc15461d202dfe045c568f21c3cb71a563eec400a5d78e6e8a0a 6.49kB / 6.49kB done
2025-09-04T05:27:57.4347972Z #5 sha256:b1badc6e50664185acfaa0ca255d8076061c2a9d881cecaaad281ae11af000ce 28.23MB / 28.23MB 0.2s done
2025-09-04T05:27:57.4349521Z #5 sha256:8da230fee1a10de928e261cc92d3372d190cd29ea0e6f71177a6987a382b87e4 13.63MB / 40.98MB 0.2s
2025-09-04T05:27:57.4350959Z #5 sha256:edf37311b43e9505cacdcd82aa37169cc3f42aacb75a163605e9092ba8bdf11d 1.71MB / 1.71MB 0.2s done
2025-09-04T05:27:57.4352341Z #5 sha256:44d3f25a0e331e1f50f1b678c3a29ae5279356d8999e87b4d7d8e95aaa11c9d3 0B / 450B 0.2s
2025-09-04T05:27:57.4353607Z #5 extracting sha256:b1badc6e50664185acfaa0ca255d8076061c2a9d881cecaaad281ae11af000ce
2025-09-04T05:27:57.5463193Z #5 sha256:8da230fee1a10de928e261cc92d3372d190cd29ea0e6f71177a6987a382b87e4 27.26MB / 40.98MB 0.3s
2025-09-04T05:27:57.5465326Z #5 sha256:44d3f25a0e331e1f50f1b678c3a29ae5279356d8999e87b4d7d8e95aaa11c9d3 450B / 450B 0.2s done
2025-09-04T05:27:57.6531461Z #5 sha256:8da230fee1a10de928e261cc92d3372d190cd29ea0e6f71177a6987a382b87e4 40.98MB / 40.98MB 0.4s
2025-09-04T05:27:57.7553010Z #5 sha256:8da230fee1a10de928e261cc92d3372d190cd29ea0e6f71177a6987a382b87e4 40.98MB / 40.98MB 0.4s done
2025-09-04T05:27:58.2921663Z #5 ...
2025-09-04T05:27:58.2921896Z 
2025-09-04T05:27:58.2922150Z #6 [internal] load build context
2025-09-04T05:27:58.2922741Z #6 transferring context: 114.89MB 1.1s done
2025-09-04T05:27:58.2923199Z #6 DONE 1.1s
2025-09-04T05:27:58.2923392Z 
2025-09-04T05:27:58.2924380Z #5 [frontend-builder 1/9] FROM docker.io/library/node:20-slim@sha256:a43bd144ba70fc15461d202dfe045c568f21c3cb71a563eec400a5d78e6e8a0a
2025-09-04T05:27:59.2651306Z #5 extracting sha256:b1badc6e50664185acfaa0ca255d8076061c2a9d881cecaaad281ae11af000ce 1.8s done
2025-09-04T05:27:59.4408151Z #5 extracting sha256:8b4733cb89761b11d3b538fd74d6219198e0dd771200912407122d14b2670815 done
2025-09-04T05:28:00.1908043Z #5 extracting sha256:8da230fee1a10de928e261cc92d3372d190cd29ea0e6f71177a6987a382b87e4
2025-09-04T05:28:01.5427646Z #5 extracting sha256:8da230fee1a10de928e261cc92d3372d190cd29ea0e6f71177a6987a382b87e4 1.2s done
2025-09-04T05:28:01.7723894Z #5 extracting sha256:edf37311b43e9505cacdcd82aa37169cc3f42aacb75a163605e9092ba8bdf11d
2025-09-04T05:28:01.8747656Z #5 extracting sha256:edf37311b43e9505cacdcd82aa37169cc3f42aacb75a163605e9092ba8bdf11d 0.0s done
2025-09-04T05:28:01.8749057Z #5 extracting sha256:44d3f25a0e331e1f50f1b678c3a29ae5279356d8999e87b4d7d8e95aaa11c9d3 done
2025-09-04T05:28:01.8749851Z #5 DONE 4.7s
2025-09-04T05:28:02.0270649Z 
2025-09-04T05:28:02.0273731Z #7 [production  2/11] RUN apt-get update && apt-get install -y     curl     dumb-init     openssl     ca-certificates     && rm -rf /var/lib/apt/lists/*     && apt-get clean     && groupadd -r nodeuser && useradd -r -g nodeuser nodeuser
2025-09-04T05:28:02.1116475Z #7 0.234 Get:1 http://deb.debian.org/debian bookworm InRelease [151 kB]
2025-09-04T05:28:02.3473297Z #7 0.246 Get:2 http://deb.debian.org/debian bookworm-updates InRelease [55.4 kB]
2025-09-04T05:28:02.3474708Z #7 0.246 Get:3 http://deb.debian.org/debian-security bookworm-security InRelease [48.0 kB]
2025-09-04T05:28:02.3475971Z #7 0.326 Get:4 http://deb.debian.org/debian bookworm/main amd64 Packages [8793 kB]
2025-09-04T05:28:02.3477211Z #7 0.471 Get:5 http://deb.debian.org/debian bookworm-updates/main amd64 Packages [6924 B]
2025-09-04T05:28:02.4714758Z #7 0.595 Get:6 http://deb.debian.org/debian-security bookworm-security/main amd64 Packages [277 kB]
2025-09-04T05:28:03.3552152Z #7 1.479 Fetched 9331 kB in 1s (7435 kB/s)
2025-09-04T05:28:03.9714152Z #7 1.479 Reading package lists...
2025-09-04T05:28:04.6153566Z #7 2.121 Reading package lists...
2025-09-04T05:28:04.7794672Z #7 2.756 Building dependency tree...
2025-09-04T05:28:04.9158248Z #7 2.903 Reading state information...
2025-09-04T05:28:04.9161556Z #7 3.039 The following additional packages will be installed:
2025-09-04T05:28:04.9163953Z #7 3.039   krb5-locales libbrotli1 libcurl4 libgssapi-krb5-2 libk5crypto3 libkeyutils1
2025-09-04T05:28:04.9164982Z #7 3.039   libkrb5-3 libkrb5support0 libldap-2.5-0 libldap-common libnghttp2-14 libpsl5
2025-09-04T05:28:04.9165974Z #7 3.039   librtmp1 libsasl2-2 libsasl2-modules libsasl2-modules-db libssh2-1 libssl3
2025-09-04T05:28:04.9166647Z #7 3.039   publicsuffix
2025-09-04T05:28:04.9167018Z #7 3.039 Suggested packages:
2025-09-04T05:28:04.9167754Z #7 3.039   krb5-doc krb5-user libsasl2-modules-gssapi-mit
2025-09-04T05:28:04.9168641Z #7 3.039   | libsasl2-modules-gssapi-heimdal libsasl2-modules-ldap libsasl2-modules-otp
2025-09-04T05:28:04.9169360Z #7 3.039   libsasl2-modules-sql
2025-09-04T05:28:05.0988566Z #7 3.222 The following NEW packages will be installed:
2025-09-04T05:28:05.1999395Z #7 3.224   ca-certificates curl dumb-init krb5-locales libbrotli1 libcurl4
2025-09-04T05:28:05.2000479Z #7 3.226   libgssapi-krb5-2 libk5crypto3 libkeyutils1 libkrb5-3 libkrb5support0
2025-09-04T05:28:05.2001477Z #7 3.226   libldap-2.5-0 libldap-common libnghttp2-14 libpsl5 librtmp1 libsasl2-2
2025-09-04T05:28:05.2002520Z #7 3.226   libsasl2-modules libsasl2-modules-db libssh2-1 libssl3 openssl publicsuffix
2025-09-04T05:28:05.2003518Z #7 3.271 0 upgraded, 23 newly installed, 0 to remove and 0 not upgraded.
2025-09-04T05:28:05.2004239Z #7 3.271 Need to get 6116 kB of archives.
2025-09-04T05:28:05.2004984Z #7 3.271 After this operation, 15.8 MB of additional disk space will be used.
2025-09-04T05:28:05.2006297Z #7 3.271 Get:1 http://deb.debian.org/debian bookworm-updates/main amd64 libssl3 amd64 3.0.17-1~deb12u2 [2027 kB]
2025-09-04T05:28:05.2008023Z #7 3.314 Get:2 http://deb.debian.org/debian bookworm-updates/main amd64 openssl amd64 3.0.17-1~deb12u2 [1430 kB]
2025-09-04T05:28:05.2009544Z #7 3.320 Get:3 http://deb.debian.org/debian bookworm-updates/main amd64 ca-certificates all 20230311+deb12u1 [155 kB]
2025-09-04T05:28:05.2010876Z #7 3.320 Get:4 http://deb.debian.org/debian bookworm/main amd64 krb5-locales all 1.20.1-2+deb12u3 [63.1 kB]
2025-09-04T05:28:05.2012073Z #7 3.322 Get:5 http://deb.debian.org/debian bookworm/main amd64 libbrotli1 amd64 1.0.9-2+b6 [275 kB]
2025-09-04T05:28:05.2013395Z #7 3.324 Get:6 http://deb.debian.org/debian bookworm/main amd64 libkrb5support0 amd64 1.20.1-2+deb12u3 [32.8 kB]
2025-09-04T05:28:05.3555964Z #7 3.326 Get:7 http://deb.debian.org/debian bookworm/main amd64 libk5crypto3 amd64 1.20.1-2+deb12u3 [78.9 kB]
2025-09-04T05:28:05.3557499Z #7 3.326 Get:8 http://deb.debian.org/debian bookworm/main amd64 libkeyutils1 amd64 1.6.3-2 [8808 B]
2025-09-04T05:28:05.3558763Z #7 3.327 Get:9 http://deb.debian.org/debian bookworm/main amd64 libkrb5-3 amd64 1.20.1-2+deb12u3 [332 kB]
2025-09-04T05:28:05.3560016Z #7 3.330 Get:10 http://deb.debian.org/debian bookworm/main amd64 libgssapi-krb5-2 amd64 1.20.1-2+deb12u3 [135 kB]
2025-09-04T05:28:05.3561334Z #7 3.331 Get:11 http://deb.debian.org/debian bookworm/main amd64 libsasl2-modules-db amd64 2.1.28+dfsg-10 [20.3 kB]
2025-09-04T05:28:05.3562605Z #7 3.331 Get:12 http://deb.debian.org/debian bookworm/main amd64 libsasl2-2 amd64 2.1.28+dfsg-10 [59.7 kB]
2025-09-04T05:28:05.3563810Z #7 3.334 Get:13 http://deb.debian.org/debian bookworm/main amd64 libldap-2.5-0 amd64 2.5.13+dfsg-5 [183 kB]
2025-09-04T05:28:05.3565124Z #7 3.336 Get:14 http://deb.debian.org/debian bookworm/main amd64 libnghttp2-14 amd64 1.52.0-1+deb12u2 [73.0 kB]
2025-09-04T05:28:05.3566360Z #7 3.336 Get:15 http://deb.debian.org/debian bookworm/main amd64 libpsl5 amd64 0.21.2-1 [58.7 kB]
2025-09-04T05:28:05.3568146Z #7 3.340 Get:16 http://deb.debian.org/debian bookworm/main amd64 librtmp1 amd64 2.4+20151223.gitfa8646d.1-2+b2 [60.8 kB]
2025-09-04T05:28:05.3569468Z #7 3.341 Get:17 http://deb.debian.org/debian bookworm/main amd64 libssh2-1 amd64 1.10.0-3+b1 [179 kB]
2025-09-04T05:28:05.3570734Z #7 3.343 Get:18 http://deb.debian.org/debian bookworm/main amd64 libcurl4 amd64 7.88.1-10+deb12u12 [391 kB]
2025-09-04T05:28:05.3571958Z #7 3.345 Get:19 http://deb.debian.org/debian bookworm/main amd64 curl amd64 7.88.1-10+deb12u12 [315 kB]
2025-09-04T05:28:05.3573187Z #7 3.348 Get:20 http://deb.debian.org/debian bookworm/main amd64 dumb-init amd64 1.2.5-2 [14.1 kB]
2025-09-04T05:28:05.3574456Z #7 3.348 Get:21 http://deb.debian.org/debian bookworm/main amd64 libldap-common all 2.5.13+dfsg-5 [29.3 kB]
2025-09-04T05:28:05.3575820Z #7 3.350 Get:22 http://deb.debian.org/debian bookworm/main amd64 libsasl2-modules amd64 2.1.28+dfsg-10 [66.6 kB]
2025-09-04T05:28:05.3577145Z #7 3.350 Get:23 http://deb.debian.org/debian bookworm/main amd64 publicsuffix all 20230209.2326-1 [126 kB]
2025-09-04T05:28:05.3599817Z #7 3.479 debconf: delaying package configuration, since apt-utils is not installed
2025-09-04T05:28:05.5682510Z #7 3.508 Fetched 6116 kB in 0s (51.7 MB/s)
2025-09-04T05:28:05.5683300Z #7 3.529 Selecting previously unselected package libssl3:amd64.
2025-09-04T05:28:05.5685728Z #7 3.529 (Reading database ... 
2025-09-04T05:28:05.5686862Z (Reading database ... 5%
2025-09-04T05:28:05.5713498Z (Reading database ... 10%
2025-09-04T05:28:05.5715036Z (Reading database ... 15%
2025-09-04T05:28:05.5719012Z (Reading database ... 20%
2025-09-04T05:28:05.5719597Z (Reading database ... 25%
2025-09-04T05:28:05.5720940Z (Reading database ... 30%
2025-09-04T05:28:05.5721367Z (Reading database ... 35%
2025-09-04T05:28:05.5721803Z (Reading database ... 40%
2025-09-04T05:28:05.5722203Z (Reading database ... 45%
2025-09-04T05:28:05.5722609Z (Reading database ... 50%
2025-09-04T05:28:05.5723008Z (Reading database ... 55%
2025-09-04T05:28:05.5723406Z (Reading database ... 60%
2025-09-04T05:28:05.5723803Z (Reading database ... 65%
2025-09-04T05:28:05.5724216Z (Reading database ... 70%
2025-09-04T05:28:05.5724613Z (Reading database ... 75%
2025-09-04T05:28:05.5725020Z (Reading database ... 80%
2025-09-04T05:28:05.5725420Z (Reading database ... 85%
2025-09-04T05:28:05.5725820Z (Reading database ... 90%
2025-09-04T05:28:05.5726217Z (Reading database ... 95%
2025-09-04T05:28:05.5726622Z (Reading database ... 100%
2025-09-04T05:28:05.5727587Z (Reading database ... 6089 files and directories currently installed.)
2025-09-04T05:28:05.5728562Z #7 3.538 Preparing to unpack .../00-libssl3_3.0.17-1~deb12u2_amd64.deb ...
2025-09-04T05:28:05.5729390Z #7 3.542 Unpacking libssl3:amd64 (3.0.17-1~deb12u2) ...
2025-09-04T05:28:05.6416035Z #7 3.765 Selecting previously unselected package openssl.
2025-09-04T05:28:05.6419416Z #7 3.765 Preparing to unpack .../01-openssl_3.0.17-1~deb12u2_amd64.deb ...
2025-09-04T05:28:05.7432476Z #7 3.767 Unpacking openssl (3.0.17-1~deb12u2) ...
2025-09-04T05:28:05.8459562Z #7 3.917 Selecting previously unselected package ca-certificates.
2025-09-04T05:28:05.8467996Z #7 3.918 Preparing to unpack .../02-ca-certificates_20230311+deb12u1_all.deb ...
2025-09-04T05:28:05.8469159Z #7 3.922 Unpacking ca-certificates (20230311+deb12u1) ...
2025-09-04T05:28:05.9620007Z #7 4.002 Selecting previously unselected package krb5-locales.
2025-09-04T05:28:05.9620933Z #7 4.002 Preparing to unpack .../03-krb5-locales_1.20.1-2+deb12u3_all.deb ...
2025-09-04T05:28:05.9621699Z #7 4.005 Unpacking krb5-locales (1.20.1-2+deb12u3) ...
2025-09-04T05:28:05.9622449Z #7 4.032 Selecting previously unselected package libbrotli1:amd64.
2025-09-04T05:28:05.9623358Z #7 4.034 Preparing to unpack .../04-libbrotli1_1.0.9-2+b6_amd64.deb ...
2025-09-04T05:28:05.9624110Z #7 4.037 Unpacking libbrotli1:amd64 (1.0.9-2+b6) ...
2025-09-04T05:28:06.1178896Z #7 4.105 Selecting previously unselected package libkrb5support0:amd64.
2025-09-04T05:28:06.1180359Z #7 4.107 Preparing to unpack .../05-libkrb5support0_1.20.1-2+deb12u3_amd64.deb ...
2025-09-04T05:28:06.1181673Z #7 4.109 Unpacking libkrb5support0:amd64 (1.20.1-2+deb12u3) ...
2025-09-04T05:28:06.1182705Z #7 4.137 Selecting previously unselected package libk5crypto3:amd64.
2025-09-04T05:28:06.1183777Z #7 4.139 Preparing to unpack .../06-libk5crypto3_1.20.1-2+deb12u3_amd64.deb ...
2025-09-04T05:28:06.1185572Z #7 4.140 Unpacking libk5crypto3:amd64 (1.20.1-2+deb12u3) ...
2025-09-04T05:28:06.1186402Z #7 4.181 Selecting previously unselected package libkeyutils1:amd64.
2025-09-04T05:28:06.1187275Z #7 4.181 Preparing to unpack .../07-libkeyutils1_1.6.3-2_amd64.deb ...
2025-09-04T05:28:06.1188313Z #7 4.182 Unpacking libkeyutils1:amd64 (1.6.3-2) ...
2025-09-04T05:28:06.2164557Z #7 4.239 Selecting previously unselected package libkrb5-3:amd64.
2025-09-04T05:28:06.2166644Z #7 4.243 Preparing to unpack .../08-libkrb5-3_1.20.1-2+deb12u3_amd64.deb ...
2025-09-04T05:28:06.2167666Z #7 4.253 Unpacking libkrb5-3:amd64 (1.20.1-2+deb12u3) ...
2025-09-04T05:28:06.2168488Z #7 4.339 Selecting previously unselected package libgssapi-krb5-2:amd64.
2025-09-04T05:28:06.3186629Z #7 4.343 Preparing to unpack .../09-libgssapi-krb5-2_1.20.1-2+deb12u3_amd64.deb ...
2025-09-04T05:28:06.3199665Z #7 4.346 Unpacking libgssapi-krb5-2:amd64 (1.20.1-2+deb12u3) ...
2025-09-04T05:28:06.3200734Z #7 4.384 Selecting previously unselected package libsasl2-modules-db:amd64.
2025-09-04T05:28:06.3201853Z #7 4.388 Preparing to unpack .../10-libsasl2-modules-db_2.1.28+dfsg-10_amd64.deb ...
2025-09-04T05:28:06.3202812Z #7 4.390 Unpacking libsasl2-modules-db:amd64 (2.1.28+dfsg-10) ...
2025-09-04T05:28:06.3203645Z #7 4.421 Selecting previously unselected package libsasl2-2:amd64.
2025-09-04T05:28:06.3204529Z #7 4.422 Preparing to unpack .../11-libsasl2-2_2.1.28+dfsg-10_amd64.deb ...
2025-09-04T05:28:06.3205345Z #7 4.425 Unpacking libsasl2-2:amd64 (2.1.28+dfsg-10) ...
2025-09-04T05:28:06.4353532Z #7 4.455 Selecting previously unselected package libldap-2.5-0:amd64.
2025-09-04T05:28:06.4356919Z #7 4.457 Preparing to unpack .../12-libldap-2.5-0_2.5.13+dfsg-5_amd64.deb ...
2025-09-04T05:28:06.4357996Z #7 4.459 Unpacking libldap-2.5-0:amd64 (2.5.13+dfsg-5) ...
2025-09-04T05:28:06.4359171Z #7 4.505 Selecting previously unselected package libnghttp2-14:amd64.
2025-09-04T05:28:06.4378085Z #7 4.505 Preparing to unpack .../13-libnghttp2-14_1.52.0-1+deb12u2_amd64.deb ...
2025-09-04T05:28:06.4378977Z #7 4.507 Unpacking libnghttp2-14:amd64 (1.52.0-1+deb12u2) ...
2025-09-04T05:28:06.4379765Z #7 4.531 Selecting previously unselected package libpsl5:amd64.
2025-09-04T05:28:06.4380576Z #7 4.531 Preparing to unpack .../14-libpsl5_0.21.2-1_amd64.deb ...
2025-09-04T05:28:06.4381248Z #7 4.534 Unpacking libpsl5:amd64 (0.21.2-1) ...
2025-09-04T05:28:06.4381964Z #7 4.558 Selecting previously unselected package librtmp1:amd64.
2025-09-04T05:28:06.5480891Z #7 4.558 Preparing to unpack .../15-librtmp1_2.4+20151223.gitfa8646d.1-2+b2_amd64.deb ...
2025-09-04T05:28:06.5482923Z #7 4.561 Unpacking librtmp1:amd64 (2.4+20151223.gitfa8646d.1-2+b2) ...
2025-09-04T05:28:06.5483862Z #7 4.591 Selecting previously unselected package libssh2-1:amd64.
2025-09-04T05:28:06.5484870Z #7 4.591 Preparing to unpack .../16-libssh2-1_1.10.0-3+b1_amd64.deb ...
2025-09-04T05:28:06.5485657Z #7 4.593 Unpacking libssh2-1:amd64 (1.10.0-3+b1) ...
2025-09-04T05:28:06.5486443Z #7 4.630 Selecting previously unselected package libcurl4:amd64.
2025-09-04T05:28:06.5487667Z #7 4.633 Preparing to unpack .../17-libcurl4_7.88.1-10+deb12u12_amd64.deb ...
2025-09-04T05:28:06.5488525Z #7 4.635 Unpacking libcurl4:amd64 (7.88.1-10+deb12u12) ...
2025-09-04T05:28:06.6568646Z #7 4.680 Selecting previously unselected package curl.
2025-09-04T05:28:06.6570097Z #7 4.681 Preparing to unpack .../18-curl_7.88.1-10+deb12u12_amd64.deb ...
2025-09-04T05:28:06.6595075Z #7 4.683 Unpacking curl (7.88.1-10+deb12u12) ...
2025-09-04T05:28:06.6596165Z #7 4.740 Selecting previously unselected package dumb-init.
2025-09-04T05:28:06.6597059Z #7 4.741 Preparing to unpack .../19-dumb-init_1.2.5-2_amd64.deb ...
2025-09-04T05:28:06.6604002Z #7 4.744 Unpacking dumb-init (1.2.5-2) ...
2025-09-04T05:28:06.6605233Z #7 4.778 Selecting previously unselected package libldap-common.
2025-09-04T05:28:06.7548972Z #7 4.782 Preparing to unpack .../20-libldap-common_2.5.13+dfsg-5_all.deb ...
2025-09-04T05:28:06.7550110Z #7 4.785 Unpacking libldap-common (2.5.13+dfsg-5) ...
2025-09-04T05:28:06.7552812Z #7 4.820 Selecting previously unselected package libsasl2-modules:amd64.
2025-09-04T05:28:06.7572827Z #7 4.823 Preparing to unpack .../21-libsasl2-modules_2.1.28+dfsg-10_amd64.deb ...
2025-09-04T05:28:06.7588739Z #7 4.835 Unpacking libsasl2-modules:amd64 (2.1.28+dfsg-10) ...
2025-09-04T05:28:06.7589469Z #7 4.875 Selecting previously unselected package publicsuffix.
2025-09-04T05:28:06.7590332Z #7 4.879 Preparing to unpack .../22-publicsuffix_20230209.2326-1_all.deb ...
2025-09-04T05:28:06.8604922Z #7 4.881 Unpacking publicsuffix (20230209.2326-1) ...
2025-09-04T05:28:06.8605677Z #7 4.931 Setting up dumb-init (1.2.5-2) ...
2025-09-04T05:28:06.8606321Z #7 4.935 Setting up libkeyutils1:amd64 (1.6.3-2) ...
2025-09-04T05:28:06.8606990Z #7 4.943 Setting up libpsl5:amd64 (0.21.2-1) ...
2025-09-04T05:28:06.8610877Z #7 4.946 Setting up libbrotli1:amd64 (1.0.9-2+b6) ...
2025-09-04T05:28:06.8611596Z #7 4.952 Setting up libssl3:amd64 (3.0.17-1~deb12u2) ...
2025-09-04T05:28:06.8612346Z #7 4.955 Setting up libnghttp2-14:amd64 (1.52.0-1+deb12u2) ...
2025-09-04T05:28:06.8613068Z #7 4.959 Setting up krb5-locales (1.20.1-2+deb12u3) ...
2025-09-04T05:28:06.8613757Z #7 4.964 Setting up libldap-common (2.5.13+dfsg-5) ...
2025-09-04T05:28:06.8614517Z #7 4.970 Setting up libkrb5support0:amd64 (1.20.1-2+deb12u3) ...
2025-09-04T05:28:06.8615351Z #7 4.977 Setting up libsasl2-modules-db:amd64 (2.1.28+dfsg-10) ...
2025-09-04T05:28:06.8616234Z #7 4.984 Setting up librtmp1:amd64 (2.4+20151223.gitfa8646d.1-2+b2) ...
2025-09-04T05:28:07.0143372Z #7 4.989 Setting up libk5crypto3:amd64 (1.20.1-2+deb12u3) ...
2025-09-04T05:28:07.0144237Z #7 4.999 Setting up libsasl2-2:amd64 (2.1.28+dfsg-10) ...
2025-09-04T05:28:07.0148290Z #7 5.004 Setting up libssh2-1:amd64 (1.10.0-3+b1) ...
2025-09-04T05:28:07.0150446Z #7 5.007 Setting up libkrb5-3:amd64 (1.20.1-2+deb12u3) ...
2025-09-04T05:28:07.0151165Z #7 5.011 Setting up openssl (3.0.17-1~deb12u2) ...
2025-09-04T05:28:07.0151864Z #7 5.016 Setting up publicsuffix (20230209.2326-1) ...
2025-09-04T05:28:07.0152638Z #7 5.019 Setting up libsasl2-modules:amd64 (2.1.28+dfsg-10) ...
2025-09-04T05:28:07.0153447Z #7 5.027 Setting up libldap-2.5-0:amd64 (2.5.13+dfsg-5) ...
2025-09-04T05:28:07.0154223Z #7 5.031 Setting up ca-certificates (20230311+deb12u1) ...
2025-09-04T05:28:07.0155006Z #7 5.138 debconf: unable to initialize frontend: Dialog
2025-09-04T05:28:07.0155869Z #7 5.138 debconf: (TERM is not set, so the dialog frontend is not usable.)
2025-09-04T05:28:07.0157084Z #7 5.138 debconf: falling back to frontend: Readline
2025-09-04T05:28:07.1170461Z #7 5.140 debconf: unable to initialize frontend: Readline
2025-09-04T05:28:07.1175922Z #7 5.141 debconf: (Can't locate Term/ReadLine.pm in @INC (you may need to install the Term::ReadLine module) (@INC contains: /etc/perl /usr/local/lib/x86_64-linux-gnu/perl/5.36.0 /usr/local/share/perl/5.36.0 /usr/lib/x86_64-linux-gnu/perl5/5.36 /usr/share/perl5 /usr/lib/x86_64-linux-gnu/perl-base /usr/lib/x86_64-linux-gnu/perl/5.36 /usr/share/perl/5.36 /usr/local/lib/site_perl) at /usr/share/perl5/Debconf/FrontEnd/Readline.pm line 7.)
2025-09-04T05:28:07.1195582Z #7 5.141 debconf: falling back to frontend: Teletype
2025-09-04T05:28:07.5864341Z #7 5.710 Updating certificates in /etc/ssl/certs...
2025-09-04T05:28:08.4387764Z #7 6.512 142 added, 0 removed; done.
2025-09-04T05:28:08.4408946Z #7 6.532 Setting up libgssapi-krb5-2:amd64 (1.20.1-2+deb12u3) ...
2025-09-04T05:28:08.4419628Z #7 6.537 Setting up libcurl4:amd64 (7.88.1-10+deb12u12) ...
2025-09-04T05:28:08.4420517Z #7 6.543 Setting up curl (7.88.1-10+deb12u12) ...
2025-09-04T05:28:08.4421417Z #7 6.547 Processing triggers for libc-bin (2.36-9+deb12u10) ...
2025-09-04T05:28:08.4422796Z #7 6.562 Processing triggers for ca-certificates (20230311+deb12u1) ...
2025-09-04T05:28:08.5952788Z #7 6.568 Updating certificates in /etc/ssl/certs...
2025-09-04T05:28:09.1160032Z #7 7.239 0 added, 0 removed; done.
2025-09-04T05:28:09.1160776Z #7 7.239 Running hooks in /etc/ca-certificates/update.d...
2025-09-04T05:28:09.2647868Z #7 7.241 done.
2025-09-04T05:28:09.5209165Z #7 DONE 7.6s
2025-09-04T05:28:09.5212735Z 
2025-09-04T05:28:09.5213449Z #8 [production  3/11] WORKDIR /app
2025-09-04T05:28:09.5218629Z #8 DONE 0.0s
2025-09-04T05:28:09.5220344Z 
2025-09-04T05:28:09.5221194Z #9 [production  4/11] COPY package*.json ./
2025-09-04T05:28:09.5246399Z #9 DONE 0.0s
2025-09-04T05:28:09.5246640Z 
2025-09-04T05:28:09.5250321Z #10 [frontend-builder 2/9] RUN apt-get update && apt-get install -y     git     python3     make     g++     && rm -rf /var/lib/apt/lists/*     && apt-get clean
2025-09-04T05:28:09.5255186Z #10 0.235 Get:1 http://deb.debian.org/debian bookworm InRelease [151 kB]
2025-09-04T05:28:09.5257080Z #10 0.248 Get:2 http://deb.debian.org/debian bookworm-updates InRelease [55.4 kB]
2025-09-04T05:28:09.5258284Z #10 0.249 Get:3 http://deb.debian.org/debian-security bookworm-security InRelease [48.0 kB]
2025-09-04T05:28:09.5259440Z #10 0.327 Get:4 http://deb.debian.org/debian bookworm/main amd64 Packages [8793 kB]
2025-09-04T05:28:09.5260796Z #10 0.493 Get:5 http://deb.debian.org/debian bookworm-updates/main amd64 Packages [6924 B]
2025-09-04T05:28:09.5262246Z #10 0.621 Get:6 http://deb.debian.org/debian-security bookworm-security/main amd64 Packages [277 kB]
2025-09-04T05:28:09.5263141Z #10 1.485 Fetched 9331 kB in 1s (7404 kB/s)
2025-09-04T05:28:09.5263659Z #10 1.485 Reading package lists...
2025-09-04T05:28:09.5264104Z #10 2.135 Reading package lists...
2025-09-04T05:28:09.5264672Z #10 2.768 Building dependency tree...
2025-09-04T05:28:09.5265015Z #10 2.907 Reading state information...
2025-09-04T05:28:09.5265690Z #10 3.063 The following additional packages will be installed:
2025-09-04T05:28:09.5266681Z #10 3.063   binutils binutils-common binutils-x86-64-linux-gnu ca-certificates cpp
2025-09-04T05:28:09.5268048Z #10 3.064   cpp-12 fontconfig-config fonts-dejavu-core g++-12 gcc gcc-12 git-man
2025-09-04T05:28:09.5268703Z #10 3.064   krb5-locales less libabsl20220623 libaom3 libasan8 libatomic1 libavif15
2025-09-04T05:28:09.5269750Z #10 3.064   libbinutils libbrotli1 libbsd0 libc-dev-bin libc-devtools libc6-dev
2025-09-04T05:28:09.5270750Z #10 3.064   libcbor0.8 libcc1-0 libcrypt-dev libctf-nobfd0 libctf0 libcurl3-gnutls
2025-09-04T05:28:09.5271544Z #10 3.064   libdav1d6 libde265-0 libdeflate0 libedit2 liberror-perl libexpat1 libfido2-1
2025-09-04T05:28:09.5272525Z #10 3.064   libfontconfig1 libfreetype6 libgav1-1 libgcc-12-dev libgd3 libgdbm-compat4
2025-09-04T05:28:09.5276220Z #10 3.064   libgdbm6 libgomp1 libgpm2 libgprofng0 libgssapi-krb5-2 libheif1 libisl23
2025-09-04T05:28:09.5277709Z #10 3.064   libitm1 libjansson4 libjbig0 libjpeg62-turbo libk5crypto3 libkeyutils1
2025-09-04T05:28:09.5278563Z #10 3.064   libkrb5-3 libkrb5support0 libldap-2.5-0 libldap-common liblerc4 liblsan0
2025-09-04T05:28:09.5279506Z #10 3.064   libmpc3 libmpfr6 libncursesw6 libnghttp2-14 libnsl-dev libnsl2 libnuma1
2025-09-04T05:28:09.5280865Z #10 3.064   libperl5.36 libpng16-16 libpsl5 libpython3-stdlib libpython3.11-minimal
2025-09-04T05:28:09.5281988Z #10 3.064   libpython3.11-stdlib libquadmath0 librav1e0 libreadline8 librtmp1 libsasl2-2
2025-09-04T05:28:09.5282874Z #10 3.064   libsasl2-modules libsasl2-modules-db libsqlite3-0 libssh2-1 libssl3
2025-09-04T05:28:09.5283921Z #10 3.064   libstdc++-12-dev libsvtav1enc1 libtiff6 libtirpc-common libtirpc-dev
2025-09-04T05:28:09.5284619Z #10 3.064   libtirpc3 libtsan2 libubsan1 libwebp7 libx11-6 libx11-data libx265-199
2025-09-04T05:28:09.5285691Z #10 3.064   libxau6 libxcb1 libxdmcp6 libxext6 libxmuu1 libxpm4 libyuv0 linux-libc-dev
2025-09-04T05:28:09.5286795Z #10 3.064   manpages manpages-dev media-types netbase openssh-client openssl patch perl
2025-09-04T05:28:09.5288488Z #10 3.064   perl-modules-5.36 publicsuffix python3-minimal python3.11 python3.11-minimal
2025-09-04T05:28:09.5289389Z #10 3.065   readline-common rpcsvc-proto xauth
2025-09-04T05:28:09.5289953Z #10 3.065 Suggested packages:
2025-09-04T05:28:09.5290778Z #10 3.065   binutils-doc cpp-doc gcc-12-locales cpp-12-doc g++-multilib g++-12-multilib
2025-09-04T05:28:09.5291801Z #10 3.065   gcc-12-doc gcc-multilib autoconf automake libtool flex bison gdb gcc-doc
2025-09-04T05:28:09.5292872Z #10 3.065   gcc-12-multilib gettext-base git-daemon-run | git-daemon-sysvinit git-doc
2025-09-04T05:28:09.5293883Z #10 3.065   git-email git-gui gitk gitweb git-cvs git-mediawiki git-svn glibc-doc
2025-09-04T05:28:09.5294798Z #10 3.065   libgd-tools gdbm-l10n gpm krb5-doc krb5-user sensible-utils
2025-09-04T05:28:09.5295744Z #10 3.065   libsasl2-modules-gssapi-mit | libsasl2-modules-gssapi-heimdal
2025-09-04T05:28:09.5296698Z #10 3.065   libsasl2-modules-ldap libsasl2-modules-otp libsasl2-modules-sql
2025-09-04T05:28:09.5298270Z #10 3.065   libstdc++-12-doc make-doc man-browser keychain libpam-ssh monkeysphere
2025-09-04T05:28:09.5299228Z #10 3.065   ssh-askpass ed diffutils-doc perl-doc libterm-readline-gnu-perl
2025-09-04T05:28:09.5300214Z #10 3.065   | libterm-readline-perl-perl libtap-harness-archive-perl python3-doc
2025-09-04T05:28:09.5301219Z #10 3.065   python3-tk python3-venv python3.11-venv python3.11-doc binfmt-support
2025-09-04T05:28:09.5301914Z #10 3.065   readline-doc
2025-09-04T05:28:09.5302470Z #10 3.816 The following NEW packages will be installed:
2025-09-04T05:28:09.5303381Z #10 3.817   binutils binutils-common binutils-x86-64-linux-gnu ca-certificates cpp
2025-09-04T05:28:09.5304494Z #10 3.817   cpp-12 fontconfig-config fonts-dejavu-core g++ g++-12 gcc gcc-12 git git-man
2025-09-04T05:28:09.5305595Z #10 3.817   krb5-locales less libabsl20220623 libaom3 libasan8 libatomic1 libavif15
2025-09-04T05:28:09.5306621Z #10 3.817   libbinutils libbrotli1 libbsd0 libc-dev-bin libc-devtools libc6-dev
2025-09-04T05:28:09.5319037Z #10 3.817   libcbor0.8 libcc1-0 libcrypt-dev libctf-nobfd0 libctf0 libcurl3-gnutls
2025-09-04T05:28:09.5320606Z #10 3.817   libdav1d6 libde265-0 libdeflate0 libedit2 liberror-perl libexpat1 libfido2-1
2025-09-04T05:28:09.5321745Z #10 3.817   libfontconfig1 libfreetype6 libgav1-1 libgcc-12-dev libgd3 libgdbm-compat4
2025-09-04T05:28:09.5322842Z #10 3.817   libgdbm6 libgomp1 libgpm2 libgprofng0 libgssapi-krb5-2 libheif1 libisl23
2025-09-04T05:28:09.5323835Z #10 3.817   libitm1 libjansson4 libjbig0 libjpeg62-turbo libk5crypto3 libkeyutils1
2025-09-04T05:28:09.5324829Z #10 3.817   libkrb5-3 libkrb5support0 libldap-2.5-0 libldap-common liblerc4 liblsan0
2025-09-04T05:28:09.5325872Z #10 3.817   libmpc3 libmpfr6 libncursesw6 libnghttp2-14 libnsl-dev libnsl2 libnuma1
2025-09-04T05:28:09.5333980Z #10 3.817   libperl5.36 libpng16-16 libpsl5 libpython3-stdlib libpython3.11-minimal
2025-09-04T05:28:09.5334972Z #10 3.817   libpython3.11-stdlib libquadmath0 librav1e0 libreadline8 librtmp1 libsasl2-2
2025-09-04T05:28:09.5335915Z #10 3.817   libsasl2-modules libsasl2-modules-db libsqlite3-0 libssh2-1 libssl3
2025-09-04T05:28:09.5336808Z #10 3.817   libstdc++-12-dev libsvtav1enc1 libtiff6 libtirpc-common libtirpc-dev
2025-09-04T05:28:09.5337975Z #10 3.817   libtirpc3 libtsan2 libubsan1 libwebp7 libx11-6 libx11-data libx265-199
2025-09-04T05:28:09.5338894Z #10 3.818   libxau6 libxcb1 libxdmcp6 libxext6 libxmuu1 libxpm4 libyuv0 linux-libc-dev
2025-09-04T05:28:09.5339844Z #10 3.818   make manpages manpages-dev media-types netbase openssh-client openssl patch
2025-09-04T05:28:09.5340759Z #10 3.818   perl perl-modules-5.36 publicsuffix python3 python3-minimal python3.11
2025-09-04T05:28:09.5341556Z #10 3.818   python3.11-minimal readline-common rpcsvc-proto xauth
2025-09-04T05:28:09.5342326Z #10 3.848 0 upgraded, 126 newly installed, 0 to remove and 0 not upgraded.
2025-09-04T05:28:09.5342932Z #10 3.848 Need to get 111 MB of archives.
2025-09-04T05:28:09.5343603Z #10 3.848 After this operation, 462 MB of additional disk space will be used.
2025-09-04T05:28:09.5344861Z #10 3.848 Get:1 http://deb.debian.org/debian bookworm/main amd64 perl-modules-5.36 all 5.36.0-7+deb12u2 [2815 kB]
2025-09-04T05:28:09.5377866Z #10 3.866 Get:2 http://deb.debian.org/debian bookworm/main amd64 libgdbm6 amd64 1.23-3 [72.2 kB]
2025-09-04T05:28:09.5379304Z #10 3.867 Get:3 http://deb.debian.org/debian bookworm/main amd64 libgdbm-compat4 amd64 1.23-3 [48.2 kB]
2025-09-04T05:28:09.5380701Z #10 3.870 Get:4 http://deb.debian.org/debian bookworm/main amd64 libperl5.36 amd64 5.36.0-7+deb12u2 [4207 kB]
2025-09-04T05:28:09.5382056Z #10 3.895 Get:5 http://deb.debian.org/debian bookworm/main amd64 perl amd64 5.36.0-7+deb12u2 [239 kB]
2025-09-04T05:28:09.5383392Z #10 3.897 Get:6 http://deb.debian.org/debian bookworm-updates/main amd64 libssl3 amd64 3.0.17-1~deb12u2 [2027 kB]
2025-09-04T05:28:09.5384901Z #10 3.907 Get:7 http://deb.debian.org/debian bookworm/main amd64 libpython3.11-minimal amd64 3.11.2-6+deb12u6 [817 kB]
2025-09-04T05:28:09.5386334Z #10 3.910 Get:8 http://deb.debian.org/debian bookworm/main amd64 libexpat1 amd64 2.5.0-1+deb12u1 [98.9 kB]
2025-09-04T05:28:09.5408031Z #10 3.911 Get:9 http://deb.debian.org/debian bookworm/main amd64 python3.11-minimal amd64 3.11.2-6+deb12u6 [2064 kB]
2025-09-04T05:28:09.5409539Z #10 3.921 Get:10 http://deb.debian.org/debian bookworm/main amd64 python3-minimal amd64 3.11.2-1+b1 [26.3 kB]
2025-09-04T05:28:09.5410847Z #10 3.922 Get:11 http://deb.debian.org/debian bookworm/main amd64 media-types all 10.0.0 [26.1 kB]
2025-09-04T05:28:09.5412048Z #10 3.923 Get:12 http://deb.debian.org/debian bookworm/main amd64 libncursesw6 amd64 6.4-4 [134 kB]
2025-09-04T05:28:09.5413312Z #10 3.924 Get:13 http://deb.debian.org/debian bookworm/main amd64 libkrb5support0 amd64 1.20.1-2+deb12u3 [32.8 kB]
2025-09-04T05:28:09.5414884Z #10 3.924 Get:14 http://deb.debian.org/debian bookworm/main amd64 libk5crypto3 amd64 1.20.1-2+deb12u3 [78.9 kB]
2025-09-04T05:28:09.5416180Z #10 3.925 Get:15 http://deb.debian.org/debian bookworm/main amd64 libkeyutils1 amd64 1.6.3-2 [8808 B]
2025-09-04T05:28:09.5417642Z #10 3.925 Get:16 http://deb.debian.org/debian bookworm/main amd64 libkrb5-3 amd64 1.20.1-2+deb12u3 [332 kB]
2025-09-04T05:28:09.5419062Z #10 3.928 Get:17 http://deb.debian.org/debian bookworm/main amd64 libgssapi-krb5-2 amd64 1.20.1-2+deb12u3 [135 kB]
2025-09-04T05:28:09.5420430Z #10 3.935 Get:18 http://deb.debian.org/debian bookworm/main amd64 libtirpc-common all 1.3.3+ds-1 [14.0 kB]
2025-09-04T05:28:09.5421696Z #10 3.935 Get:19 http://deb.debian.org/debian bookworm/main amd64 libtirpc3 amd64 1.3.3+ds-1 [85.2 kB]
2025-09-04T05:28:09.5422922Z #10 3.935 Get:20 http://deb.debian.org/debian bookworm/main amd64 libnsl2 amd64 1.3.0-2 [39.5 kB]
2025-09-04T05:28:09.5424153Z #10 3.937 Get:21 http://deb.debian.org/debian bookworm/main amd64 readline-common all 8.2-1.3 [69.0 kB]
2025-09-04T05:28:09.5425624Z #10 3.937 Get:22 http://deb.debian.org/debian bookworm/main amd64 libreadline8 amd64 8.2-1.3 [166 kB]
2025-09-04T05:28:09.5426920Z #10 3.939 Get:23 http://deb.debian.org/debian bookworm/main amd64 libsqlite3-0 amd64 3.40.1-2+deb12u1 [839 kB]
2025-09-04T05:28:09.5444004Z #10 3.945 Get:24 http://deb.debian.org/debian bookworm/main amd64 libpython3.11-stdlib amd64 3.11.2-6+deb12u6 [1798 kB]
2025-09-04T05:28:09.5445475Z #10 3.957 Get:25 http://deb.debian.org/debian bookworm/main amd64 python3.11 amd64 3.11.2-6+deb12u6 [573 kB]
2025-09-04T05:28:09.5446898Z #10 3.963 Get:26 http://deb.debian.org/debian bookworm/main amd64 libpython3-stdlib amd64 3.11.2-1+b1 [9312 B]
2025-09-04T05:28:09.5461816Z #10 3.963 Get:27 http://deb.debian.org/debian bookworm/main amd64 python3 amd64 3.11.2-1+b1 [26.3 kB]
2025-09-04T05:28:09.5463056Z #10 3.965 Get:28 http://deb.debian.org/debian bookworm/main amd64 less amd64 590-2.1~deb12u2 [132 kB]
2025-09-04T05:28:09.5464210Z #10 3.966 Get:29 http://deb.debian.org/debian bookworm/main amd64 netbase all 6.4 [12.8 kB]
2025-09-04T05:28:09.5465469Z #10 3.969 Get:30 http://deb.debian.org/debian bookworm-updates/main amd64 openssl amd64 3.0.17-1~deb12u2 [1430 kB]
2025-09-04T05:28:09.5467102Z #10 3.974 Get:31 http://deb.debian.org/debian bookworm-updates/main amd64 ca-certificates all 20230311+deb12u1 [155 kB]
2025-09-04T05:28:09.5468664Z #10 3.975 Get:32 http://deb.debian.org/debian bookworm/main amd64 krb5-locales all 1.20.1-2+deb12u3 [63.1 kB]
2025-09-04T05:28:09.5469870Z #10 3.977 Get:33 http://deb.debian.org/debian bookworm/main amd64 manpages all 6.03-2 [1332 kB]
2025-09-04T05:28:09.5471005Z #10 3.985 Get:34 http://deb.debian.org/debian bookworm/main amd64 libbsd0 amd64 0.11.7-2 [117 kB]
2025-09-04T05:28:09.5472193Z #10 3.986 Get:35 http://deb.debian.org/debian bookworm/main amd64 libedit2 amd64 3.1-20221030-2 [93.0 kB]
2025-09-04T05:28:09.5473414Z #10 3.987 Get:36 http://deb.debian.org/debian bookworm/main amd64 libcbor0.8 amd64 0.8.0-2+b1 [27.4 kB]
2025-09-04T05:28:09.5474636Z #10 3.988 Get:37 http://deb.debian.org/debian bookworm/main amd64 libfido2-1 amd64 1.12.0-2+b1 [77.2 kB]
2025-09-04T05:28:09.5476011Z #10 3.990 Get:38 http://deb.debian.org/debian bookworm-updates/main amd64 openssh-client amd64 1:9.2p1-2+deb12u7 [992 kB]
2025-09-04T05:28:09.5493087Z #10 3.993 Get:39 http://deb.debian.org/debian bookworm/main amd64 binutils-common amd64 2.40-2 [2487 kB]
2025-09-04T05:28:09.5494422Z #10 4.007 Get:40 http://deb.debian.org/debian bookworm/main amd64 libbinutils amd64 2.40-2 [572 kB]
2025-09-04T05:28:09.5495639Z #10 4.013 Get:41 http://deb.debian.org/debian bookworm/main amd64 libctf-nobfd0 amd64 2.40-2 [153 kB]
2025-09-04T05:28:09.5496816Z #10 4.013 Get:42 http://deb.debian.org/debian bookworm/main amd64 libctf0 amd64 2.40-2 [89.8 kB]
2025-09-04T05:28:09.5518291Z #10 4.015 Get:43 http://deb.debian.org/debian bookworm/main amd64 libgprofng0 amd64 2.40-2 [812 kB]
2025-09-04T05:28:09.5519512Z #10 4.020 Get:44 http://deb.debian.org/debian bookworm/main amd64 libjansson4 amd64 2.14-2 [40.8 kB]
2025-09-04T05:28:09.5520805Z #10 4.022 Get:45 http://deb.debian.org/debian bookworm/main amd64 binutils-x86-64-linux-gnu amd64 2.40-2 [2246 kB]
2025-09-04T05:28:09.5522035Z #10 4.033 Get:46 http://deb.debian.org/debian bookworm/main amd64 binutils amd64 2.40-2 [65.0 kB]
2025-09-04T05:28:09.5523172Z #10 4.035 Get:47 http://deb.debian.org/debian bookworm/main amd64 libisl23 amd64 0.25-1.1 [683 kB]
2025-09-04T05:28:09.5524294Z #10 4.039 Get:48 http://deb.debian.org/debian bookworm/main amd64 libmpfr6 amd64 4.2.0-1 [701 kB]
2025-09-04T05:28:09.5525396Z #10 4.042 Get:49 http://deb.debian.org/debian bookworm/main amd64 libmpc3 amd64 1.3.1-1 [51.5 kB]
2025-09-04T05:28:09.5526563Z #10 4.045 Get:50 http://deb.debian.org/debian bookworm/main amd64 cpp-12 amd64 12.2.0-14+deb12u1 [9768 kB]
2025-09-04T05:28:09.5527838Z #10 4.086 Get:51 http://deb.debian.org/debian bookworm/main amd64 cpp amd64 4:12.2.0-3 [6836 B]
2025-09-04T05:28:09.5529003Z #10 4.086 Get:52 http://deb.debian.org/debian bookworm/main amd64 fonts-dejavu-core all 2.37-6 [1068 kB]
2025-09-04T05:28:09.5530472Z #10 4.093 Get:53 http://deb.debian.org/debian bookworm/main amd64 fontconfig-config amd64 2.14.1-4 [315 kB]
2025-09-04T05:28:09.5531719Z #10 4.097 Get:54 http://deb.debian.org/debian bookworm/main amd64 libcc1-0 amd64 12.2.0-14+deb12u1 [41.7 kB]
2025-09-04T05:28:09.5532950Z #10 4.097 Get:55 http://deb.debian.org/debian bookworm/main amd64 libgomp1 amd64 12.2.0-14+deb12u1 [116 kB]
2025-09-04T05:28:09.5534164Z #10 4.098 Get:56 http://deb.debian.org/debian bookworm/main amd64 libitm1 amd64 12.2.0-14+deb12u1 [26.1 kB]
2025-09-04T05:28:09.5535395Z #10 4.099 Get:57 http://deb.debian.org/debian bookworm/main amd64 libatomic1 amd64 12.2.0-14+deb12u1 [9376 B]
2025-09-04T05:28:09.5536638Z #10 4.100 Get:58 http://deb.debian.org/debian bookworm/main amd64 libasan8 amd64 12.2.0-14+deb12u1 [2193 kB]
2025-09-04T05:28:09.5538178Z #10 4.114 Get:59 http://deb.debian.org/debian bookworm/main amd64 liblsan0 amd64 12.2.0-14+deb12u1 [969 kB]
2025-09-04T05:28:09.5539417Z #10 4.119 Get:60 http://deb.debian.org/debian bookworm/main amd64 libtsan2 amd64 12.2.0-14+deb12u1 [2197 kB]
2025-09-04T05:28:09.5540640Z #10 4.133 Get:61 http://deb.debian.org/debian bookworm/main amd64 libubsan1 amd64 12.2.0-14+deb12u1 [883 kB]
2025-09-04T05:28:09.5542051Z #10 4.137 Get:62 http://deb.debian.org/debian bookworm/main amd64 libquadmath0 amd64 12.2.0-14+deb12u1 [145 kB]
2025-09-04T05:28:09.5543351Z #10 4.140 Get:63 http://deb.debian.org/debian bookworm/main amd64 libgcc-12-dev amd64 12.2.0-14+deb12u1 [2437 kB]
2025-09-04T05:28:09.5544608Z #10 4.151 Get:64 http://deb.debian.org/debian bookworm/main amd64 gcc-12 amd64 12.2.0-14+deb12u1 [19.3 MB]
2025-09-04T05:28:09.5545740Z #10 4.254 Get:65 http://deb.debian.org/debian bookworm/main amd64 gcc amd64 4:12.2.0-3 [5216 B]
2025-09-04T05:28:09.5546931Z #10 4.258 Get:66 http://deb.debian.org/debian bookworm/main amd64 libc-dev-bin amd64 2.36-9+deb12u10 [47.1 kB]
2025-09-04T05:28:09.5548481Z #10 4.258 Get:67 http://deb.debian.org/debian-security bookworm-security/main amd64 linux-libc-dev amd64 6.1.147-1 [2171 kB]
2025-09-04T05:28:09.5549818Z #10 4.264 Get:68 http://deb.debian.org/debian bookworm/main amd64 libcrypt-dev amd64 1:4.4.33-2 [118 kB]
2025-09-04T05:28:09.5551053Z #10 4.265 Get:69 http://deb.debian.org/debian bookworm/main amd64 libtirpc-dev amd64 1.3.3+ds-1 [191 kB]
2025-09-04T05:28:09.5552389Z #10 4.267 Get:70 http://deb.debian.org/debian bookworm/main amd64 libnsl-dev amd64 1.3.0-2 [66.4 kB]
2025-09-04T05:28:09.5553618Z #10 4.268 Get:71 http://deb.debian.org/debian bookworm/main amd64 rpcsvc-proto amd64 1.4.3-1 [63.3 kB]
2025-09-04T05:28:09.5554895Z #10 4.269 Get:72 http://deb.debian.org/debian bookworm/main amd64 libc6-dev amd64 2.36-9+deb12u10 [1903 kB]
2025-09-04T05:28:09.5556276Z #10 4.277 Get:73 http://deb.debian.org/debian bookworm/main amd64 libstdc++-12-dev amd64 12.2.0-14+deb12u1 [2047 kB]
2025-09-04T05:28:09.5586398Z #10 4.287 Get:74 http://deb.debian.org/debian bookworm/main amd64 g++-12 amd64 12.2.0-14+deb12u1 [10.7 MB]
2025-09-04T05:28:09.5588753Z #10 4.332 Get:75 http://deb.debian.org/debian bookworm/main amd64 g++ amd64 4:12.2.0-3 [1356 B]
2025-09-04T05:28:09.5590034Z #10 4.335 Get:76 http://deb.debian.org/debian bookworm/main amd64 libbrotli1 amd64 1.0.9-2+b6 [275 kB]
2025-09-04T05:28:09.5592958Z #10 4.337 Get:77 http://deb.debian.org/debian bookworm/main amd64 libsasl2-modules-db amd64 2.1.28+dfsg-10 [20.3 kB]
2025-09-04T05:28:09.5594393Z #10 4.338 Get:78 http://deb.debian.org/debian bookworm/main amd64 libsasl2-2 amd64 2.1.28+dfsg-10 [59.7 kB]
2025-09-04T05:28:09.5595743Z #10 4.338 Get:79 http://deb.debian.org/debian bookworm/main amd64 libldap-2.5-0 amd64 2.5.13+dfsg-5 [183 kB]
2025-09-04T05:28:09.5597130Z #10 4.339 Get:80 http://deb.debian.org/debian bookworm/main amd64 libnghttp2-14 amd64 1.52.0-1+deb12u2 [73.0 kB]
2025-09-04T05:28:09.5610978Z #10 4.341 Get:81 http://deb.debian.org/debian bookworm/main amd64 libpsl5 amd64 0.21.2-1 [58.7 kB]
2025-09-04T05:28:09.5612568Z #10 4.342 Get:82 http://deb.debian.org/debian bookworm/main amd64 librtmp1 amd64 2.4+20151223.gitfa8646d.1-2+b2 [60.8 kB]
2025-09-04T05:28:09.5615349Z #10 4.344 Get:83 http://deb.debian.org/debian bookworm/main amd64 libssh2-1 amd64 1.10.0-3+b1 [179 kB]
2025-09-04T05:28:09.5616720Z #10 4.345 Get:84 http://deb.debian.org/debian bookworm/main amd64 libcurl3-gnutls amd64 7.88.1-10+deb12u12 [386 kB]
2025-09-04T05:28:09.5636629Z #10 4.349 Get:85 http://deb.debian.org/debian bookworm/main amd64 liberror-perl all 0.17029-2 [29.0 kB]
2025-09-04T05:28:09.5638342Z #10 4.349 Get:86 http://deb.debian.org/debian bookworm/main amd64 git-man all 1:2.39.5-0+deb12u2 [2053 kB]
2025-09-04T05:28:09.5639669Z #10 4.361 Get:87 http://deb.debian.org/debian bookworm/main amd64 git amd64 1:2.39.5-0+deb12u2 [7260 kB]
2025-09-04T05:28:09.5641038Z #10 4.400 Get:88 http://deb.debian.org/debian bookworm/main amd64 libabsl20220623 amd64 20220623.1-1+deb12u2 [391 kB]
2025-09-04T05:28:09.5642367Z #10 4.400 Get:89 http://deb.debian.org/debian bookworm/main amd64 libaom3 amd64 3.6.0-1+deb12u1 [1851 kB]
2025-09-04T05:28:09.5643593Z #10 4.412 Get:90 http://deb.debian.org/debian bookworm/main amd64 libdav1d6 amd64 1.0.0-2+deb12u1 [513 kB]
2025-09-04T05:28:09.5645032Z #10 4.414 Get:91 http://deb.debian.org/debian bookworm/main amd64 libgav1-1 amd64 0.18.0-1+b1 [332 kB]
2025-09-04T05:28:09.5646290Z #10 4.416 Get:92 http://deb.debian.org/debian bookworm/main amd64 librav1e0 amd64 0.5.1-6 [763 kB]
2025-09-04T05:28:09.5648151Z #10 4.422 Get:93 http://deb.debian.org/debian bookworm/main amd64 libsvtav1enc1 amd64 1.4.1+dfsg-1 [2121 kB]
2025-09-04T05:28:09.5649523Z #10 4.433 Get:94 http://deb.debian.org/debian bookworm/main amd64 libjpeg62-turbo amd64 1:2.1.5-2 [166 kB]
2025-09-04T05:28:09.5650908Z #10 4.434 Get:95 http://deb.debian.org/debian bookworm/main amd64 libyuv0 amd64 0.0~git20230123.b2528b0-1 [168 kB]
2025-09-04T05:28:09.5652441Z #10 4.435 Get:96 http://deb.debian.org/debian-security bookworm-security/main amd64 libavif15 amd64 0.11.1-1+deb12u1 [94.4 kB]
2025-09-04T05:28:09.5653851Z #10 4.436 Get:97 http://deb.debian.org/debian bookworm/main amd64 libpng16-16 amd64 1.6.39-2 [276 kB]
2025-09-04T05:28:09.5655178Z #10 4.439 Get:98 http://deb.debian.org/debian bookworm/main amd64 libfreetype6 amd64 2.12.1+dfsg-5+deb12u4 [398 kB]
2025-09-04T05:28:09.5661328Z #10 4.442 Get:99 http://deb.debian.org/debian bookworm/main amd64 libfontconfig1 amd64 2.14.1-4 [386 kB]
2025-09-04T05:28:09.5662739Z #10 4.445 Get:100 http://deb.debian.org/debian bookworm/main amd64 libde265-0 amd64 1.0.11-1+deb12u2 [185 kB]
2025-09-04T05:28:09.5664037Z #10 4.447 Get:101 http://deb.debian.org/debian bookworm/main amd64 libnuma1 amd64 2.0.16-1 [21.0 kB]
2025-09-04T05:28:09.5665275Z #10 4.449 Get:102 http://deb.debian.org/debian bookworm/main amd64 libx265-199 amd64 3.5-2+b1 [1150 kB]
2025-09-04T05:28:09.5666576Z #10 4.455 Get:103 http://deb.debian.org/debian bookworm/main amd64 libheif1 amd64 1.15.1-1+deb12u1 [215 kB]
2025-09-04T05:28:09.5668093Z #10 4.458 Get:104 http://deb.debian.org/debian bookworm/main amd64 libdeflate0 amd64 1.14-1 [61.4 kB]
2025-09-04T05:28:09.5669370Z #10 4.459 Get:105 http://deb.debian.org/debian bookworm/main amd64 libjbig0 amd64 2.1-6.1 [31.7 kB]
2025-09-04T05:28:09.5670611Z #10 4.461 Get:106 http://deb.debian.org/debian bookworm/main amd64 liblerc4 amd64 4.0.0+ds-2 [170 kB]
2025-09-04T05:28:09.5671906Z #10 4.462 Get:107 http://deb.debian.org/debian bookworm/main amd64 libwebp7 amd64 1.2.4-0.2+deb12u1 [286 kB]
2025-09-04T05:28:09.5673299Z #10 4.464 Get:108 http://deb.debian.org/debian bookworm/main amd64 libtiff6 amd64 4.5.0-6+deb12u2 [316 kB]
2025-09-04T05:28:09.5674549Z #10 4.467 Get:109 http://deb.debian.org/debian bookworm/main amd64 libxau6 amd64 1:1.0.9-1 [19.7 kB]
2025-09-04T05:28:09.5675780Z #10 4.467 Get:110 http://deb.debian.org/debian bookworm/main amd64 libxdmcp6 amd64 1:1.1.2-3 [26.3 kB]
2025-09-04T05:28:09.5676990Z #10 4.469 Get:111 http://deb.debian.org/debian bookworm/main amd64 libxcb1 amd64 1.15-1 [144 kB]
2025-09-04T05:28:09.5693782Z #10 4.469 Get:112 http://deb.debian.org/debian bookworm/main amd64 libx11-data all 2:1.8.4-2+deb12u2 [292 kB]
2025-09-04T05:28:09.5695204Z #10 4.472 Get:113 http://deb.debian.org/debian bookworm/main amd64 libx11-6 amd64 2:1.8.4-2+deb12u2 [760 kB]
2025-09-04T05:28:09.5696589Z #10 4.476 Get:114 http://deb.debian.org/debian bookworm/main amd64 libxpm4 amd64 1:3.5.12-1.1+deb12u1 [48.6 kB]
2025-09-04T05:28:09.5698153Z #10 4.476 Get:115 http://deb.debian.org/debian bookworm/main amd64 libgd3 amd64 2.3.3-9 [124 kB]
2025-09-04T05:28:09.5699456Z #10 4.477 Get:116 http://deb.debian.org/debian bookworm/main amd64 libc-devtools amd64 2.36-9+deb12u10 [54.7 kB]
2025-09-04T05:28:09.5700762Z #10 4.479 Get:117 http://deb.debian.org/debian bookworm/main amd64 libgpm2 amd64 1.20.7-10+b1 [14.2 kB]
2025-09-04T05:28:09.5702013Z #10 4.479 Get:118 http://deb.debian.org/debian bookworm/main amd64 libldap-common all 2.5.13+dfsg-5 [29.3 kB]
2025-09-04T05:28:09.5703496Z #10 4.481 Get:119 http://deb.debian.org/debian bookworm/main amd64 libsasl2-modules amd64 2.1.28+dfsg-10 [66.6 kB]
2025-09-04T05:28:09.5704892Z #10 4.481 Get:120 http://deb.debian.org/debian bookworm/main amd64 libxext6 amd64 2:1.3.4-1+b1 [52.9 kB]
2025-09-04T05:28:09.5706172Z #10 4.483 Get:121 http://deb.debian.org/debian bookworm/main amd64 libxmuu1 amd64 2:1.1.3-3 [23.9 kB]
2025-09-04T05:28:09.5772197Z #10 4.483 Get:122 http://deb.debian.org/debian bookworm/main amd64 make amd64 4.3-4.1 [396 kB]
2025-09-04T05:28:09.5773530Z #10 4.486 Get:123 http://deb.debian.org/debian bookworm/main amd64 manpages-dev all 6.03-2 [2030 kB]
2025-09-04T05:28:09.5774792Z #10 4.495 Get:124 http://deb.debian.org/debian bookworm/main amd64 patch amd64 2.7.6-7 [128 kB]
2025-09-04T05:28:09.5776114Z #10 4.496 Get:125 http://deb.debian.org/debian bookworm/main amd64 publicsuffix all 20230209.2326-1 [126 kB]
2025-09-04T05:28:09.5777619Z #10 4.497 Get:126 http://deb.debian.org/debian bookworm/main amd64 xauth amd64 1:1.1.2-1 [36.0 kB]
2025-09-04T05:28:09.5778743Z #10 4.646 debconf: delaying package configuration, since apt-utils is not installed
2025-09-04T05:28:09.5779539Z #10 4.672 Fetched 111 MB in 1s (166 MB/s)
2025-09-04T05:28:09.5780289Z #10 4.693 Selecting previously unselected package perl-modules-5.36.
2025-09-04T05:28:09.5780955Z #10 4.693 (Reading database ... 
2025-09-04T05:28:09.5781391Z (Reading database ... 5%
2025-09-04T05:28:09.5781786Z (Reading database ... 10%
2025-09-04T05:28:09.5782182Z (Reading database ... 15%
2025-09-04T05:28:09.5782593Z (Reading database ... 20%
2025-09-04T05:28:09.5782991Z (Reading database ... 25%
2025-09-04T05:28:09.5783391Z (Reading database ... 30%
2025-09-04T05:28:09.5783784Z (Reading database ... 35%
2025-09-04T05:28:09.5784193Z (Reading database ... 40%
2025-09-04T05:28:09.5784599Z (Reading database ... 45%
2025-09-04T05:28:09.5784998Z (Reading database ... 50%
2025-09-04T05:28:09.5785383Z (Reading database ... 55%
2025-09-04T05:28:09.5785791Z (Reading database ... 60%
2025-09-04T05:28:09.5786196Z (Reading database ... 65%
2025-09-04T05:28:09.5786595Z (Reading database ... 70%
2025-09-04T05:28:09.5787057Z (Reading database ... 75%
2025-09-04T05:28:09.5804607Z (Reading database ... 80%
2025-09-04T05:28:09.5806970Z (Reading database ... 85%
2025-09-04T05:28:09.5807726Z (Reading database ... 90%
2025-09-04T05:28:09.5808165Z (Reading database ... 95%
2025-09-04T05:28:09.5811755Z (Reading database ... 100%
2025-09-04T05:28:09.5814275Z (Reading database ... 6089 files and directories currently installed.)
2025-09-04T05:28:09.5819599Z #10 4.699 Preparing to unpack .../0-perl-modules-5.36_5.36.0-7+deb12u2_all.deb ...
2025-09-04T05:28:09.5823447Z #10 4.700 Unpacking perl-modules-5.36 (5.36.0-7+deb12u2) ...
2025-09-04T05:28:09.5826324Z #10 5.183 Selecting previously unselected package libgdbm6:amd64.
2025-09-04T05:28:09.5830208Z #10 5.184 Preparing to unpack .../1-libgdbm6_1.23-3_amd64.deb ...
2025-09-04T05:28:09.5832275Z #10 5.187 Unpacking libgdbm6:amd64 (1.23-3) ...
2025-09-04T05:28:09.5837849Z #10 5.214 Selecting previously unselected package libgdbm-compat4:amd64.
2025-09-04T05:28:09.5839036Z #10 5.214 Preparing to unpack .../2-libgdbm-compat4_1.23-3_amd64.deb ...
2025-09-04T05:28:09.5847933Z #10 5.216 Unpacking libgdbm-compat4:amd64 (1.23-3) ...
2025-09-04T05:28:09.5848842Z #10 5.241 Selecting previously unselected package libperl5.36:amd64.
2025-09-04T05:28:09.5849819Z #10 5.241 Preparing to unpack .../3-libperl5.36_5.36.0-7+deb12u2_amd64.deb ...
2025-09-04T05:28:09.5850716Z #10 5.242 Unpacking libperl5.36:amd64 (5.36.0-7+deb12u2) ...
2025-09-04T05:28:09.5851458Z #10 5.795 Selecting previously unselected package perl.
2025-09-04T05:28:09.5852279Z #10 5.795 Preparing to unpack .../4-perl_5.36.0-7+deb12u2_amd64.deb ...
2025-09-04T05:28:09.5853012Z #10 5.802 Unpacking perl (5.36.0-7+deb12u2) ...
2025-09-04T05:28:09.5853749Z #10 5.856 Selecting previously unselected package libssl3:amd64.
2025-09-04T05:28:09.5870006Z #10 5.858 Preparing to unpack .../5-libssl3_3.0.17-1~deb12u2_amd64.deb ...
2025-09-04T05:28:09.5870926Z #10 5.860 Unpacking libssl3:amd64 (3.0.17-1~deb12u2) ...
2025-09-04T05:28:09.5871862Z #10 6.040 Selecting previously unselected package libpython3.11-minimal:amd64.
2025-09-04T05:28:09.5872959Z #10 6.043 Preparing to unpack .../6-libpython3.11-minimal_3.11.2-6+deb12u6_amd64.deb ...
2025-09-04T05:28:09.5874184Z #10 6.045 Unpacking libpython3.11-minimal:amd64 (3.11.2-6+deb12u6) ...
2025-09-04T05:28:09.5875097Z #10 6.181 Selecting previously unselected package libexpat1:amd64.
2025-09-04T05:28:09.5876030Z #10 6.181 Preparing to unpack .../7-libexpat1_2.5.0-1+deb12u1_amd64.deb ...
2025-09-04T05:28:09.5885045Z #10 6.183 Unpacking libexpat1:amd64 (2.5.0-1+deb12u1) ...
2025-09-04T05:28:09.5885898Z #10 6.220 Selecting previously unselected package python3.11-minimal.
2025-09-04T05:28:09.5886882Z #10 6.223 Preparing to unpack .../8-python3.11-minimal_3.11.2-6+deb12u6_amd64.deb ...
2025-09-04T05:28:09.5903406Z #10 6.227 Unpacking python3.11-minimal (3.11.2-6+deb12u6) ...
2025-09-04T05:28:09.5904182Z #10 6.455 Setting up libssl3:amd64 (3.0.17-1~deb12u2) ...
2025-09-04T05:28:09.5905010Z #10 6.459 Setting up libpython3.11-minimal:amd64 (3.11.2-6+deb12u6) ...
2025-09-04T05:28:09.5905789Z #10 6.467 Setting up libexpat1:amd64 (2.5.0-1+deb12u1) ...
2025-09-04T05:28:09.5906532Z #10 6.471 Setting up python3.11-minimal (3.11.2-6+deb12u6) ...
2025-09-04T05:28:09.5907655Z #10 7.388 Selecting previously unselected package python3-minimal.
2025-09-04T05:28:09.5908427Z #10 7.388 (Reading database ... 
2025-09-04T05:28:09.5908889Z (Reading database ... 5%
2025-09-04T05:28:09.5909312Z (Reading database ... 10%
2025-09-04T05:28:09.5909738Z (Reading database ... 15%
2025-09-04T05:28:09.5910154Z (Reading database ... 20%
2025-09-04T05:28:09.5910556Z (Reading database ... 25%
2025-09-04T05:28:09.5910962Z (Reading database ... 30%
2025-09-04T05:28:09.5911372Z (Reading database ... 35%
2025-09-04T05:28:09.5911781Z (Reading database ... 40%
2025-09-04T05:28:09.5912190Z (Reading database ... 45%
2025-09-04T05:28:09.5912597Z (Reading database ... 50%
2025-09-04T05:28:09.5913012Z (Reading database ... 55%
2025-09-04T05:28:09.5913428Z (Reading database ... 60%
2025-09-04T05:28:09.5913835Z (Reading database ... 65%
2025-09-04T05:28:09.5914241Z (Reading database ... 70%
2025-09-04T05:28:09.5914652Z (Reading database ... 75%
2025-09-04T05:28:09.5915073Z (Reading database ... 80%
2025-09-04T05:28:09.5915483Z (Reading database ... 85%
2025-09-04T05:28:09.5915891Z (Reading database ... 90%
2025-09-04T05:28:09.5916279Z (Reading database ... 95%
2025-09-04T05:28:09.5946473Z (Reading database ... 100%
2025-09-04T05:28:09.5947308Z (Reading database ... 8421 files and directories currently installed.)
2025-09-04T05:28:09.5948646Z #10 7.400 Preparing to unpack .../00-python3-minimal_3.11.2-1+b1_amd64.deb ...
2025-09-04T05:28:09.5949475Z #10 7.534 Unpacking python3-minimal (3.11.2-1+b1) ...
2025-09-04T05:28:09.5950241Z #10 7.614 Selecting previously unselected package media-types.
2025-09-04T05:28:09.5951091Z #10 7.616 Preparing to unpack .../01-media-types_10.0.0_all.deb ...
2025-09-04T05:28:09.5951783Z #10 7.618 Unpacking media-types (10.0.0) ...
2025-09-04T05:28:09.6213069Z #10 7.659 Selecting previously unselected package libncursesw6:amd64.
2025-09-04T05:28:09.6214032Z #10 7.664 Preparing to unpack .../02-libncursesw6_6.4-4_amd64.deb ...
2025-09-04T05:28:09.6216519Z #10 7.666 Unpacking libncursesw6:amd64 (6.4-4) ...
2025-09-04T05:28:09.6221942Z #10 7.745 Selecting previously unselected package libkrb5support0:amd64.
2025-09-04T05:28:09.7760261Z #10 7.748 Preparing to unpack .../03-libkrb5support0_1.20.1-2+deb12u3_amd64.deb ...
2025-09-04T05:28:09.7763251Z #10 7.749 Unpacking libkrb5support0:amd64 (1.20.1-2+deb12u3) ...
2025-09-04T05:28:09.7764016Z #10 7.774 Selecting previously unselected package libk5crypto3:amd64.
2025-09-04T05:28:09.7764830Z #10 7.779 Preparing to unpack .../04-libk5crypto3_1.20.1-2+deb12u3_amd64.deb ...
2025-09-04T05:28:09.7765574Z #10 7.780 Unpacking libk5crypto3:amd64 (1.20.1-2+deb12u3) ...
2025-09-04T05:28:09.7766276Z #10 7.812 Selecting previously unselected package libkeyutils1:amd64.
2025-09-04T05:28:09.7767054Z #10 7.813 Preparing to unpack .../05-libkeyutils1_1.6.3-2_amd64.deb ...
2025-09-04T05:28:09.7767992Z #10 7.814 Unpacking libkeyutils1:amd64 (1.6.3-2) ...
2025-09-04T05:28:09.7768762Z #10 7.835 Selecting previously unselected package libkrb5-3:amd64.
2025-09-04T05:28:09.7788312Z #10 7.837 Preparing to unpack .../06-libkrb5-3_1.20.1-2+deb12u3_amd64.deb ...
2025-09-04T05:28:09.7789695Z #10 7.839 Unpacking libkrb5-3:amd64 (1.20.1-2+deb12u3) ...
2025-09-04T05:28:09.7790996Z #10 7.898 Selecting previously unselected package libgssapi-krb5-2:amd64.
2025-09-04T05:28:09.8973795Z #10 7.907 Preparing to unpack .../07-libgssapi-krb5-2_1.20.1-2+deb12u3_amd64.deb ...
2025-09-04T05:28:09.8980284Z #10 7.907 Unpacking libgssapi-krb5-2:amd64 (1.20.1-2+deb12u3) ...
2025-09-04T05:28:09.8981218Z #10 7.942 Selecting previously unselected package libtirpc-common.
2025-09-04T05:28:09.8982243Z #10 7.944 Preparing to unpack .../08-libtirpc-common_1.3.3+ds-1_all.deb ...
2025-09-04T05:28:09.8983113Z #10 7.950 Unpacking libtirpc-common (1.3.3+ds-1) ...
2025-09-04T05:28:09.8983998Z #10 7.982 Selecting previously unselected package libtirpc3:amd64.
2025-09-04T05:28:09.8984912Z #10 7.983 Preparing to unpack .../09-libtirpc3_1.3.3+ds-1_amd64.deb ...
2025-09-04T05:28:09.8985740Z #10 7.985 Unpacking libtirpc3:amd64 (1.3.3+ds-1) ...
2025-09-04T05:28:09.8986550Z #10 8.022 Selecting previously unselected package libnsl2:amd64.
2025-09-04T05:28:10.0177267Z #10 8.024 Preparing to unpack .../10-libnsl2_1.3.0-2_amd64.deb ...
2025-09-04T05:28:10.0186204Z #10 8.027 Unpacking libnsl2:amd64 (1.3.0-2) ...
2025-09-04T05:28:10.0187048Z #10 8.055 Selecting previously unselected package readline-common.
2025-09-04T05:28:10.0189225Z #10 8.055 Preparing to unpack .../11-readline-common_8.2-1.3_all.deb ...
2025-09-04T05:28:10.0190061Z #10 8.057 Unpacking readline-common (8.2-1.3) ...
2025-09-04T05:28:10.0190926Z #10 8.093 Selecting previously unselected package libreadline8:amd64.
2025-09-04T05:28:10.0192257Z #10 8.095 Preparing to unpack .../12-libreadline8_8.2-1.3_amd64.deb ...
2025-09-04T05:28:10.0193142Z #10 8.096 Unpacking libreadline8:amd64 (8.2-1.3) ...
2025-09-04T05:28:10.0194015Z #10 8.142 Selecting previously unselected package libsqlite3-0:amd64.
2025-09-04T05:28:10.2549370Z #10 8.142 Preparing to unpack .../13-libsqlite3-0_3.40.1-2+deb12u1_amd64.deb ...
2025-09-04T05:28:10.2550280Z #10 8.147 Unpacking libsqlite3-0:amd64 (3.40.1-2+deb12u1) ...
2025-09-04T05:28:10.2551158Z #10 8.227 Selecting previously unselected package libpython3.11-stdlib:amd64.
2025-09-04T05:28:10.2552176Z #10 8.227 Preparing to unpack .../14-libpython3.11-stdlib_3.11.2-6+deb12u6_amd64.deb ...
2025-09-04T05:28:10.2553153Z #10 8.228 Unpacking libpython3.11-stdlib:amd64 (3.11.2-6+deb12u6) ...
2025-09-04T05:28:10.3661340Z #10 8.490 Selecting previously unselected package python3.11.
2025-09-04T05:28:10.5970501Z #10 8.491 Preparing to unpack .../15-python3.11_3.11.2-6+deb12u6_amd64.deb ...
2025-09-04T05:28:10.5974317Z #10 8.493 Unpacking python3.11 (3.11.2-6+deb12u6) ...
2025-09-04T05:28:10.5975585Z #10 8.533 Selecting previously unselected package libpython3-stdlib:amd64.
2025-09-04T05:28:10.5976607Z #10 8.533 Preparing to unpack .../16-libpython3-stdlib_3.11.2-1+b1_amd64.deb ...
2025-09-04T05:28:10.5977701Z #10 8.535 Unpacking libpython3-stdlib:amd64 (3.11.2-1+b1) ...
2025-09-04T05:28:10.5978454Z #10 8.569 Setting up python3-minimal (3.11.2-1+b1) ...
2025-09-04T05:28:10.6766625Z #10 8.801 Selecting previously unselected package python3.
2025-09-04T05:28:10.7822626Z #10 8.801 (Reading database ... 
2025-09-04T05:28:10.7825287Z (Reading database ... 5%
2025-09-04T05:28:10.7825724Z (Reading database ... 10%
2025-09-04T05:28:10.7826135Z (Reading database ... 15%
2025-09-04T05:28:10.7826527Z (Reading database ... 20%
2025-09-04T05:28:10.7826925Z (Reading database ... 25%
2025-09-04T05:28:10.7827476Z (Reading database ... 30%
2025-09-04T05:28:10.7827874Z (Reading database ... 35%
2025-09-04T05:28:10.7828259Z (Reading database ... 40%
2025-09-04T05:28:10.7828662Z (Reading database ... 45%
2025-09-04T05:28:10.7829096Z (Reading database ... 50%
2025-09-04T05:28:10.7829481Z (Reading database ... 55%
2025-09-04T05:28:10.7829877Z (Reading database ... 60%
2025-09-04T05:28:10.7830253Z (Reading database ... 65%
2025-09-04T05:28:10.7830640Z (Reading database ... 70%
2025-09-04T05:28:10.7831288Z (Reading database ... 75%
2025-09-04T05:28:10.7831687Z (Reading database ... 80%
2025-09-04T05:28:10.7832067Z (Reading database ... 85%
2025-09-04T05:28:10.7832455Z (Reading database ... 90%
2025-09-04T05:28:10.7832840Z (Reading database ... 95%
2025-09-04T05:28:10.7833232Z (Reading database ... 100%
2025-09-04T05:28:10.7839392Z (Reading database ... 8929 files and directories currently installed.)
2025-09-04T05:28:10.7850852Z #10 8.814 Preparing to unpack .../00-python3_3.11.2-1+b1_amd64.deb ...
2025-09-04T05:28:10.7851614Z #10 8.820 Unpacking python3 (3.11.2-1+b1) ...
2025-09-04T05:28:10.7852308Z #10 8.846 Selecting previously unselected package less.
2025-09-04T05:28:10.7853106Z #10 8.846 Preparing to unpack .../01-less_590-2.1~deb12u2_amd64.deb ...
2025-09-04T05:28:10.7853812Z #10 8.849 Unpacking less (590-2.1~deb12u2) ...
2025-09-04T05:28:10.7854487Z #10 8.882 Selecting previously unselected package netbase.
2025-09-04T05:28:10.7855234Z #10 8.884 Preparing to unpack .../02-netbase_6.4_all.deb ...
2025-09-04T05:28:10.7855922Z #10 8.885 Unpacking netbase (6.4) ...
2025-09-04T05:28:10.7856561Z #10 8.906 Selecting previously unselected package openssl.
2025-09-04T05:28:10.7857883Z #10 8.906 Preparing to unpack .../03-openssl_3.0.17-1~deb12u2_amd64.deb ...
2025-09-04T05:28:10.9382876Z #10 8.912 Unpacking openssl (3.0.17-1~deb12u2) ...
2025-09-04T05:28:10.9424511Z #10 9.066 Selecting previously unselected package ca-certificates.
2025-09-04T05:28:11.0786386Z #10 9.067 Preparing to unpack .../04-ca-certificates_20230311+deb12u1_all.deb ...
2025-09-04T05:28:11.0788729Z #10 9.069 Unpacking ca-certificates (20230311+deb12u1) ...
2025-09-04T05:28:11.0789563Z #10 9.150 Selecting previously unselected package krb5-locales.
2025-09-04T05:28:11.0790489Z #10 9.151 Preparing to unpack .../05-krb5-locales_1.20.1-2+deb12u3_all.deb ...
2025-09-04T05:28:11.0791303Z #10 9.154 Unpacking krb5-locales (1.20.1-2+deb12u3) ...
2025-09-04T05:28:11.2065409Z #10 9.203 Selecting previously unselected package manpages.
2025-09-04T05:28:11.2066794Z #10 9.208 Preparing to unpack .../06-manpages_6.03-2_all.deb ...
2025-09-04T05:28:11.2073044Z #10 9.210 Unpacking manpages (6.03-2) ...
2025-09-04T05:28:11.2073859Z #10 9.331 Selecting previously unselected package libbsd0:amd64.
2025-09-04T05:28:11.3273110Z #10 9.333 Preparing to unpack .../07-libbsd0_0.11.7-2_amd64.deb ...
2025-09-04T05:28:11.3284230Z #10 9.337 Unpacking libbsd0:amd64 (0.11.7-2) ...
2025-09-04T05:28:11.3285042Z #10 9.391 Selecting previously unselected package libedit2:amd64.
2025-09-04T05:28:11.3285904Z #10 9.394 Preparing to unpack .../08-libedit2_3.1-20221030-2_amd64.deb ...
2025-09-04T05:28:11.3286691Z #10 9.397 Unpacking libedit2:amd64 (3.1-20221030-2) ...
2025-09-04T05:28:11.3288130Z #10 9.451 Selecting previously unselected package libcbor0.8:amd64.
2025-09-04T05:28:11.5641338Z #10 9.452 Preparing to unpack .../09-libcbor0.8_0.8.0-2+b1_amd64.deb ...
2025-09-04T05:28:11.5644351Z #10 9.456 Unpacking libcbor0.8:amd64 (0.8.0-2+b1) ...
2025-09-04T05:28:11.5645412Z #10 9.488 Selecting previously unselected package libfido2-1:amd64.
2025-09-04T05:28:11.5646374Z #10 9.492 Preparing to unpack .../10-libfido2-1_1.12.0-2+b1_amd64.deb ...
2025-09-04T05:28:11.5647232Z #10 9.494 Unpacking libfido2-1:amd64 (1.12.0-2+b1) ...
2025-09-04T05:28:11.5648274Z #10 9.533 Selecting previously unselected package openssh-client.
2025-09-04T05:28:11.5649306Z #10 9.536 Preparing to unpack .../11-openssh-client_1%3a9.2p1-2+deb12u7_amd64.deb ...
2025-09-04T05:28:11.5650287Z #10 9.548 Unpacking openssh-client (1:9.2p1-2+deb12u7) ...
2025-09-04T05:28:11.5651213Z #10 9.688 Selecting previously unselected package binutils-common:amd64.
2025-09-04T05:28:11.7194737Z #10 9.688 Preparing to unpack .../12-binutils-common_2.40-2_amd64.deb ...
2025-09-04T05:28:11.7200442Z #10 9.693 Unpacking binutils-common:amd64 (2.40-2) ...
2025-09-04T05:28:11.8379262Z #10 9.962 Selecting previously unselected package libbinutils:amd64.
2025-09-04T05:28:11.9802167Z #10 9.962 Preparing to unpack .../13-libbinutils_2.40-2_amd64.deb ...
2025-09-04T05:28:11.9804373Z #10 9.964 Unpacking libbinutils:amd64 (2.40-2) ...
2025-09-04T05:28:11.9805118Z #10 10.05 Selecting previously unselected package libctf-nobfd0:amd64.
2025-09-04T05:28:11.9805885Z #10 10.06 Preparing to unpack .../14-libctf-nobfd0_2.40-2_amd64.deb ...
2025-09-04T05:28:11.9806530Z #10 10.06 Unpacking libctf-nobfd0:amd64 (2.40-2) ...
2025-09-04T05:28:11.9807166Z #10 10.10 Selecting previously unselected package libctf0:amd64.
2025-09-04T05:28:12.1420648Z #10 10.11 Preparing to unpack .../15-libctf0_2.40-2_amd64.deb ...
2025-09-04T05:28:12.1422631Z #10 10.11 Unpacking libctf0:amd64 (2.40-2) ...
2025-09-04T05:28:12.1423380Z #10 10.14 Selecting previously unselected package libgprofng0:amd64.
2025-09-04T05:28:12.1424273Z #10 10.15 Preparing to unpack .../16-libgprofng0_2.40-2_amd64.deb ...
2025-09-04T05:28:12.1425057Z #10 10.15 Unpacking libgprofng0:amd64 (2.40-2) ...
2025-09-04T05:28:12.1425884Z #10 10.26 Selecting previously unselected package libjansson4:amd64.
2025-09-04T05:28:12.3334270Z #10 10.26 Preparing to unpack .../17-libjansson4_2.14-2_amd64.deb ...
2025-09-04T05:28:12.3348718Z #10 10.27 Unpacking libjansson4:amd64 (2.14-2) ...
2025-09-04T05:28:12.3349904Z #10 10.30 Selecting previously unselected package binutils-x86-64-linux-gnu.
2025-09-04T05:28:12.3351187Z #10 10.30 Preparing to unpack .../18-binutils-x86-64-linux-gnu_2.40-2_amd64.deb ...
2025-09-04T05:28:12.3352135Z #10 10.31 Unpacking binutils-x86-64-linux-gnu (2.40-2) ...
2025-09-04T05:28:12.4885104Z #10 10.61 Selecting previously unselected package binutils.
2025-09-04T05:28:12.6398923Z #10 10.61 Preparing to unpack .../19-binutils_2.40-2_amd64.deb ...
2025-09-04T05:28:12.6400352Z #10 10.62 Unpacking binutils (2.40-2) ...
2025-09-04T05:28:12.6401325Z #10 10.66 Selecting previously unselected package libisl23:amd64.
2025-09-04T05:28:12.6402152Z #10 10.66 Preparing to unpack .../20-libisl23_0.25-1.1_amd64.deb ...
2025-09-04T05:28:12.6402850Z #10 10.66 Unpacking libisl23:amd64 (0.25-1.1) ...
2025-09-04T05:28:12.7458120Z #10 10.76 Selecting previously unselected package libmpfr6:amd64.
2025-09-04T05:28:12.7460656Z #10 10.77 Preparing to unpack .../21-libmpfr6_4.2.0-1_amd64.deb ...
2025-09-04T05:28:12.7461913Z #10 10.77 Unpacking libmpfr6:amd64 (4.2.0-1) ...
2025-09-04T05:28:12.7463418Z #10 10.83 Selecting previously unselected package libmpc3:amd64.
2025-09-04T05:28:12.7464261Z #10 10.84 Preparing to unpack .../22-libmpc3_1.3.1-1_amd64.deb ...
2025-09-04T05:28:12.7464951Z #10 10.84 Unpacking libmpc3:amd64 (1.3.1-1) ...
2025-09-04T05:28:12.9037846Z #10 10.87 Selecting previously unselected package cpp-12.
2025-09-04T05:28:12.9039849Z #10 10.87 Preparing to unpack .../23-cpp-12_12.2.0-14+deb12u1_amd64.deb ...
2025-09-04T05:28:12.9041711Z #10 10.88 Unpacking cpp-12 (12.2.0-14+deb12u1) ...
2025-09-04T05:28:13.6080112Z #10 11.73 Selecting previously unselected package cpp.
2025-09-04T05:28:13.7920103Z #10 11.73 Preparing to unpack .../24-cpp_4%3a12.2.0-3_amd64.deb ...
2025-09-04T05:28:13.7921086Z #10 11.74 Unpacking cpp (4:12.2.0-3) ...
2025-09-04T05:28:13.7922052Z #10 11.77 Selecting previously unselected package fonts-dejavu-core.
2025-09-04T05:28:13.7923138Z #10 11.77 Preparing to unpack .../25-fonts-dejavu-core_2.37-6_all.deb ...
2025-09-04T05:28:13.7924013Z #10 11.77 Unpacking fonts-dejavu-core (2.37-6) ...
2025-09-04T05:28:13.7924913Z #10 11.91 Selecting previously unselected package fontconfig-config.
2025-09-04T05:28:13.9271984Z #10 11.92 Preparing to unpack .../26-fontconfig-config_2.14.1-4_amd64.deb ...
2025-09-04T05:28:14.0536325Z #10 12.05 Unpacking fontconfig-config (2.14.1-4) ...
2025-09-04T05:28:14.0537180Z #10 12.10 Selecting previously unselected package libcc1-0:amd64.
2025-09-04T05:28:14.0538301Z #10 12.10 Preparing to unpack .../27-libcc1-0_12.2.0-14+deb12u1_amd64.deb ...
2025-09-04T05:28:14.0539150Z #10 12.11 Unpacking libcc1-0:amd64 (12.2.0-14+deb12u1) ...
2025-09-04T05:28:14.0539957Z #10 12.14 Selecting previously unselected package libgomp1:amd64.
2025-09-04T05:28:14.0541164Z #10 12.14 Preparing to unpack .../28-libgomp1_12.2.0-14+deb12u1_amd64.deb ...
2025-09-04T05:28:14.0542015Z #10 12.14 Unpacking libgomp1:amd64 (12.2.0-14+deb12u1) ...
2025-09-04T05:28:14.0542764Z #10 12.18 Selecting previously unselected package libitm1:amd64.
2025-09-04T05:28:14.2761326Z #10 12.18 Preparing to unpack .../29-libitm1_12.2.0-14+deb12u1_amd64.deb ...
2025-09-04T05:28:14.2762266Z #10 12.18 Unpacking libitm1:amd64 (12.2.0-14+deb12u1) ...
2025-09-04T05:28:14.2763112Z #10 12.21 Selecting previously unselected package libatomic1:amd64.
2025-09-04T05:28:14.2764069Z #10 12.21 Preparing to unpack .../30-libatomic1_12.2.0-14+deb12u1_amd64.deb ...
2025-09-04T05:28:14.2764931Z #10 12.21 Unpacking libatomic1:amd64 (12.2.0-14+deb12u1) ...
2025-09-04T05:28:14.2765786Z #10 12.25 Selecting previously unselected package libasan8:amd64.
2025-09-04T05:28:14.2766696Z #10 12.25 Preparing to unpack .../31-libasan8_12.2.0-14+deb12u1_amd64.deb ...
2025-09-04T05:28:14.2767729Z #10 12.25 Unpacking libasan8:amd64 (12.2.0-14+deb12u1) ...
2025-09-04T05:28:14.3958910Z #10 12.52 Selecting previously unselected package liblsan0:amd64.
2025-09-04T05:28:14.5437305Z #10 12.52 Preparing to unpack .../32-liblsan0_12.2.0-14+deb12u1_amd64.deb ...
2025-09-04T05:28:14.5438578Z #10 12.52 Unpacking liblsan0:amd64 (12.2.0-14+deb12u1) ...
2025-09-04T05:28:14.5439441Z #10 12.67 Selecting previously unselected package libtsan2:amd64.
2025-09-04T05:28:14.6989657Z #10 12.67 Preparing to unpack .../33-libtsan2_12.2.0-14+deb12u1_amd64.deb ...
2025-09-04T05:28:14.6990542Z #10 12.67 Unpacking libtsan2:amd64 (12.2.0-14+deb12u1) ...
2025-09-04T05:28:14.8020694Z #10 12.93 Selecting previously unselected package libubsan1:amd64.
2025-09-04T05:28:14.9301173Z #10 12.93 Preparing to unpack .../34-libubsan1_12.2.0-14+deb12u1_amd64.deb ...
2025-09-04T05:28:14.9302130Z #10 12.93 Unpacking libubsan1:amd64 (12.2.0-14+deb12u1) ...
2025-09-04T05:28:14.9302954Z #10 13.05 Selecting previously unselected package libquadmath0:amd64.
2025-09-04T05:28:15.1759169Z #10 13.06 Preparing to unpack .../35-libquadmath0_12.2.0-14+deb12u1_amd64.deb ...
2025-09-04T05:28:15.1760301Z #10 13.06 Unpacking libquadmath0:amd64 (12.2.0-14+deb12u1) ...
2025-09-04T05:28:15.1761290Z #10 13.14 Selecting previously unselected package libgcc-12-dev:amd64.
2025-09-04T05:28:15.1762306Z #10 13.14 Preparing to unpack .../36-libgcc-12-dev_12.2.0-14+deb12u1_amd64.deb ...
2025-09-04T05:28:15.1763227Z #10 13.15 Unpacking libgcc-12-dev:amd64 (12.2.0-14+deb12u1) ...
2025-09-04T05:28:15.3413641Z #10 13.47 Selecting previously unselected package gcc-12.
2025-09-04T05:28:15.4950736Z #10 13.47 Preparing to unpack .../37-gcc-12_12.2.0-14+deb12u1_amd64.deb ...
2025-09-04T05:28:16.9249323Z #10 13.47 Unpacking gcc-12 (12.2.0-14+deb12u1) ...
2025-09-04T05:28:16.9253421Z #10 15.05 Selecting previously unselected package gcc.
2025-09-04T05:28:17.1536918Z #10 15.05 Preparing to unpack .../38-gcc_4%3a12.2.0-3_amd64.deb ...
2025-09-04T05:28:17.1537956Z #10 15.05 Unpacking gcc (4:12.2.0-3) ...
2025-09-04T05:28:17.1538733Z #10 15.08 Selecting previously unselected package libc-dev-bin.
2025-09-04T05:28:17.1539699Z #10 15.09 Preparing to unpack .../39-libc-dev-bin_2.36-9+deb12u10_amd64.deb ...
2025-09-04T05:28:17.1540555Z #10 15.09 Unpacking libc-dev-bin (2.36-9+deb12u10) ...
2025-09-04T05:28:17.1541414Z #10 15.12 Selecting previously unselected package linux-libc-dev:amd64.
2025-09-04T05:28:17.1542370Z #10 15.13 Preparing to unpack .../40-linux-libc-dev_6.1.147-1_amd64.deb ...
2025-09-04T05:28:17.1543184Z #10 15.13 Unpacking linux-libc-dev:amd64 (6.1.147-1) ...
2025-09-04T05:28:17.3550733Z #10 15.48 Selecting previously unselected package libcrypt-dev:amd64.
2025-09-04T05:28:17.4612607Z #10 15.48 Preparing to unpack .../41-libcrypt-dev_1%3a4.4.33-2_amd64.deb ...
2025-09-04T05:28:17.4613455Z #10 15.49 Unpacking libcrypt-dev:amd64 (1:4.4.33-2) ...
2025-09-04T05:28:17.4614164Z #10 15.53 Selecting previously unselected package libtirpc-dev:amd64.
2025-09-04T05:28:17.4614948Z #10 15.53 Preparing to unpack .../42-libtirpc-dev_1.3.3+ds-1_amd64.deb ...
2025-09-04T05:28:17.4615888Z #10 15.54 Unpacking libtirpc-dev:amd64 (1.3.3+ds-1) ...
2025-09-04T05:28:17.5606501Z #10 15.58 Selecting previously unselected package libnsl-dev:amd64.
2025-09-04T05:28:17.5607566Z #10 15.59 Preparing to unpack .../43-libnsl-dev_1.3.0-2_amd64.deb ...
2025-09-04T05:28:17.5608251Z #10 15.59 Unpacking libnsl-dev:amd64 (1.3.0-2) ...
2025-09-04T05:28:17.5608927Z #10 15.63 Selecting previously unselected package rpcsvc-proto.
2025-09-04T05:28:17.5609706Z #10 15.63 Preparing to unpack .../44-rpcsvc-proto_1.4.3-1_amd64.deb ...
2025-09-04T05:28:17.5610369Z #10 15.63 Unpacking rpcsvc-proto (1.4.3-1) ...
2025-09-04T05:28:17.5611066Z #10 15.68 Selecting previously unselected package libc6-dev:amd64.
2025-09-04T05:28:17.7192309Z #10 15.69 Preparing to unpack .../45-libc6-dev_2.36-9+deb12u10_amd64.deb ...
2025-09-04T05:28:17.7196538Z #10 15.69 Unpacking libc6-dev:amd64 (2.36-9+deb12u10) ...
2025-09-04T05:28:17.8813330Z #10 16.01 Selecting previously unselected package libstdc++-12-dev:amd64.
2025-09-04T05:28:18.0402555Z #10 16.01 Preparing to unpack .../46-libstdc++-12-dev_12.2.0-14+deb12u1_amd64.deb ...
2025-09-04T05:28:18.0403833Z #10 16.01 Unpacking libstdc++-12-dev:amd64 (12.2.0-14+deb12u1) ...
2025-09-04T05:28:18.4744215Z #10 16.44 Selecting previously unselected package g++-12.
2025-09-04T05:28:18.4745134Z #10 16.45 Preparing to unpack .../47-g++-12_12.2.0-14+deb12u1_amd64.deb ...
2025-09-04T05:28:18.4745893Z #10 16.45 Unpacking g++-12 (12.2.0-14+deb12u1) ...
2025-09-04T05:28:19.2195696Z #10 17.34 Selecting previously unselected package g++.
2025-09-04T05:28:19.3524478Z #10 17.34 Preparing to unpack .../48-g++_4%3a12.2.0-3_amd64.deb ...
2025-09-04T05:28:19.3525202Z #10 17.35 Unpacking g++ (4:12.2.0-3) ...
2025-09-04T05:28:19.3525947Z #10 17.38 Selecting previously unselected package libbrotli1:amd64.
2025-09-04T05:28:19.3526799Z #10 17.38 Preparing to unpack .../49-libbrotli1_1.0.9-2+b6_amd64.deb ...
2025-09-04T05:28:19.3527694Z #10 17.38 Unpacking libbrotli1:amd64 (1.0.9-2+b6) ...
2025-09-04T05:28:19.3528491Z #10 17.44 Selecting previously unselected package libsasl2-modules-db:amd64.
2025-09-04T05:28:19.3529421Z #10 17.44 Preparing to unpack .../50-libsasl2-modules-db_2.1.28+dfsg-10_amd64.deb ...
2025-09-04T05:28:19.3530244Z #10 17.44 Unpacking libsasl2-modules-db:amd64 (2.1.28+dfsg-10) ...
2025-09-04T05:28:19.3531009Z #10 17.48 Selecting previously unselected package libsasl2-2:amd64.
2025-09-04T05:28:19.4738900Z #10 17.48 Preparing to unpack .../51-libsasl2-2_2.1.28+dfsg-10_amd64.deb ...
2025-09-04T05:28:19.4739687Z #10 17.48 Unpacking libsasl2-2:amd64 (2.1.28+dfsg-10) ...
2025-09-04T05:28:19.4740404Z #10 17.53 Selecting previously unselected package libldap-2.5-0:amd64.
2025-09-04T05:28:19.4741579Z #10 17.54 Preparing to unpack .../52-libldap-2.5-0_2.5.13+dfsg-5_amd64.deb ...
2025-09-04T05:28:19.6050514Z #10 17.54 Unpacking libldap-2.5-0:amd64 (2.5.13+dfsg-5) ...
2025-09-04T05:28:19.6051793Z #10 17.60 Selecting previously unselected package libnghttp2-14:amd64.
2025-09-04T05:28:19.6053467Z #10 17.60 Preparing to unpack .../53-libnghttp2-14_1.52.0-1+deb12u2_amd64.deb ...
2025-09-04T05:28:19.6054577Z #10 17.60 Unpacking libnghttp2-14:amd64 (1.52.0-1+deb12u2) ...
2025-09-04T05:28:19.6055592Z #10 17.65 Selecting previously unselected package libpsl5:amd64.
2025-09-04T05:28:19.6056410Z #10 17.65 Preparing to unpack .../54-libpsl5_0.21.2-1_amd64.deb ...
2025-09-04T05:28:19.6057100Z #10 17.65 Unpacking libpsl5:amd64 (0.21.2-1) ...
2025-09-04T05:28:19.6058052Z #10 17.69 Selecting previously unselected package librtmp1:amd64.
2025-09-04T05:28:19.6059045Z #10 17.69 Preparing to unpack .../55-librtmp1_2.4+20151223.gitfa8646d.1-2+b2_amd64.deb ...
2025-09-04T05:28:19.6060018Z #10 17.69 Unpacking librtmp1:amd64 (2.4+20151223.gitfa8646d.1-2+b2) ...
2025-09-04T05:28:19.6060908Z #10 17.73 Selecting previously unselected package libssh2-1:amd64.
2025-09-04T05:28:19.6061491Z #10 ...
2025-09-04T05:28:19.6061670Z 
2025-09-04T05:28:19.6062741Z #11 [production  5/11] RUN npm ci --only=production --no-audit --prefer-offline     && npm cache clean --force
2025-09-04T05:28:19.6064075Z #11 0.294 npm warn config only Use `--omit=dev` to omit dev dependencies from the install.
2025-09-04T05:28:19.7328571Z #11 ...
2025-09-04T05:28:19.7329197Z 
2025-09-04T05:28:19.7341210Z #10 [frontend-builder 2/9] RUN apt-get update && apt-get install -y     git     python3     make     g++     && rm -rf /var/lib/apt/lists/*     && apt-get clean
2025-09-04T05:28:19.7342608Z #10 17.73 Preparing to unpack .../56-libssh2-1_1.10.0-3+b1_amd64.deb ...
2025-09-04T05:28:19.7347963Z #10 17.74 Unpacking libssh2-1:amd64 (1.10.0-3+b1) ...
2025-09-04T05:28:19.7348828Z #10 17.79 Selecting previously unselected package libcurl3-gnutls:amd64.
2025-09-04T05:28:19.7349964Z #10 17.79 Preparing to unpack .../57-libcurl3-gnutls_7.88.1-10+deb12u12_amd64.deb ...
2025-09-04T05:28:19.7350911Z #10 17.79 Unpacking libcurl3-gnutls:amd64 (7.88.1-10+deb12u12) ...
2025-09-04T05:28:19.7351769Z #10 17.86 Selecting previously unselected package liberror-perl.
2025-09-04T05:28:19.9206834Z #10 17.86 Preparing to unpack .../58-liberror-perl_0.17029-2_all.deb ...
2025-09-04T05:28:19.9208258Z #10 17.86 Unpacking liberror-perl (0.17029-2) ...
2025-09-04T05:28:19.9209018Z #10 17.89 Selecting previously unselected package git-man.
2025-09-04T05:28:19.9209918Z #10 17.89 Preparing to unpack .../59-git-man_1%3a2.39.5-0+deb12u2_all.deb ...
2025-09-04T05:28:19.9210873Z #10 17.90 Unpacking git-man (1:2.39.5-0+deb12u2) ...
2025-09-04T05:28:19.9211579Z #10 18.04 Selecting previously unselected package git.
2025-09-04T05:28:20.0824635Z #10 18.04 Preparing to unpack .../60-git_1%3a2.39.5-0+deb12u2_amd64.deb ...
2025-09-04T05:28:20.0826802Z #10 18.06 Unpacking git (1:2.39.5-0+deb12u2) ...
2025-09-04T05:28:20.6661846Z #10 18.79 Selecting previously unselected package libabsl20220623:amd64.
2025-09-04T05:28:20.7703614Z #10 18.79 Preparing to unpack .../61-libabsl20220623_20220623.1-1+deb12u2_amd64.deb ...
2025-09-04T05:28:20.7707648Z #10 18.79 Unpacking libabsl20220623:amd64 (20220623.1-1+deb12u2) ...
2025-09-04T05:28:20.7708559Z #10 18.89 Selecting previously unselected package libaom3:amd64.
2025-09-04T05:28:20.9247296Z #10 18.90 Preparing to unpack .../62-libaom3_3.6.0-1+deb12u1_amd64.deb ...
2025-09-04T05:28:20.9257048Z #10 18.90 Unpacking libaom3:amd64 (3.6.0-1+deb12u1) ...
2025-09-04T05:28:21.0841878Z #10 19.10 Selecting previously unselected package libdav1d6:amd64.
2025-09-04T05:28:21.0843870Z #10 19.10 Preparing to unpack .../63-libdav1d6_1.0.0-2+deb12u1_amd64.deb ...
2025-09-04T05:28:21.0844610Z #10 19.11 Unpacking libdav1d6:amd64 (1.0.0-2+deb12u1) ...
2025-09-04T05:28:21.0845293Z #10 19.21 Selecting previously unselected package libgav1-1:amd64.
2025-09-04T05:28:21.3147488Z #10 19.21 Preparing to unpack .../64-libgav1-1_0.18.0-1+b1_amd64.deb ...
2025-09-04T05:28:21.3149287Z #10 19.21 Unpacking libgav1-1:amd64 (0.18.0-1+b1) ...
2025-09-04T05:28:21.3151169Z #10 19.28 Selecting previously unselected package librav1e0:amd64.
2025-09-04T05:28:21.3152071Z #10 19.28 Preparing to unpack .../65-librav1e0_0.5.1-6_amd64.deb ...
2025-09-04T05:28:21.3152868Z #10 19.29 Unpacking librav1e0:amd64 (0.5.1-6) ...
2025-09-04T05:28:21.3311340Z #10 19.46 Selecting previously unselected package libsvtav1enc1:amd64.
2025-09-04T05:28:21.4913191Z #10 19.46 Preparing to unpack .../66-libsvtav1enc1_1.4.1+dfsg-1_amd64.deb ...
2025-09-04T05:28:21.4915304Z #10 19.46 Unpacking libsvtav1enc1:amd64 (1.4.1+dfsg-1) ...
2025-09-04T05:28:21.5854588Z #10 19.71 Selecting previously unselected package libjpeg62-turbo:amd64.
2025-09-04T05:28:21.7118800Z #10 19.71 Preparing to unpack .../67-libjpeg62-turbo_1%3a2.1.5-2_amd64.deb ...
2025-09-04T05:28:21.7128060Z #10 19.72 Unpacking libjpeg62-turbo:amd64 (1:2.1.5-2) ...
2025-09-04T05:28:21.7128860Z #10 19.79 Selecting previously unselected package libyuv0:amd64.
2025-09-04T05:28:21.7129831Z #10 19.79 Preparing to unpack .../68-libyuv0_0.0~git20230123.b2528b0-1_amd64.deb ...
2025-09-04T05:28:21.7130754Z #10 19.79 Unpacking libyuv0:amd64 (0.0~git20230123.b2528b0-1) ...
2025-09-04T05:28:21.7141262Z #10 19.84 Selecting previously unselected package libavif15:amd64.
2025-09-04T05:28:21.8119523Z #10 19.84 Preparing to unpack .../69-libavif15_0.11.1-1+deb12u1_amd64.deb ...
2025-09-04T05:28:21.8123120Z #10 19.84 Unpacking libavif15:amd64 (0.11.1-1+deb12u1) ...
2025-09-04T05:28:21.8142207Z #10 19.88 Selecting previously unselected package libpng16-16:amd64.
2025-09-04T05:28:21.8143106Z #10 19.88 Preparing to unpack .../70-libpng16-16_1.6.39-2_amd64.deb ...
2025-09-04T05:28:21.8143870Z #10 19.88 Unpacking libpng16-16:amd64 (1.6.39-2) ...
2025-09-04T05:28:21.8144681Z #10 19.93 Selecting previously unselected package libfreetype6:amd64.
2025-09-04T05:28:21.8146226Z #10 19.93 Preparing to unpack .../71-libfreetype6_2.12.1+dfsg-5+deb12u4_amd64.deb ...
2025-09-04T05:28:21.8161485Z #10 19.94 Unpacking libfreetype6:amd64 (2.12.1+dfsg-5+deb12u4) ...
2025-09-04T05:28:21.9283238Z #10 20.00 Selecting previously unselected package libfontconfig1:amd64.
2025-09-04T05:28:21.9284336Z #10 20.01 Preparing to unpack .../72-libfontconfig1_2.14.1-4_amd64.deb ...
2025-09-04T05:28:21.9285194Z #10 20.01 Unpacking libfontconfig1:amd64 (2.14.1-4) ...
2025-09-04T05:28:22.0316941Z #10 20.05 Selecting previously unselected package libde265-0:amd64.
2025-09-04T05:28:22.0318615Z #10 20.06 Preparing to unpack .../73-libde265-0_1.0.11-1+deb12u2_amd64.deb ...
2025-09-04T05:28:22.0321645Z #10 20.06 Unpacking libde265-0:amd64 (1.0.11-1+deb12u2) ...
2025-09-04T05:28:22.0322728Z #10 20.11 Selecting previously unselected package libnuma1:amd64.
2025-09-04T05:28:22.0324902Z #10 20.11 Preparing to unpack .../74-libnuma1_2.0.16-1_amd64.deb ...
2025-09-04T05:28:22.0327072Z #10 20.12 Unpacking libnuma1:amd64 (2.0.16-1) ...
2025-09-04T05:28:22.0329179Z #10 20.15 Selecting previously unselected package libx265-199:amd64.
2025-09-04T05:28:22.0331111Z #10 20.15 Preparing to unpack .../75-libx265-199_3.5-2+b1_amd64.deb ...
2025-09-04T05:28:22.0332029Z #10 20.16 Unpacking libx265-199:amd64 (3.5-2+b1) ...
2025-09-04T05:28:22.2169743Z #10 20.34 Selecting previously unselected package libheif1:amd64.
2025-09-04T05:28:22.3189819Z #10 20.34 Preparing to unpack .../76-libheif1_1.15.1-1+deb12u1_amd64.deb ...
2025-09-04T05:28:22.3190779Z #10 20.34 Unpacking libheif1:amd64 (1.15.1-1+deb12u1) ...
2025-09-04T05:28:22.3191725Z #10 20.40 Selecting previously unselected package libdeflate0:amd64.
2025-09-04T05:28:22.3196547Z #10 20.40 Preparing to unpack .../77-libdeflate0_1.14-1_amd64.deb ...
2025-09-04T05:28:22.3198514Z #10 20.40 Unpacking libdeflate0:amd64 (1.14-1) ...
2025-09-04T05:28:22.3199408Z #10 20.44 Selecting previously unselected package libjbig0:amd64.
2025-09-04T05:28:22.3207830Z #10 20.44 Preparing to unpack .../78-libjbig0_2.1-6.1_amd64.deb ...
2025-09-04T05:28:22.4192580Z #10 20.45 Unpacking libjbig0:amd64 (2.1-6.1) ...
2025-09-04T05:28:22.4194237Z #10 20.48 Selecting previously unselected package liblerc4:amd64.
2025-09-04T05:28:22.4195461Z #10 20.48 Preparing to unpack .../79-liblerc4_4.0.0+ds-2_amd64.deb ...
2025-09-04T05:28:22.4197715Z #10 20.49 Unpacking liblerc4:amd64 (4.0.0+ds-2) ...
2025-09-04T05:28:22.4199072Z #10 20.53 Selecting previously unselected package libwebp7:amd64.
2025-09-04T05:28:22.4200316Z #10 20.54 Preparing to unpack .../80-libwebp7_1.2.4-0.2+deb12u1_amd64.deb ...
2025-09-04T05:28:22.4201385Z #10 20.54 Unpacking libwebp7:amd64 (1.2.4-0.2+deb12u1) ...
2025-09-04T05:28:22.5521852Z #10 20.62 Selecting previously unselected package libtiff6:amd64.
2025-09-04T05:28:22.5535113Z #10 20.62 Preparing to unpack .../81-libtiff6_4.5.0-6+deb12u2_amd64.deb ...
2025-09-04T05:28:22.5547803Z #10 20.62 Unpacking libtiff6:amd64 (4.5.0-6+deb12u2) ...
2025-09-04T05:28:22.5549304Z #10 20.67 Selecting previously unselected package libxau6:amd64.
2025-09-04T05:28:22.6977483Z #10 20.68 Preparing to unpack .../82-libxau6_1%3a1.0.9-1_amd64.deb ...
2025-09-04T05:28:22.6980671Z #10 20.68 Unpacking libxau6:amd64 (1:1.0.9-1) ...
2025-09-04T05:28:22.6981403Z #10 20.72 Selecting previously unselected package libxdmcp6:amd64.
2025-09-04T05:28:22.6983107Z #10 20.73 Preparing to unpack .../83-libxdmcp6_1%3a1.1.2-3_amd64.deb ...
2025-09-04T05:28:22.6984034Z #10 20.73 Unpacking libxdmcp6:amd64 (1:1.1.2-3) ...
2025-09-04T05:28:22.6984718Z #10 20.82 Selecting previously unselected package libxcb1:amd64.
2025-09-04T05:28:22.6985432Z #10 20.82 Preparing to unpack .../84-libxcb1_1.15-1_amd64.deb ...
2025-09-04T05:28:22.8704092Z #10 20.82 Unpacking libxcb1:amd64 (1.15-1) ...
2025-09-04T05:28:22.8708493Z #10 20.86 Selecting previously unselected package libx11-data.
2025-09-04T05:28:22.8709357Z #10 20.86 Preparing to unpack .../85-libx11-data_2%3a1.8.4-2+deb12u2_all.deb ...
2025-09-04T05:28:22.8710110Z #10 20.87 Unpacking libx11-data (2:1.8.4-2+deb12u2) ...
2025-09-04T05:28:22.8710818Z #10 20.99 Selecting previously unselected package libx11-6:amd64.
2025-09-04T05:28:22.9760056Z #10 21.00 Preparing to unpack .../86-libx11-6_2%3a1.8.4-2+deb12u2_amd64.deb ...
2025-09-04T05:28:22.9761330Z #10 21.00 Unpacking libx11-6:amd64 (2:1.8.4-2+deb12u2) ...
2025-09-04T05:28:22.9762532Z #10 21.09 Selecting previously unselected package libxpm4:amd64.
2025-09-04T05:28:22.9763957Z #10 21.10 Preparing to unpack .../87-libxpm4_1%3a3.5.12-1.1+deb12u1_amd64.deb ...
2025-09-04T05:28:23.1042728Z #10 21.10 Unpacking libxpm4:amd64 (1:3.5.12-1.1+deb12u1) ...
2025-09-04T05:28:23.1045267Z #10 21.13 Selecting previously unselected package libgd3:amd64.
2025-09-04T05:28:23.1048227Z #10 21.13 Preparing to unpack .../88-libgd3_2.3.3-9_amd64.deb ...
2025-09-04T05:28:23.1048988Z #10 21.14 Unpacking libgd3:amd64 (2.3.3-9) ...
2025-09-04T05:28:23.1049723Z #10 21.18 Selecting previously unselected package libc-devtools.
2025-09-04T05:28:23.1050643Z #10 21.19 Preparing to unpack .../89-libc-devtools_2.36-9+deb12u10_amd64.deb ...
2025-09-04T05:28:23.1051476Z #10 21.19 Unpacking libc-devtools (2.36-9+deb12u10) ...
2025-09-04T05:28:23.1052129Z #10 21.23 Selecting previously unselected package libgpm2:amd64.
2025-09-04T05:28:23.2309018Z #10 21.23 Preparing to unpack .../90-libgpm2_1.20.7-10+b1_amd64.deb ...
2025-09-04T05:28:23.2311172Z #10 21.23 Unpacking libgpm2:amd64 (1.20.7-10+b1) ...
2025-09-04T05:28:23.2315194Z #10 21.27 Selecting previously unselected package libldap-common.
2025-09-04T05:28:23.2316104Z #10 21.27 Preparing to unpack .../91-libldap-common_2.5.13+dfsg-5_all.deb ...
2025-09-04T05:28:23.2316884Z #10 21.27 Unpacking libldap-common (2.5.13+dfsg-5) ...
2025-09-04T05:28:23.2321639Z #10 21.30 Selecting previously unselected package libsasl2-modules:amd64.
2025-09-04T05:28:23.2322744Z #10 21.30 Preparing to unpack .../92-libsasl2-modules_2.1.28+dfsg-10_amd64.deb ...
2025-09-04T05:28:23.2323754Z #10 21.31 Unpacking libsasl2-modules:amd64 (2.1.28+dfsg-10) ...
2025-09-04T05:28:23.2348040Z #10 21.35 Selecting previously unselected package libxext6:amd64.
2025-09-04T05:28:23.3762296Z #10 21.36 Preparing to unpack .../93-libxext6_2%3a1.3.4-1+b1_amd64.deb ...
2025-09-04T05:28:23.3766031Z #10 21.36 Unpacking libxext6:amd64 (2:1.3.4-1+b1) ...
2025-09-04T05:28:23.3770166Z #10 21.39 Selecting previously unselected package libxmuu1:amd64.
2025-09-04T05:28:23.3771173Z #10 21.40 Preparing to unpack .../94-libxmuu1_2%3a1.1.3-3_amd64.deb ...
2025-09-04T05:28:23.3771975Z #10 21.40 Unpacking libxmuu1:amd64 (2:1.1.3-3) ...
2025-09-04T05:28:23.3772653Z #10 21.42 Selecting previously unselected package make.
2025-09-04T05:28:23.3773379Z #10 21.43 Preparing to unpack .../95-make_4.3-4.1_amd64.deb ...
2025-09-04T05:28:23.3773976Z #10 21.43 Unpacking make (4.3-4.1) ...
2025-09-04T05:28:23.5347306Z #10 21.50 Selecting previously unselected package manpages-dev.
2025-09-04T05:28:23.5350249Z #10 21.51 Preparing to unpack .../96-manpages-dev_6.03-2_all.deb ...
2025-09-04T05:28:23.5364950Z #10 21.51 Unpacking manpages-dev (6.03-2) ...
2025-09-04T05:28:23.7097063Z #10 21.83 Selecting previously unselected package patch.
2025-09-04T05:28:23.8113834Z #10 21.83 Preparing to unpack .../97-patch_2.7.6-7_amd64.deb ...
2025-09-04T05:28:23.8114975Z #10 21.84 Unpacking patch (2.7.6-7) ...
2025-09-04T05:28:23.8123938Z #10 21.89 Selecting previously unselected package publicsuffix.
2025-09-04T05:28:23.8126475Z #10 21.89 Preparing to unpack .../98-publicsuffix_20230209.2326-1_all.deb ...
2025-09-04T05:28:23.8127881Z #10 21.90 Unpacking publicsuffix (20230209.2326-1) ...
2025-09-04T05:28:23.8128641Z #10 21.94 Selecting previously unselected package xauth.
2025-09-04T05:28:23.9179475Z #10 21.94 Preparing to unpack .../99-xauth_1%3a1.1.2-1_amd64.deb ...
2025-09-04T05:28:23.9180831Z #10 21.94 Unpacking xauth (1:1.1.2-1) ...
2025-09-04T05:28:23.9183418Z #10 21.99 Setting up media-types (10.0.0) ...
2025-09-04T05:28:23.9183998Z #10 22.00 Setting up libaom3:amd64 (3.6.0-1+deb12u1) ...
2025-09-04T05:28:23.9184980Z #10 22.00 Setting up libabsl20220623:amd64 (20220623.1-1+deb12u2) ...
2025-09-04T05:28:23.9185666Z #10 22.01 Setting up libxau6:amd64 (1:1.0.9-1) ...
2025-09-04T05:28:23.9189360Z #10 22.02 Setting up libkeyutils1:amd64 (1.6.3-2) ...
2025-09-04T05:28:23.9190349Z #10 22.02 Setting up libpsl5:amd64 (0.21.2-1) ...
2025-09-04T05:28:23.9190967Z #10 22.03 Setting up libgpm2:amd64 (1.20.7-10+b1) ...
2025-09-04T05:28:23.9191602Z #10 22.03 Setting up liblerc4:amd64 (4.0.0+ds-2) ...
2025-09-04T05:28:23.9192130Z #10 22.04 Setting up manpages (6.03-2) ...
2025-09-04T05:28:24.0215462Z #10 22.05 Setting up libtirpc-common (1.3.3+ds-1) ...
2025-09-04T05:28:24.0218867Z #10 22.06 Setting up libcbor0.8:amd64 (0.8.0-2+b1) ...
2025-09-04T05:28:24.0220403Z #10 22.06 Setting up libbrotli1:amd64 (1.0.9-2+b6) ...
2025-09-04T05:28:24.0221475Z #10 22.07 Setting up libsqlite3-0:amd64 (3.40.1-2+deb12u1) ...
2025-09-04T05:28:24.0222554Z #10 22.07 Setting up libsasl2-modules:amd64 (2.1.28+dfsg-10) ...
2025-09-04T05:28:24.0223860Z #10 22.09 Setting up binutils-common:amd64 (2.40-2) ...
2025-09-04T05:28:24.0227793Z #10 22.09 Setting up libnghttp2-14:amd64 (1.52.0-1+deb12u2) ...
2025-09-04T05:28:24.0229982Z #10 22.10 Setting up libdeflate0:amd64 (1.14-1) ...
2025-09-04T05:28:24.0230889Z #10 22.11 Setting up less (590-2.1~deb12u2) ...
2025-09-04T05:28:24.0231839Z #10 22.12 Setting up linux-libc-dev:amd64 (6.1.147-1) ...
2025-09-04T05:28:24.0234514Z #10 22.13 Setting up libctf-nobfd0:amd64 (2.40-2) ...
2025-09-04T05:28:24.0235240Z #10 22.14 Setting up krb5-locales (1.20.1-2+deb12u3) ...
2025-09-04T05:28:24.0249315Z #10 22.14 Setting up libsvtav1enc1:amd64 (1.4.1+dfsg-1) ...
2025-09-04T05:28:24.0255482Z #10 22.15 Setting up libgomp1:amd64 (12.2.0-14+deb12u1) ...
2025-09-04T05:28:24.1250000Z #10 22.15 Setting up libldap-common (2.5.13+dfsg-5) ...
2025-09-04T05:28:24.1250812Z #10 22.16 Setting up libjbig0:amd64 (2.1-6.1) ...
2025-09-04T05:28:24.1252105Z #10 22.17 Setting up librav1e0:amd64 (0.5.1-6) ...
2025-09-04T05:28:24.1254451Z #10 22.17 Setting up libjansson4:amd64 (2.14-2) ...
2025-09-04T05:28:24.1258241Z #10 22.18 Setting up libkrb5support0:amd64 (1.20.1-2+deb12u3) ...
2025-09-04T05:28:24.1259436Z #10 22.19 Setting up libsasl2-modules-db:amd64 (2.1.28+dfsg-10) ...
2025-09-04T05:28:24.1260510Z #10 22.19 Setting up perl-modules-5.36 (5.36.0-7+deb12u2) ...
2025-09-04T05:28:24.1261165Z #10 22.20 Setting up rpcsvc-proto (1.4.3-1) ...
2025-09-04T05:28:24.1262599Z #10 22.20 Setting up libjpeg62-turbo:amd64 (1:2.1.5-2) ...
2025-09-04T05:28:24.1263287Z #10 22.21 Setting up libx11-data (2:1.8.4-2+deb12u2) ...
2025-09-04T05:28:24.1263765Z #10 22.21 Setting up make (4.3-4.1) ...
2025-09-04T05:28:24.1264209Z #10 22.22 Setting up libmpfr6:amd64 (4.2.0-1) ...
2025-09-04T05:28:24.1264787Z #10 22.23 Setting up librtmp1:amd64 (2.4+20151223.gitfa8646d.1-2+b2) ...
2025-09-04T05:28:24.1265396Z #10 22.23 Setting up libquadmath0:amd64 (12.2.0-14+deb12u1) ...
2025-09-04T05:28:24.1265994Z #10 22.24 Setting up libpng16-16:amd64 (1.6.39-2) ...
2025-09-04T05:28:24.1266572Z #10 22.24 Setting up libmpc3:amd64 (1.3.1-1) ...
2025-09-04T05:28:24.1267158Z #10 22.25 Setting up libatomic1:amd64 (12.2.0-14+deb12u1) ...
2025-09-04T05:28:24.2276836Z #10 22.26 Setting up patch (2.7.6-7) ...
2025-09-04T05:28:24.2289947Z #10 22.27 Setting up fonts-dejavu-core (2.37-6) ...
2025-09-04T05:28:24.2290595Z #10 22.32 Setting up libgav1-1:amd64 (0.18.0-1+b1) ...
2025-09-04T05:28:24.2291502Z #10 22.33 Setting up libncursesw6:amd64 (6.4-4) ...
2025-09-04T05:28:24.2292170Z #10 22.34 Setting up libk5crypto3:amd64 (1.20.1-2+deb12u3) ...
2025-09-04T05:28:24.2292860Z #10 22.34 Setting up libdav1d6:amd64 (1.0.0-2+deb12u1) ...
2025-09-04T05:28:24.2293512Z #10 22.35 Setting up libsasl2-2:amd64 (2.1.28+dfsg-10) ...
2025-09-04T05:28:24.3280663Z #10 22.36 Setting up libwebp7:amd64 (1.2.4-0.2+deb12u1) ...
2025-09-04T05:28:24.3281420Z #10 22.37 Setting up libubsan1:amd64 (12.2.0-14+deb12u1) ...
2025-09-04T05:28:24.3284442Z #10 22.38 Setting up libnuma1:amd64 (2.0.16-1) ...
2025-09-04T05:28:24.3286947Z #10 22.38 Setting up libcrypt-dev:amd64 (1:4.4.33-2) ...
2025-09-04T05:28:24.3287983Z #10 22.40 Setting up libtiff6:amd64 (4.5.0-6+deb12u2) ...
2025-09-04T05:28:24.3288735Z #10 22.41 Setting up libasan8:amd64 (12.2.0-14+deb12u1) ...
2025-09-04T05:28:24.3289397Z #10 22.42 Setting up git-man (1:2.39.5-0+deb12u2) ...
2025-09-04T05:28:24.3290048Z #10 22.43 Setting up libssh2-1:amd64 (1.10.0-3+b1) ...
2025-09-04T05:28:24.3299157Z #10 22.44 Setting up netbase (6.4) ...
2025-09-04T05:28:24.3299865Z #10 22.45 Setting up libkrb5-3:amd64 (1.20.1-2+deb12u3) ...
2025-09-04T05:28:24.4315536Z #10 22.46 Setting up libtsan2:amd64 (12.2.0-14+deb12u1) ...
2025-09-04T05:28:24.4316411Z #10 22.47 Setting up libbinutils:amd64 (2.40-2) ...
2025-09-04T05:28:24.4317119Z #10 22.47 Setting up libfido2-1:amd64 (1.12.0-2+b1) ...
2025-09-04T05:28:24.4317991Z #10 22.48 Setting up libisl23:amd64 (0.25-1.1) ...
2025-09-04T05:28:24.4318705Z #10 22.48 Setting up libde265-0:amd64 (1.0.11-1+deb12u2) ...
2025-09-04T05:28:24.4319613Z #10 22.49 Setting up libc-dev-bin (2.36-9+deb12u10) ...
2025-09-04T05:28:24.4320332Z #10 22.50 Setting up openssl (3.0.17-1~deb12u2) ...
2025-09-04T05:28:24.4320956Z #10 22.51 Setting up libbsd0:amd64 (0.11.7-2) ...
2025-09-04T05:28:24.4321665Z #10 22.52 Setting up libyuv0:amd64 (0.0~git20230123.b2528b0-1) ...
2025-09-04T05:28:24.4322336Z #10 22.52 Setting up readline-common (8.2-1.3) ...
2025-09-04T05:28:24.4325299Z #10 22.53 Setting up publicsuffix (20230209.2326-1) ...
2025-09-04T05:28:24.4326033Z #10 22.54 Setting up libcc1-0:amd64 (12.2.0-14+deb12u1) ...
2025-09-04T05:28:24.4326944Z #10 22.55 Setting up liblsan0:amd64 (12.2.0-14+deb12u1) ...
2025-09-04T05:28:24.4328229Z #10 22.56 Setting up libitm1:amd64 (12.2.0-14+deb12u1) ...
2025-09-04T05:28:24.6192934Z #10 22.56 Setting up libgdbm6:amd64 (1.23-3) ...
2025-09-04T05:28:24.6194670Z #10 22.57 Setting up libctf0:amd64 (2.40-2) ...
2025-09-04T05:28:24.6195297Z #10 22.58 Setting up manpages-dev (6.03-2) ...
2025-09-04T05:28:24.6195946Z #10 22.59 Setting up libxdmcp6:amd64 (1:1.1.2-3) ...
2025-09-04T05:28:24.6196581Z #10 22.59 Setting up cpp-12 (12.2.0-14+deb12u1) ...
2025-09-04T05:28:24.6197722Z #10 22.60 Setting up libxcb1:amd64 (1.15-1) ...
2025-09-04T05:28:24.6198452Z #10 22.62 Setting up libavif15:amd64 (0.11.1-1+deb12u1) ...
2025-09-04T05:28:24.6199208Z #10 22.63 Setting up fontconfig-config (2.14.1-4) ...
2025-09-04T05:28:24.6199991Z #10 22.74 debconf: unable to initialize frontend: Dialog
2025-09-04T05:28:24.6200889Z #10 22.74 debconf: (TERM is not set, so the dialog frontend is not usable.)
2025-09-04T05:28:24.6201714Z #10 22.74 debconf: falling back to frontend: Readline
2025-09-04T05:28:24.7809164Z #10 22.75 debconf: unable to initialize frontend: Readline
2025-09-04T05:28:24.7810270Z #10 22.75 debconf: (This frontend requires a controlling tty.)
2025-09-04T05:28:24.7811178Z #10 22.75 debconf: falling back to frontend: Teletype
2025-09-04T05:28:24.8100643Z #10 22.93 Setting up libedit2:amd64 (3.1-20221030-2) ...
2025-09-04T05:28:24.9263607Z #10 22.94 Setting up libreadline8:amd64 (8.2-1.3) ...
2025-09-04T05:28:24.9265105Z #10 22.94 Setting up libldap-2.5-0:amd64 (2.5.13+dfsg-5) ...
2025-09-04T05:28:24.9267904Z #10 22.94 Setting up ca-certificates (20230311+deb12u1) ...
2025-09-04T05:28:24.9272167Z #10 23.05 debconf: unable to initialize frontend: Dialog
2025-09-04T05:28:24.9273424Z #10 23.05 debconf: (TERM is not set, so the dialog frontend is not usable.)
2025-09-04T05:28:24.9277974Z #10 23.05 debconf: falling back to frontend: Readline
2025-09-04T05:28:25.0860113Z #10 23.06 debconf: unable to initialize frontend: Readline
2025-09-04T05:28:25.0861958Z #10 23.06 debconf: (This frontend requires a controlling tty.)
2025-09-04T05:28:25.0862732Z #10 23.06 debconf: falling back to frontend: Teletype
2025-09-04T05:28:25.5033246Z #10 23.63 Updating certificates in /etc/ssl/certs...
2025-09-04T05:28:26.3306616Z #10 24.45 142 added, 0 removed; done.
2025-09-04T05:28:26.4368569Z #10 24.48 Setting up libgprofng0:amd64 (2.40-2) ...
2025-09-04T05:28:26.4370426Z #10 24.49 Setting up libfreetype6:amd64 (2.12.1+dfsg-5+deb12u4) ...
2025-09-04T05:28:26.4371200Z #10 24.49 Setting up libgcc-12-dev:amd64 (12.2.0-14+deb12u1) ...
2025-09-04T05:28:26.4371999Z #10 24.50 Setting up libgssapi-krb5-2:amd64 (1.20.1-2+deb12u3) ...
2025-09-04T05:28:26.4372678Z #10 24.50 Setting up libgdbm-compat4:amd64 (1.23-3) ...
2025-09-04T05:28:26.4373330Z #10 24.51 Setting up libx265-199:amd64 (3.5-2+b1) ...
2025-09-04T05:28:26.4373905Z #10 24.52 Setting up cpp (4:12.2.0-3) ...
2025-09-04T05:28:26.4374522Z #10 24.52 Setting up libx11-6:amd64 (2:1.8.4-2+deb12u2) ...
2025-09-04T05:28:26.4375235Z #10 24.53 Setting up libfontconfig1:amd64 (2.14.1-4) ...
2025-09-04T05:28:26.4375919Z #10 24.54 Setting up libperl5.36:amd64 (5.36.0-7+deb12u2) ...
2025-09-04T05:28:26.4376568Z #10 24.54 Setting up libxmuu1:amd64 (2:1.1.3-3) ...
2025-09-04T05:28:26.4377257Z #10 24.55 Setting up binutils-x86-64-linux-gnu (2.40-2) ...
2025-09-04T05:28:26.4378126Z #10 24.55 Setting up libtirpc3:amd64 (1.3.3+ds-1) ...
2025-09-04T05:28:26.4378828Z #10 24.55 Setting up libxpm4:amd64 (1:3.5.12-1.1+deb12u1) ...
2025-09-04T05:28:26.5384630Z #10 24.56 Setting up openssh-client (1:9.2p1-2+deb12u7) ...
2025-09-04T05:28:26.5386780Z #10 24.65 Setting up libheif1:amd64 (1.15.1-1+deb12u1) ...
2025-09-04T05:28:26.5391722Z #10 24.66 Setting up libxext6:amd64 (2:1.3.4-1+b1) ...
2025-09-04T05:28:26.5392839Z #10 24.66 Setting up libcurl3-gnutls:amd64 (7.88.1-10+deb12u12) ...
2025-09-04T05:28:26.6434952Z #10 24.67 Setting up binutils (2.40-2) ...
2025-09-04T05:28:26.6435760Z #10 24.68 Setting up perl (5.36.0-7+deb12u2) ...
2025-09-04T05:28:26.6440868Z #10 24.70 Setting up libtirpc-dev:amd64 (1.3.3+ds-1) ...
2025-09-04T05:28:26.6441535Z #10 24.71 Setting up gcc-12 (12.2.0-14+deb12u1) ...
2025-09-04T05:28:26.6442129Z #10 24.71 Setting up libgd3:amd64 (2.3.3-9) ...
2025-09-04T05:28:26.6442698Z #10 24.72 Setting up xauth (1:1.1.2-1) ...
2025-09-04T05:28:26.6443250Z #10 24.72 Setting up libnsl2:amd64 (1.3.0-2) ...
2025-09-04T05:28:26.6443873Z #10 24.72 Setting up libc-devtools (2.36-9+deb12u10) ...
2025-09-04T05:28:26.6444632Z #10 24.73 Setting up libpython3.11-stdlib:amd64 (3.11.2-6+deb12u6) ...
2025-09-04T05:28:26.6445656Z #10 24.73 Setting up gcc (4:12.2.0-3) ...
2025-09-04T05:28:26.6446236Z #10 24.75 Setting up liberror-perl (0.17029-2) ...
2025-09-04T05:28:26.6446842Z #10 24.75 Setting up git (1:2.39.5-0+deb12u2) ...
2025-09-04T05:28:26.6447649Z #10 24.77 Setting up libnsl-dev:amd64 (1.3.0-2) ...
2025-09-04T05:28:26.8077088Z #10 24.77 Setting up libc6-dev:amd64 (2.36-9+deb12u10) ...
2025-09-04T05:28:26.8078161Z #10 24.78 Setting up libpython3-stdlib:amd64 (3.11.2-1+b1) ...
2025-09-04T05:28:26.8078914Z #10 24.78 Setting up python3.11 (3.11.2-6+deb12u6) ...
2025-09-04T05:28:27.5492259Z #10 25.67 Setting up libstdc++-12-dev:amd64 (12.2.0-14+deb12u1) ...
2025-09-04T05:28:27.6753562Z #10 25.68 Setting up python3 (3.11.2-1+b1) ...
2025-09-04T05:28:27.6757636Z #10 25.69 running python rtupdate hooks for python3.11...
2025-09-04T05:28:27.6758485Z #10 25.69 running python post-rtupdate hooks for python3.11...
2025-09-04T05:28:27.6759191Z #10 25.80 Setting up g++-12 (12.2.0-14+deb12u1) ...
2025-09-04T05:28:27.8876436Z #10 25.80 Setting up g++ (4:12.2.0-3) ...
2025-09-04T05:28:27.8878252Z #10 25.81 update-alternatives: using /usr/bin/g++ to provide /usr/bin/c++ (c++) in auto mode
2025-09-04T05:28:27.8879813Z #10 25.82 Processing triggers for libc-bin (2.36-9+deb12u10) ...
2025-09-04T05:28:27.8881958Z #10 25.85 Processing triggers for ca-certificates (20230311+deb12u1) ...
2025-09-04T05:28:27.8884587Z #10 25.86 Updating certificates in /etc/ssl/certs...
2025-09-04T05:28:28.4098817Z #10 26.53 0 added, 0 removed; done.
2025-09-04T05:28:28.5626264Z #10 26.53 Running hooks in /etc/ca-certificates/update.d...
2025-09-04T05:28:28.5651507Z #10 26.54 done.
2025-09-04T05:28:29.9189868Z #10 DONE 28.0s
2025-09-04T05:28:29.9190149Z 
2025-09-04T05:28:29.9190981Z #11 [production  5/11] RUN npm ci --only=production --no-audit --prefer-offline     && npm cache clean --force
2025-09-04T05:28:30.0594764Z #11 ...
2025-09-04T05:28:30.0595778Z 
2025-09-04T05:28:30.0596296Z #12 [frontend-builder 3/9] WORKDIR /app
2025-09-04T05:28:30.0598877Z #12 DONE 0.1s
2025-09-04T05:28:30.2629399Z 
2025-09-04T05:28:30.2632409Z #13 [frontend-builder 4/9] COPY package*.json ./
2025-09-04T05:28:30.2635620Z #13 DONE 0.1s
2025-09-04T05:28:30.2636105Z 
2025-09-04T05:28:30.2638606Z #14 [frontend-builder 5/9] RUN npm ci --include=dev --no-audit --prefer-offline &&     npm cache clean --force
2025-09-04T05:29:36.1473970Z #14 ...
2025-09-04T05:29:36.1474384Z 
2025-09-04T05:29:36.1475163Z #11 [production  5/11] RUN npm ci --only=production --no-audit --prefer-offline     && npm cache clean --force
2025-09-04T05:29:36.1476636Z #11 86.63 
2025-09-04T05:29:36.1477056Z #11 86.63 added 1463 packages in 1m
2025-09-04T05:29:36.1477836Z #11 86.63 
2025-09-04T05:29:36.1478333Z #11 86.63 180 packages are looking for funding
2025-09-04T05:29:36.1478955Z #11 86.63   run `npm fund` for details
2025-09-04T05:29:36.3013145Z #11 86.63 npm notice
2025-09-04T05:29:36.3013859Z #11 86.63 npm notice New major version of npm available! 10.8.2 -> 11.6.0
2025-09-04T05:29:36.3014690Z #11 86.63 npm notice Changelog: https://github.com/npm/cli/releases/tag/v11.6.0
2025-09-04T05:29:36.3015409Z #11 86.63 npm notice To update run: npm install -g npm@11.6.0
2025-09-04T05:29:36.3015866Z #11 86.63 npm notice
2025-09-04T05:29:36.3731750Z #11 86.85 npm warn using --force Recommended protections disabled.
2025-09-04T05:29:41.8712594Z #11 DONE 92.4s
2025-09-04T05:29:41.8712940Z 
2025-09-04T05:29:41.8714498Z #14 [frontend-builder 5/9] RUN npm ci --include=dev --no-audit --prefer-offline &&     npm cache clean --force
2025-09-04T05:29:53.9331568Z #14 83.82 
2025-09-04T05:29:53.9333411Z #14 83.82 added 1641 packages in 1m
2025-09-04T05:29:54.0858333Z #14 83.82 
2025-09-04T05:29:54.0859050Z #14 83.82 210 packages are looking for funding
2025-09-04T05:29:54.0863338Z #14 83.82   run `npm fund` for details
2025-09-04T05:29:54.0864437Z #14 83.82 npm notice
2025-09-04T05:29:54.0865693Z #14 83.82 npm notice New major version of npm available! 10.8.2 -> 11.6.0
2025-09-04T05:29:54.0867855Z #14 83.82 npm notice Changelog: https://github.com/npm/cli/releases/tag/v11.6.0
2025-09-04T05:29:54.0869176Z #14 83.82 npm notice To update run: npm install -g npm@11.6.0
2025-09-04T05:29:54.0876262Z #14 83.82 npm notice
2025-09-04T05:29:54.0947074Z #14 83.98 npm warn using --force Recommended protections disabled.
2025-09-04T05:29:57.5647556Z #14 DONE 87.5s
2025-09-04T05:29:57.7158856Z 
2025-09-04T05:29:57.7159227Z #15 [frontend-builder 6/9] COPY . .
2025-09-04T05:29:58.6596919Z #15 DONE 1.1s
2025-09-04T05:29:58.8033136Z 
2025-09-04T05:29:58.8040709Z #16 [frontend-builder 7/9] RUN echo "üî• Firebase Build Config Check:" &&     echo "   API Key exists: $(if [ -n "test" ]; then echo "YES"; else echo "NO"; fi)" &&     echo "   Project ID: test" &&     echo "   App ID exists: $(if [ -n "test" ]; then echo "YES"; else echo "NO"; fi)"
2025-09-04T05:29:58.8042528Z #16 0.142 üî• Firebase Build Config Check:
2025-09-04T05:29:58.9654729Z #16 0.142    API Key exists: YES
2025-09-04T05:29:58.9655803Z #16 0.142    Project ID: test
2025-09-04T05:29:58.9657040Z #16 0.143    App ID exists: YES
2025-09-04T05:29:58.9658907Z #16 DONE 0.2s
2025-09-04T05:29:58.9659137Z 
2025-09-04T05:29:58.9659436Z #17 [frontend-builder 8/9] RUN npm run build
2025-09-04T05:29:59.1395064Z #17 0.325 
2025-09-04T05:29:59.1397065Z #17 0.325 > rest-express@1.0.0 build
2025-09-04T05:29:59.1398829Z #17 0.325 > vite build --config vite.config.production.ts
2025-09-04T05:29:59.1399802Z #17 0.325 
2025-09-04T05:29:59.3734192Z #17 0.558 vite v6.3.5 building for production...
2025-09-04T05:29:59.6811334Z #17 0.866 transforming...
2025-09-04T05:30:09.5275025Z #17 10.71 ‚úì 2803 modules transformed.
2025-09-04T05:30:11.9709545Z #17 13.16 rendering chunks...
2025-09-04T05:30:22.1790570Z #17 23.36 [plugin vite:reporter] 
2025-09-04T05:30:22.1793257Z #17 23.36 (!) /app/client/src/components/LiveMatchPage.tsx is dynamically imported by /app/client/src/utils/lazyLoading.tsx but also statically imported by /app/client/src/App.tsx, dynamic import will not move module into another chunk.
2025-09-04T05:30:22.1795828Z #17 23.36 
2025-09-04T05:30:22.3856060Z #17 23.36 [plugin vite:reporter] 
2025-09-04T05:30:22.3858298Z #17 23.36 (!) /app/client/src/pages/CompetitionCenter.tsx is dynamically imported by /app/client/src/App.tsx but also statically imported by /app/client/src/App.tsx, dynamic import will not move module into another chunk.
2025-09-04T05:30:22.3859694Z #17 23.36 
2025-09-04T05:30:22.3860058Z #17 23.40 computing gzip size...
2025-09-04T05:30:22.3861192Z #17 23.44 ../dist/public/index.html                                           2.54 kB ‚îÇ gzip:   1.07 kB
2025-09-04T05:30:22.3862387Z #17 23.44 ../dist/public/assets/index-La9-mnuS.css                          150.29 kB ‚îÇ gzip:  21.80 kB
2025-09-04T05:30:22.3865558Z #17 23.44 ../dist/public/assets/authUtils-Br85M4Rh.js                         0.08 kB ‚îÇ gzip:   0.10 kB
2025-09-04T05:30:22.3866968Z #17 23.44 ../dist/public/assets/extends-DPdBf6DS.js                           0.23 kB ‚îÇ gzip:   0.18 kB
2025-09-04T05:30:22.3872121Z #17 23.44 ../dist/public/assets/gem-BD1QSnUq.js                               0.39 kB ‚îÇ gzip:   0.29 kB
2025-09-04T05:30:22.3873624Z #17 23.44 ../dist/public/assets/copy-JhYsx44l.js                              0.41 kB ‚îÇ gzip:   0.31 kB
2025-09-04T05:30:22.3875101Z #17 23.44 ../dist/public/assets/heart-D4mrJfN0.js                             0.41 kB ‚îÇ gzip:   0.31 kB
2025-09-04T05:30:22.3876521Z #17 23.44 ../dist/public/assets/user-check-Bm7GCBMX.js                        0.42 kB ‚îÇ gzip:   0.32 kB
2025-09-04T05:30:22.3877998Z #17 23.44 ../dist/public/assets/save-zOrI2wqQ.js                              0.50 kB ‚îÇ gzip:   0.33 kB
2025-09-04T05:30:22.3879331Z #17 23.44 ../dist/public/assets/gift-hFU3K45u.js                              0.53 kB ‚îÇ gzip:   0.36 kB
2025-09-04T05:30:22.3880682Z #17 23.44 ../dist/public/assets/HelpIcon-CusfgnpL.js                          0.58 kB ‚îÇ gzip:   0.37 kB
2025-09-04T05:30:22.3882190Z #17 23.44 ../dist/public/assets/filter-Xb34QPNp.js                            0.78 kB ‚îÇ gzip:   0.38 kB
2025-09-04T05:30:22.3884065Z #17 23.44 ../dist/public/assets/index-9xaWL3ey.js                             0.78 kB ‚îÇ gzip:   0.40 kB
2025-09-04T05:30:22.3885528Z #17 23.44 ../dist/public/assets/playerUtils-w1c5j9gc.js                       0.81 kB ‚îÇ gzip:   0.48 kB
2025-09-04T05:30:22.3887000Z #17 23.44 ../dist/public/assets/store-CWIUBA0q.js                             0.82 kB ‚îÇ gzip:   0.40 kB
2025-09-04T05:30:22.3888555Z #17 23.44 ../dist/public/assets/user-9ShvJjTv.js                              0.99 kB ‚îÇ gzip:   0.47 kB
2025-09-04T05:30:22.3890008Z #17 23.44 ../dist/public/assets/TacticsPage-42hI6KSZ.js                       1.25 kB ‚îÇ gzip:   0.57 kB
2025-09-04T05:30:22.3890964Z #17 23.45 ../dist/public/assets/table-D4bE9A3X.js                             1.50 kB ‚îÇ gzip:   0.52 kB
2025-09-04T05:30:22.3892244Z #17 23.45 ../dist/public/assets/sheet-Dni7tsMo.js                             2.21 kB ‚îÇ gzip:   0.87 kB
2025-09-04T05:30:22.3893724Z #17 23.45 ../dist/public/assets/iconBase-DwDrtWke.js                          2.97 kB ‚îÇ gzip:   1.34 kB
2025-09-04T05:30:22.3894977Z #17 23.45 ../dist/public/assets/PostGameSummary-DL3rukfT.js                   6.98 kB ‚îÇ gzip:   1.71 kB
2025-09-04T05:30:22.3896187Z #17 23.45 ../dist/public/assets/World-B3H3YlBS.js                             8.94 kB ‚îÇ gzip:   2.13 kB
2025-09-04T05:30:22.3897916Z #17 23.45 ../dist/public/assets/UnifiedPlayerCard-BibHnlCJ.js                 9.84 kB ‚îÇ gzip:   2.77 kB
2025-09-04T05:30:22.3899208Z #17 23.45 ../dist/public/assets/TeamInfoDialog-D5LhcWD5.js                   10.61 kB ‚îÇ gzip:   2.71 kB
2025-09-04T05:30:22.3900166Z #17 23.45 ../dist/public/assets/ComprehensiveTournamentManager-DTjL0qpp.js   13.55 kB ‚îÇ gzip:   3.15 kB
2025-09-04T05:30:22.3901292Z #17 23.45 ../dist/public/assets/TournamentStatus-CHsj23jT.js                 20.15 kB ‚îÇ gzip:   4.91 kB
2025-09-04T05:30:22.3902638Z #17 23.45 ../dist/public/assets/select-DIgrq0hl.js                           21.94 kB ‚îÇ gzip:   7.50 kB
2025-09-04T05:30:22.3903550Z #17 23.45 ../dist/public/assets/Community-YffMbnz7.js                        24.10 kB ‚îÇ gzip:   7.65 kB
2025-09-04T05:30:22.3904467Z #17 23.45 ../dist/public/assets/VirtualizedPlayerRoster-PNQNvYpK.js          24.14 kB ‚îÇ gzip:   8.02 kB
2025-09-04T05:30:22.3905406Z #17 23.45 ../dist/public/assets/CommunityPortal-BS1h8GEr.js                  26.11 kB ‚îÇ gzip:   7.05 kB
2025-09-04T05:30:22.3906313Z #17 23.45 ../dist/public/assets/LiveMatchViewer-CtbBozb-.js                  40.36 kB ‚îÇ gzip:  10.52 kB
2025-09-04T05:30:22.3907858Z #17 23.45 ../dist/public/assets/Competition-CdigT65r.js                      51.38 kB ‚îÇ gzip:  11.08 kB
2025-09-04T05:30:22.3909376Z #17 23.45 ../dist/public/assets/PlayerDetailModal-DWPCYI2f.js                51.93 kB ‚îÇ gzip:  13.44 kB
2025-09-04T05:30:22.3910366Z #17 23.45 ../dist/public/assets/MarketDistrict-CrdrLLp9.js                   71.86 kB ‚îÇ gzip:  14.87 kB
2025-09-04T05:30:22.3911228Z #17 23.45 ../dist/public/assets/ui-BG1_VUgh.js                               81.19 kB ‚îÇ gzip:  26.18 kB
2025-09-04T05:30:22.3911962Z #17 23.45 ../dist/public/assets/RosterHQ-DWVNlToE.js                         95.52 kB ‚îÇ gzip:  21.51 kB
2025-09-04T05:30:22.3912681Z #17 23.45 ../dist/public/assets/Team-BOtD8ukP.js                            108.94 kB ‚îÇ gzip:  22.97 kB
2025-09-04T05:30:22.3913433Z #17 23.45 ../dist/public/assets/TacticsLineupHub-C0Az5I9L.js                114.97 kB ‚îÇ gzip:  33.94 kB
2025-09-04T05:30:22.3914202Z #17 23.45 ../dist/public/assets/vendor-Z2Iecplj.js                          139.45 kB ‚îÇ gzip:  45.11 kB
2025-09-04T05:30:22.3915010Z #17 23.45 ../dist/public/assets/Market-BilmvU84.js                          144.95 kB ‚îÇ gzip:  34.46 kB
2025-09-04T05:30:22.3915730Z #17 23.45 ../dist/public/assets/Dashboard-Oi5yOUIK.js                       168.68 kB ‚îÇ gzip:  49.07 kB
2025-09-04T05:30:22.3916909Z #17 23.45 ../dist/public/assets/index-Bll71dxV.js                           775.47 kB ‚îÇ gzip: 210.58 kB
2025-09-04T05:30:22.3917878Z #17 23.45 
2025-09-04T05:30:22.3918501Z #17 23.45 (!) Some chunks are larger than 500 kB after minification. Consider:
2025-09-04T05:30:22.3919631Z #17 23.45 - Using dynamic import() to code-split the application
2025-09-04T05:30:22.3921038Z #17 23.45 - Use build.rollupOptions.output.manualChunks to improve chunking: https://rollupjs.org/configuration-options/#output-manualchunks
2025-09-04T05:30:22.3922461Z #17 23.45 - Adjust chunk size limit for this warning via build.chunkSizeWarningLimit.
2025-09-04T05:30:22.3923258Z #17 23.45 ‚úì built in 22.86s
2025-09-04T05:30:22.3923654Z #17 23.57 
2025-09-04T05:30:22.3924085Z #17 23.57 > rest-express@1.0.0 postbuild
2025-09-04T05:30:22.3924708Z #17 23.57 > cp -r public dist/ && cp -r shared dist/
2025-09-04T05:30:22.3925194Z #17 23.57 
2025-09-04T05:30:22.5957594Z #17 DONE 23.6s
2025-09-04T05:30:22.5962298Z 
2025-09-04T05:30:22.5963160Z #18 [frontend-builder 9/9] RUN npm run build:server || echo "TypeScript compilation had errors, continuing..."
2025-09-04T05:30:22.7037876Z #18 0.259 
2025-09-04T05:30:22.7038515Z #18 0.259 > rest-express@1.0.0 build:server
2025-09-04T05:30:22.7039677Z #18 0.259 > tsc --project tsconfig.server.json || true
2025-09-04T05:30:22.7040473Z #18 0.259 
2025-09-04T05:30:39.1188322Z ##[error]#18 16.67 server/routes/tacticalRoutes.ts(81,47): error TS2345: Argument of type 'Promise<number>' is not assignable to parameter of type 'number'.
2025-09-04T05:30:39.2374604Z ##[error]#18 16.67 server/routes/tacticalRoutes.ts(140,29): error TS2345: Argument of type 'Promise<number>' is not assignable to parameter of type 'number'.
2025-09-04T05:30:39.2383420Z ##[error]#18 16.67 server/routes/teamRoutes.ts(328,80): error TS2345: Argument of type 'number' is not assignable to parameter of type 'string'.
2025-09-04T05:30:39.2386006Z ##[error]#18 16.67 server/routes/teamRoutes.ts(337,27): error TS2339: Property 'transactions' does not exist on type 'any[]'.
2025-09-04T05:30:39.2391335Z ##[error]#18 16.67 server/routes/teamRoutes.ts(349,25): error TS2339: Property 'internalServer' does not exist on type '{ validation: (message: string, details?: any) => AppError; authentication: (message?: string) => AppError; authorization: (message?: string) => AppError; ... 7 more ...; internal: (message?: string) => AppError; }'.
2025-09-04T05:30:39.2402993Z ##[error]#18 16.67 server/routes/teamRoutes.ts(607,28): error TS2551: Property 'homeTeam' does not exist on type '{ id: number; createdAt: Date; leagueId: number | null; matchType: MatchType; tournamentId: number | null; homeTeamId: number; awayTeamId: number; homeScore: number | null; ... 5 more ...; status: GameStatus; }'. Did you mean 'homeTeamId'?
2025-09-04T05:30:39.2409980Z ##[error]#18 16.67 server/routes/teamRoutes.ts(608,39): error TS2551: Property 'awayTeam' does not exist on type '{ id: number; createdAt: Date; leagueId: number | null; matchType: MatchType; tournamentId: number | null; homeTeamId: number; awayTeamId: number; homeScore: number | null; ... 5 more ...; status: GameStatus; }'. Did you mean 'awayTeamId'?
2025-09-04T05:30:39.2416390Z ##[error]#18 16.67 server/routes/teamRoutes.ts(608,60): error TS2551: Property 'homeTeam' does not exist on type '{ id: number; createdAt: Date; leagueId: number | null; matchType: MatchType; tournamentId: number | null; homeTeamId: number; awayTeamId: number; homeScore: number | null; ... 5 more ...; status: GameStatus; }'. Did you mean 'homeTeamId'?
2025-09-04T05:30:39.2421367Z ##[error]#18 16.67 server/routes/teamRoutes.ts(694,36): error TS2339: Property 'db' does not exist on type 'IAppStorage'.
2025-09-04T05:30:39.2423702Z ##[error]#18 16.67 server/routes/teamRoutes.ts(702,42): error TS7006: Parameter 't' implicitly has an 'any' type.
2025-09-04T05:30:39.2426059Z ##[error]#18 16.67 server/routes/teamRoutes.ts(703,41): error TS7006: Parameter 't' implicitly has an 'any' type.
2025-09-04T05:30:39.2520568Z ##[error]#18 16.67 server/routes/teamRoutes.ts(704,38): error TS7006: Parameter 't' implicitly has an 'any' type.
2025-09-04T05:30:39.2523246Z ##[error]#18 16.67 server/routes/teamRoutes.ts(721,39): error TS2339: Property 'db' does not exist on type 'IAppStorage'.
2025-09-04T05:30:39.2526008Z ##[error]#18 16.67 server/routes/teamRoutes.ts(767,42): error TS2339: Property 'db' does not exist on type 'IAppStorage'.
2025-09-04T05:30:39.2528536Z ##[error]#18 16.67 server/routes/teamRoutes.ts(809,16): error TS18046: 'error' is of type 'unknown'.
2025-09-04T05:30:39.2530711Z ##[error]#18 16.67 server/routes/teamRoutes.ts(898,73): error TS18046: 'error' is of type 'unknown'.
2025-09-04T05:30:39.2532839Z ##[error]#18 16.67 server/routes/teamRoutes.ts(931,67): error TS18046: 'error' is of type 'unknown'.
2025-09-04T05:30:39.2534903Z ##[error]#18 16.67 server/routes/teamRoutes.ts(1012,67): error TS18046: 'error' is of type 'unknown'.
2025-09-04T05:30:39.2581108Z ##[error]#18 16.67 server/routes/teamRoutes.ts(1055,13): error TS2322: Type 'null' is not assignable to type 'NullableJsonNullValueInput | InputJsonValue | undefined'.
2025-09-04T05:30:39.2630240Z ##[error]#18 16.67 server/routes/teamRoutes.ts(1083,68): error TS18046: 'error' is of type 'unknown'.
2025-09-04T05:30:39.2640447Z ##[error]#18 16.67 server/routes/teamRoutes.ts(1233,75): error TS18046: 'error' is of type 'unknown'.
2025-09-04T05:30:39.2681565Z ##[error]#18 16.67 server/routes/teamRoutes.ts(1268,12): error TS7053: Element implicitly has an 'any' type because expression of type 'string' can't be used to index type '{}'.
2025-09-04T05:30:39.2684091Z #18 16.67   No index signature with a parameter of type 'string' was found on type '{}'.
2025-09-04T05:30:39.2686470Z ##[error]#18 16.67 server/routes/teamRoutes.ts(1268,29): error TS7053: Element implicitly has an 'any' type because expression of type 'string' can't be used to index type '{}'.
2025-09-04T05:30:39.2688969Z #18 16.67   No index signature with a parameter of type 'string' was found on type '{}'.
2025-09-04T05:30:39.2691249Z ##[error]#18 16.67 server/routes/teamRoutes.ts(1269,7): error TS7053: Element implicitly has an 'any' type because expression of type 'string' can't be used to index type '{}'.
2025-09-04T05:30:39.2693615Z #18 16.67   No index signature with a parameter of type 'string' was found on type '{}'.
2025-09-04T05:30:39.2694991Z ##[error]#18 16.67 server/routes/teamRoutes.ts(1288,63): error TS18046: 'error' is of type 'unknown'.
2025-09-04T05:30:39.2697089Z ##[error]#18 16.67 server/routes/teamRoutes.ts(1418,67): error TS18046: 'error' is of type 'unknown'.
2025-09-04T05:30:39.2745804Z ##[error]#18 16.67 server/routes/teamRoutes.ts(1517,65): error TS18046: 'error' is of type 'unknown'.
2025-09-04T05:30:39.2749439Z ##[error]#18 16.67 server/routes/teamRoutes.ts(1570,56): error TS2307: Cannot find module '../services/matchSimulation.js' or its corresponding type declarations.
2025-09-04T05:30:39.2751968Z ##[error]#18 16.67 server/routes/teamRoutes.ts(1664,67): error TS18046: 'error' is of type 'unknown'.
2025-09-04T05:30:39.2754860Z ##[error]#18 16.67 server/routes/teamRoutes.ts(2183,30): error TS2339: Property 'starters' does not exist on type 'string | number | true | JsonObject | JsonArray'.
2025-09-04T05:30:39.2756887Z #18 16.67   Property 'starters' does not exist on type 'string'.
2025-09-04T05:30:39.2759071Z ##[error]#18 16.67 server/routes/teamRoutes.ts(2189,33): error TS2339: Property 'substitutes' does not exist on type 'string | number | true | JsonObject | JsonArray'.
2025-09-04T05:30:39.2761143Z #18 16.67   Property 'substitutes' does not exist on type 'string'.
2025-09-04T05:30:39.2763874Z ##[error]#18 16.67 server/routes/testAutomationRoutes.ts(13,29): error TS2341: Property 'checkAndExecuteMissedDailyProgressions' is private and only accessible within class 'SeasonTimingAutomationService'.
2025-09-04T05:30:39.2766598Z ##[error]#18 16.67 server/routes/testRoutes.ts(15,31): error TS2304: Cannot find name 'prisma'.
2025-09-04T05:30:39.2792538Z ##[error]#18 16.67 server/routes/testRoutes.ts(112,28): error TS2304: Cannot find name 'prisma'.
2025-09-04T05:30:39.2794785Z ##[error]#18 16.67 server/routes/testRoutes.ts(113,27): error TS2304: Cannot find name 'prisma'.
2025-09-04T05:30:39.2808754Z ##[error]#18 16.67 server/routes/testRoutes.ts(159,24): error TS2304: Cannot find name 'prisma'.
2025-09-04T05:30:39.2811347Z ##[error]#18 16.67 server/routes/testRoutes.ts(403,31): error TS2304: Cannot find name 'prisma'.
2025-09-04T05:30:39.2813322Z ##[error]#18 16.67 server/routes/testRoutes.ts(412,24): error TS2304: Cannot find name 'prisma'.
2025-09-04T05:30:39.2815220Z ##[error]#18 16.67 server/routes/testRoutes.ts(430,38): error TS2304: Cannot find name 'prisma'.
2025-09-04T05:30:39.2817109Z ##[error]#18 16.67 server/routes/testRoutes.ts(435,36): error TS2304: Cannot find name 'prisma'.
2025-09-04T05:30:39.2819391Z ##[error]#18 16.67 server/routes/testRoutes.ts(440,34): error TS2304: Cannot find name 'prisma'.
2025-09-04T05:30:39.2821292Z ##[error]#18 16.67 server/routes/testRoutes.ts(445,37): error TS2304: Cannot find name 'prisma'.
2025-09-04T05:30:39.2823249Z ##[error]#18 16.67 server/routes/testRoutes.ts(450,36): error TS2304: Cannot find name 'prisma'.
2025-09-04T05:30:39.2825233Z ##[error]#18 16.67 server/routes/testRoutes.ts(455,13): error TS2304: Cannot find name 'prisma'.
2025-09-04T05:30:39.2827221Z ##[error]#18 16.67 server/routes/testRoutes.ts(460,11): error TS2304: Cannot find name 'prisma'.
2025-09-04T05:30:39.2838605Z ##[error]#18 16.67 server/routes/testRoutes.ts(488,24): error TS2304: Cannot find name 'prisma'.
2025-09-04T05:30:39.2840819Z ##[error]#18 16.67 server/routes/testRoutes.ts(504,11): error TS2304: Cannot find name 'prisma'.
2025-09-04T05:30:39.2842920Z ##[error]#18 16.67 server/routes/testRoutes.ts(505,11): error TS2304: Cannot find name 'prisma'.
2025-09-04T05:30:39.2844922Z ##[error]#18 16.67 server/routes/testRoutes.ts(506,11): error TS2304: Cannot find name 'prisma'.
2025-09-04T05:30:39.2846914Z ##[error]#18 16.67 server/routes/testRoutes.ts(507,11): error TS2304: Cannot find name 'prisma'.
2025-09-04T05:30:39.2872834Z ##[error]#18 16.67 server/routes/testRoutes.ts(508,11): error TS2304: Cannot find name 'prisma'.
2025-09-04T05:30:39.2875015Z ##[error]#18 16.67 server/routes/testRoutes.ts(509,11): error TS2304: Cannot find name 'prisma'.
2025-09-04T05:30:39.2900222Z ##[error]#18 16.67 server/routes/tournamentFixRoutes.ts(20,27): error TS2448: Block-scoped variable 'prisma' used before its declaration.
2025-09-04T05:30:39.2902893Z ##[error]#18 16.67 server/routes/tournamentFixRoutes.ts(20,27): error TS2454: Variable 'prisma' is used before being assigned.
2025-09-04T05:30:39.2905277Z ##[error]#18 16.67 server/routes/tournamentStatusRoutes.ts(799,40): error TS2304: Cannot find name 'prisma'.
2025-09-04T05:30:39.2922659Z ##[error]#18 16.67 server/routes/tournamentStatusRoutes.ts(811,39): error TS2304: Cannot find name 'prisma'.
2025-09-04T05:30:39.2924830Z ##[error]#18 16.67 server/routes/tournamentStatusRoutes.ts(845,11): error TS2304: Cannot find name 'prisma'.
2025-09-04T05:30:39.2926810Z ##[error]#18 16.67 server/routes/tournamentStatusRoutes.ts(872,26): error TS2304: Cannot find name 'prisma'.
2025-09-04T05:30:39.2929264Z ##[error]#18 16.67 server/routes/tournamentStatusRoutes.ts(895,27): error TS2304: Cannot find name 'prisma'.
2025-09-04T05:30:39.2931534Z ##[error]#18 16.67 server/routes/tournamentStatusRoutes.ts(960,27): error TS2304: Cannot find name 'prisma'.
2025-09-04T05:30:39.2934021Z ##[error]#18 16.67 server/routes/tournamentStatusRoutes.ts(1041,53): error TS7006: Parameter 'id' implicitly has an 'any' type.
2025-09-04T05:30:39.2936406Z ##[error]#18 16.67 server/routes/tournamentStatusRoutes.ts(1058,36): error TS2304: Cannot find name 'prisma'.
2025-09-04T05:30:39.2949058Z ##[error]#18 16.67 server/routes/tournamentStatusRoutes.ts(1085,15): error TS2304: Cannot find name 'prisma'.
2025-09-04T05:30:39.2951168Z ##[error]#18 16.67 server/routes/tournamentStatusRoutes.ts(1099,13): error TS2304: Cannot find name 'prisma'.
2025-09-04T05:30:39.2953147Z ##[error]#18 16.67 server/routes/tournamentStatusRoutes.ts(1112,13): error TS2304: Cannot find name 'prisma'.
2025-09-04T05:30:39.2955548Z ##[error]#18 16.67 server/routes/tryoutRoutes.ts(12,26): error TS1362: 'Race' cannot be used as a value because it was exported using 'export type'.
2025-09-04T05:30:39.2958967Z ##[error]#18 16.67 server/routes/tryoutRoutes.ts(12,38): error TS1362: 'Race' cannot be used as a value because it was exported using 'export type'.
2025-09-04T05:30:39.2961834Z ##[error]#18 16.67 server/routes/tryoutRoutes.ts(12,51): error TS1362: 'Race' cannot be used as a value because it was exported using 'export type'.
2025-09-04T05:30:39.2964734Z ##[error]#18 16.67 server/routes/tryoutRoutes.ts(12,63): error TS1362: 'Race' cannot be used as a value because it was exported using 'export type'.
2025-09-04T05:30:39.2972489Z ##[error]#18 16.67 server/routes/tryoutRoutes.ts(12,76): error TS1362: 'Race' cannot be used as a value because it was exported using 'export type'.
2025-09-04T05:30:39.2975446Z ##[error]#18 16.67 server/routes/tryoutRoutes.ts(13,32): error TS1362: 'PlayerRole' cannot be used as a value because it was exported using 'export type'.
2025-09-04T05:30:39.3005140Z ##[error]#18 16.67 server/routes/tryoutRoutes.ts(13,51): error TS1362: 'PlayerRole' cannot be used as a value because it was exported using 'export type'.
2025-09-04T05:30:39.3008578Z ##[error]#18 16.67 server/routes/tryoutRoutes.ts(13,70): error TS1362: 'PlayerRole' cannot be used as a value because it was exported using 'export type'.
2025-09-04T05:30:39.3011575Z ##[error]#18 16.67 server/routes/tryoutRoutes.ts(35,6): error TS1362: 'Race' cannot be used as a value because it was exported using 'export type'.
2025-09-04T05:30:39.3014190Z ##[error]#18 16.67 server/routes/tryoutRoutes.ts(36,6): error TS1362: 'Race' cannot be used as a value because it was exported using 'export type'.
2025-09-04T05:30:39.3016752Z ##[error]#18 16.67 server/routes/tryoutRoutes.ts(37,6): error TS1362: 'Race' cannot be used as a value because it was exported using 'export type'.
2025-09-04T05:30:39.3023047Z ##[error]#18 16.67 server/routes/tryoutRoutes.ts(38,6): error TS1362: 'Race' cannot be used as a value because it was exported using 'export type'.
2025-09-04T05:30:39.3025905Z ##[error]#18 16.67 server/routes/tryoutRoutes.ts(39,6): error TS1362: 'Race' cannot be used as a value because it was exported using 'export type'.
2025-09-04T05:30:39.3028555Z ##[error]#18 16.67 server/routes/tryoutRoutes.ts(58,18): error TS2304: Cannot find name 'age'.
2025-09-04T05:30:39.3031257Z ##[error]#18 16.67 server/routes/tryoutRoutes.ts(189,22): error TS1362: 'PlayerRole' cannot be used as a value because it was exported using 'export type'.
2025-09-04T05:30:39.3034233Z ##[error]#18 16.67 server/routes/tryoutRoutes.ts(192,22): error TS1362: 'PlayerRole' cannot be used as a value because it was exported using 'export type'.
2025-09-04T05:30:39.3037176Z ##[error]#18 16.67 server/routes/tryoutRoutes.ts(195,22): error TS1362: 'PlayerRole' cannot be used as a value because it was exported using 'export type'.
2025-09-04T05:30:39.3040493Z ##[error]#18 16.67 server/routes/tryoutRoutes.ts(198,22): error TS1362: 'PlayerRole' cannot be used as a value because it was exported using 'export type'.
2025-09-04T05:30:39.3042884Z ##[error]#18 16.67 server/services/agingService.ts(334,32): error TS2304: Cannot find name 'prisma'.
2025-09-04T05:30:39.3046068Z ##[error]#18 16.67 server/services/dailyPlayerProgressionService.ts(112,42): error TS2339: Property 'player' does not exist on type 'Promise<PrismaClient<PrismaClientOptions, never, DefaultArgs>>'.
2025-09-04T05:30:39.3049925Z ##[error]#18 16.67 server/services/dailyPlayerProgressionService.ts(180,33): error TS2339: Property 'player' does not exist on type 'Promise<PrismaClient<PrismaClientOptions, never, DefaultArgs>>'.
2025-09-04T05:30:39.3053485Z ##[error]#18 16.67 server/services/dailyPlayerProgressionService.ts(223,22): error TS2339: Property 'player' does not exist on type 'Promise<PrismaClient<PrismaClientOptions, never, DefaultArgs>>'.
2025-09-04T05:30:39.3057637Z ##[error]#18 16.67 server/services/dailyPlayerProgressionService.ts(229,22): error TS2339: Property 'playerDevelopmentHistory' does not exist on type 'Promise<PrismaClient<PrismaClientOptions, never, DefaultArgs>>'.
2025-09-04T05:30:39.3061867Z ##[error]#18 16.67 server/services/dailyPlayerProgressionService.ts(284,37): error TS2339: Property 'playerMatchStats' does not exist on type 'Promise<PrismaClient<PrismaClientOptions, never, DefaultArgs>>'.
2025-09-04T05:30:39.3065576Z ##[error]#18 16.67 server/services/dailyPlayerProgressionService.ts(407,44): error TS2339: Property 'playerEquipment' does not exist on type 'Promise<PrismaClient<PrismaClientOptions, never, DefaultArgs>>'.
2025-09-04T05:30:39.3069762Z ##[error]#18 16.67 server/services/dailyPlayerProgressionService.ts(448,36): error TS2339: Property 'staff' does not exist on type 'Promise<PrismaClient<PrismaClientOptions, never, DefaultArgs>>'.
2025-09-04T05:30:39.3072578Z ##[error]#18 16.67 server/services/enhancedGameEconomyService.ts(233,29): error TS2304: Cannot find name 'prisma'.
2025-09-04T05:30:39.3074885Z ##[error]#18 16.67 server/services/enhancedGameEconomyService.ts(236,33): error TS2304: Cannot find name 'prisma'.
2025-09-04T05:30:39.3077244Z ##[error]#18 16.67 server/services/enhancedGameEconomyService.ts(295,13): error TS2304: Cannot find name 'prisma'.
2025-09-04T05:30:39.3079963Z ##[error]#18 16.67 server/services/enhancedGameEconomyService.ts(300,13): error TS2304: Cannot find name 'prisma'.
2025-09-04T05:30:39.3082541Z ##[error]#18 16.67 server/services/enhancedGameEconomyService.ts(812,35): error TS2304: Cannot find name 'prisma'.
2025-09-04T05:30:39.3084961Z ##[error]#18 16.67 server/services/enhancedGameEconomyService.ts(816,17): error TS2304: Cannot find name 'prisma'.
2025-09-04T05:30:39.3087582Z ##[error]#18 16.67 server/services/enhancedGameEconomyService.ts(907,33): error TS2304: Cannot find name 'prisma'.
2025-09-04T05:30:39.3089914Z ##[error]#18 16.67 server/services/enhancedGameEconomyService.ts(914,29): error TS2304: Cannot find name 'prisma'.
2025-09-04T05:30:39.3092036Z ##[error]#18 16.67 server/services/enhancedGameEconomyService.ts(971,33): error TS2304: Cannot find name 'prisma'.
2025-09-04T05:30:39.3094204Z ##[error]#18 16.67 server/services/enhancedGameEconomyService.ts(1230,33): error TS2304: Cannot find name 'prisma'.
2025-09-04T05:30:39.3096377Z ##[error]#18 16.67 server/services/enhancedGameEconomyService.ts(1233,26): error TS2304: Cannot find name 'prisma'.
2025-09-04T05:30:39.3098805Z ##[error]#18 16.67 server/services/enhancedGameEconomyService.ts(1242,15): error TS2304: Cannot find name 'prisma'.
2025-09-04T05:30:39.3100932Z ##[error]#18 16.67 server/services/enhancedGameEconomyService.ts(1301,31): error TS2304: Cannot find name 'prisma'.
2025-09-04T05:30:39.3103090Z ##[error]#18 16.67 server/services/enhancedGameEconomyService.ts(1304,24): error TS2304: Cannot find name 'prisma'.
2025-09-04T05:30:39.3105779Z ##[error]#18 16.67 server/services/enhancedGameEconomyService.ts(1307,27): error TS2304: Cannot find name 'prisma'.
2025-09-04T05:30:39.3108836Z ##[error]#18 16.67 server/services/enhancedMarketplaceService.ts(40,24): error TS1362: 'MarketplaceStatus' cannot be used as a value because it was exported using 'export type'.
2025-09-04T05:30:39.3112089Z ##[error]#18 16.67 server/services/enhancedMarketplaceService.ts(202,26): error TS1362: 'MarketplaceStatus' cannot be used as a value because it was exported using 'export type'.
2025-09-04T05:30:39.3115496Z ##[error]#18 16.67 server/services/enhancedMarketplaceService.ts(216,23): error TS1362: 'ListingActionType' cannot be used as a value because it was exported using 'export type'.
2025-09-04T05:30:39.3119149Z ##[error]#18 16.67 server/services/enhancedMarketplaceService.ts(242,68): error TS1362: 'MarketplaceStatus' cannot be used as a value because it was exported using 'export type'.
2025-09-04T05:30:39.3122576Z ##[error]#18 16.67 server/services/enhancedMarketplaceService.ts(360,23): error TS1362: 'ListingActionType' cannot be used as a value because it was exported using 'export type'.
2025-09-04T05:30:39.3125953Z ##[error]#18 16.67 server/services/enhancedMarketplaceService.ts(373,25): error TS1362: 'ListingActionType' cannot be used as a value because it was exported using 'export type'.
2025-09-04T05:30:39.3129855Z ##[error]#18 16.67 server/services/enhancedMarketplaceService.ts(384,25): error TS1362: 'ListingActionType' cannot be used as a value because it was exported using 'export type'.
2025-09-04T05:30:39.3133139Z ##[error]#18 16.67 server/services/enhancedMarketplaceService.ts(411,68): error TS1362: 'MarketplaceStatus' cannot be used as a value because it was exported using 'export type'.
2025-09-04T05:30:39.3136553Z ##[error]#18 16.67 server/services/enhancedMarketplaceService.ts(488,26): error TS1362: 'MarketplaceStatus' cannot be used as a value because it was exported using 'export type'.
2025-09-04T05:30:39.3140143Z ##[error]#18 16.67 server/services/enhancedMarketplaceService.ts(500,23): error TS1362: 'ListingActionType' cannot be used as a value because it was exported using 'export type'.
2025-09-04T05:30:39.3143517Z ##[error]#18 16.67 server/services/enhancedMarketplaceService.ts(528,24): error TS1362: 'MarketplaceStatus' cannot be used as a value because it was exported using 'export type'.
2025-09-04T05:30:39.3146883Z ##[error]#18 16.67 server/services/enhancedMarketplaceService.ts(553,28): error TS1362: 'MarketplaceStatus' cannot be used as a value because it was exported using 'export type'.
2025-09-04T05:30:39.3150646Z ##[error]#18 16.67 server/services/enhancedMarketplaceService.ts(566,25): error TS1362: 'ListingActionType' cannot be used as a value because it was exported using 'export type'.
2025-09-04T05:30:39.3154117Z ##[error]#18 16.67 server/services/enhancedMarketplaceService.ts(595,28): error TS1362: 'MarketplaceStatus' cannot be used as a value because it was exported using 'export type'.
2025-09-04T05:30:39.3157894Z ##[error]#18 16.68 server/services/enhancedMarketplaceService.ts(610,25): error TS1362: 'ListingActionType' cannot be used as a value because it was exported using 'export type'.
2025-09-04T05:30:39.3161284Z ##[error]#18 16.68 server/services/enhancedMarketplaceService.ts(654,29): error TS1362: 'MarketplaceStatus' cannot be used as a value because it was exported using 'export type'.
2025-09-04T05:30:39.3164611Z ##[error]#18 16.68 server/services/enhancedMarketplaceService.ts(654,55): error TS1362: 'MarketplaceStatus' cannot be used as a value because it was exported using 'export type'.
2025-09-04T05:30:39.3168238Z ##[error]#18 16.68 server/services/enhancedMarketplaceService.ts(824,26): error TS1362: 'MarketplaceStatus' cannot be used as a value because it was exported using 'export type'.
2025-09-04T05:30:39.3171604Z ##[error]#18 16.68 server/services/enhancedMarketplaceService.ts(830,26): error TS1362: 'MarketplaceStatus' cannot be used as a value because it was exported using 'export type'.
2025-09-04T05:30:39.3177590Z ##[error]#18 16.68 server/services/lateRegistrationSystem.ts(197,13): error TS2353: Object literal may only specify known properties, and 'level' does not exist in type '(Without<StadiumCreateWithoutTeamInput, StadiumUncheckedCreateWithoutTeamInput> & StadiumUncheckedCreateWithoutTeamInput) | (Without<...> & StadiumCreateWithoutTeamInput)'.
2025-09-04T05:30:39.3182240Z ##[error]#18 16.68 server/services/lateRegistrationSystem.ts(330,15): error TS2353: Object literal may only specify known properties, and 'subdivision' does not exist in type 'GameWhereInput'.
2025-09-04T05:30:39.3188657Z ##[error]#18 16.68 server/services/lateRegistrationSystem.ts(474,38): error TS2322: Type '{ teamId: number; firstName: string; lastName: string; position: string; age: number; overallRating: number; isAI: boolean; race: string; role: string; speed: number; power: number; accuracy: number; stamina: number; health: number; injured: boolean; }[]' is not assignable to type 'PlayerCreateManyInput | PlayerCreateManyInput[]'.
2025-09-04T05:30:39.3193681Z #18 16.68   Type '{ teamId: number; firstName: string; lastName: string; position: string; age: number; overallRating: number; isAI: boolean; race: string; role: string; speed: number; power: number; accuracy: number; stamina: number; health: number; injured: boolean; }[]' is not assignable to type 'PlayerCreateManyInput[]'.
2025-09-04T05:30:39.3198639Z #18 16.68     Type '{ teamId: number; firstName: string; lastName: string; position: string; age: number; overallRating: number; isAI: boolean; race: string; role: string; speed: number; power: number; accuracy: number; stamina: number; health: number; injured: boolean; }' is missing the following properties from type 'PlayerCreateManyInput': throwing, catching, kicking, staminaAttribute, and 3 more.
2025-09-04T05:30:39.3203582Z ##[error]#18 16.68 server/services/lateRegistrationSystem.ts(492,37): error TS2322: Type '{ teamId: number; name: string; role: string; type: string; salary: number; contractLength: number; }[]' is not assignable to type 'StaffCreateManyInput | StaffCreateManyInput[]'.
2025-09-04T05:30:39.3206829Z #18 16.68   Type '{ teamId: number; name: string; role: string; type: string; salary: number; contractLength: number; }[]' is not assignable to type 'StaffCreateManyInput[]'.
2025-09-04T05:30:39.3208988Z #18 16.68     Type '{ teamId: number; name: string; role: string; type: string; salary: number; contractLength: number; }' is not assignable to type 'StaffCreateManyInput'.
2025-09-04T05:30:39.3210266Z #18 16.68       Types of property 'type' are incompatible.
2025-09-04T05:30:39.3211243Z #18 16.68         Type 'string' is not assignable to type 'StaffType'.
2025-09-04T05:30:39.3212594Z ##[error]#18 16.68 server/services/notificationService.ts(48,18): error TS2304: Cannot find name 'prisma'.
2025-09-04T05:30:39.3214901Z ##[error]#18 16.68 server/services/playerAgingRetirementService.ts(493,31): error TS2304: Cannot find name 'prisma'.
2025-09-04T05:30:39.3217286Z ##[error]#18 16.68 server/services/playerAgingRetirementService.ts(542,15): error TS2304: Cannot find name 'prisma'.
2025-09-04T05:30:39.3219854Z ##[error]#18 16.68 server/services/playerAgingRetirementService.ts(569,36): error TS2304: Cannot find name 'prisma'.
2025-09-04T05:30:39.3222190Z ##[error]#18 16.68 server/services/playerAgingRetirementService.ts(672,34): error TS2304: Cannot find name 'prisma'.
2025-09-04T05:30:39.3224518Z ##[error]#18 16.68 server/services/playerAgingRetirementService.ts(714,13): error TS2304: Cannot find name 'prisma'.
2025-09-04T05:30:39.3226847Z ##[error]#18 16.68 server/services/playerAgingRetirementService.ts(723,32): error TS2304: Cannot find name 'prisma'.
2025-09-04T05:30:39.3229303Z ##[error]#18 16.68 server/services/playerSkillsService.ts(259,31): error TS2304: Cannot find name 'prisma'.
2025-09-04T05:30:39.3231449Z ##[error]#18 16.68 server/services/playerSkillsService.ts(373,25): error TS2304: Cannot find name 'prisma'.
2025-09-04T05:30:39.3233644Z ##[error]#18 16.68 server/services/stadiumAtmosphereService.ts(195,24): error TS2304: Cannot find name 'prisma'.
2025-09-04T05:30:39.3235886Z ##[error]#18 16.68 server/services/stadiumAtmosphereService.ts(200,27): error TS2304: Cannot find name 'prisma'.
2025-09-04T05:30:39.3238309Z ##[error]#18 16.68 server/services/stadiumAtmosphereService.ts(291,27): error TS2304: Cannot find name 'prisma'.
2025-09-04T05:30:39.3240570Z ##[error]#18 16.68 server/services/stadiumAtmosphereService.ts(294,24): error TS2304: Cannot find name 'prisma'.
2025-09-04T05:30:39.3242862Z ##[error]#18 16.68 server/services/stadiumAtmosphereService.ts(436,28): error TS2304: Cannot find name 'prisma'.
2025-09-04T05:30:39.3245166Z ##[error]#18 16.68 server/services/stadiumAtmosphereService.ts(484,24): error TS2304: Cannot find name 'prisma'.
2025-09-04T05:30:39.3247635Z ##[error]#18 16.68 server/services/stadiumAtmosphereService.ts(487,27): error TS2304: Cannot find name 'prisma'.
2025-09-04T05:30:39.3249852Z ##[error]#18 16.68 server/services/statsService.ts(550,33): error TS2304: Cannot find name 'prisma'.
2025-09-04T05:30:39.3252182Z ##[error]#18 16.68 server/services/statsService.ts(576,46): error TS7006: Parameter 'prev' implicitly has an 'any' type.
2025-09-04T05:30:39.3254576Z ##[error]#18 16.68 server/services/statsService.ts(576,52): error TS7006: Parameter 'curr' implicitly has an 'any' type.
2025-09-04T05:30:39.3257260Z ##[error]#18 16.68 server/services/statsService.ts(577,45): error TS7006: Parameter 'prev' implicitly has an 'any' type.
2025-09-04T05:30:39.3259884Z ##[error]#18 16.68 server/services/statsService.ts(577,51): error TS7006: Parameter 'curr' implicitly has an 'any' type.
2025-09-04T05:30:39.3296674Z ##[error]#18 16.68 server/services/statsService.ts(579,47): error TS7006: Parameter 'prev' implicitly has an 'any' type.
2025-09-04T05:30:39.3299531Z ##[error]#18 16.68 server/services/statsService.ts(579,53): error TS7006: Parameter 'curr' implicitly has an 'any' type.
2025-09-04T05:30:39.3302046Z ##[error]#18 16.68 server/services/statsService.ts(580,50): error TS7006: Parameter 'prev' implicitly has an 'any' type.
2025-09-04T05:30:39.3304530Z ##[error]#18 16.68 server/services/statsService.ts(580,56): error TS7006: Parameter 'curr' implicitly has an 'any' type.
2025-09-04T05:30:39.3307002Z ##[error]#18 16.68 server/services/statsService.ts(581,50): error TS7006: Parameter 'prev' implicitly has an 'any' type.
2025-09-04T05:30:39.3310304Z ##[error]#18 16.68 server/services/statsService.ts(581,56): error TS7006: Parameter 'curr' implicitly has an 'any' type.
2025-09-04T05:30:39.3312605Z ##[error]#18 16.68 server/services/statsService.ts(664,27): error TS2304: Cannot find name 'prisma'.
2025-09-04T05:30:39.3315003Z ##[error]#18 16.68 server/services/statsService.ts(714,29): error TS2304: Cannot find name 'prisma'.
2025-09-04T05:30:39.3317528Z ##[error]#18 16.68 server/services/tournamentBracketValidator.ts(17,32): error TS2304: Cannot find name 'prisma'.
2025-09-04T05:30:39.3319991Z ##[error]#18 16.68 server/services/tournamentBracketValidator.ts(76,32): error TS2304: Cannot find name 'prisma'.
2025-09-04T05:30:39.3322416Z ##[error]#18 16.68 server/services/tournamentBracketValidator.ts(116,17): error TS2304: Cannot find name 'prisma'.
2025-09-04T05:30:39.3324838Z ##[error]#18 16.68 server/services/tournamentBracketValidator.ts(142,19): error TS2304: Cannot find name 'prisma'.
2025-09-04T05:30:39.3327644Z ##[error]#18 16.68 server/services/webSocketService.ts(174,74): error TS2339: Property 'gameTime' does not exist on type 'never'.
2025-09-04T05:30:39.3330340Z ##[error]#18 16.68 server/services/webSocketService.ts(174,104): error TS2339: Property 'homeScore' does not exist on type 'never'.
2025-09-04T05:30:39.3333048Z ##[error]#18 16.68 server/services/webSocketService.ts(174,127): error TS2339: Property 'awayScore' does not exist on type 'never'.
2025-09-04T05:30:39.3334686Z #18 DONE 16.8s
2025-09-04T05:30:40.7110098Z 
2025-09-04T05:30:40.7113102Z #19 [production  6/11] COPY --from=frontend-builder /app/dist ./dist
2025-09-04T05:30:40.8726096Z #19 DONE 0.1s
2025-09-04T05:30:40.8726516Z 
2025-09-04T05:30:40.8727180Z #20 [production  7/11] COPY --from=frontend-builder /app/server-step7-unified.js ./
2025-09-04T05:30:40.8730698Z #20 DONE 0.1s
2025-09-04T05:30:40.9711114Z 
2025-09-04T05:30:40.9712612Z #21 [production  8/11] COPY shared ./shared/
2025-09-04T05:30:40.9713324Z #21 DONE 0.0s
2025-09-04T05:30:40.9713563Z 
2025-09-04T05:30:40.9716399Z #22 [production  9/11] COPY prisma ./prisma/
2025-09-04T05:30:40.9716949Z #22 DONE 0.1s
2025-09-04T05:30:41.1228363Z 
2025-09-04T05:30:41.1229970Z #23 [production 10/11] RUN npx prisma generate || echo "Prisma generation skipped"
2025-09-04T05:30:42.2316541Z #23 1.259 Prisma schema loaded from prisma/schema.prisma
2025-09-04T05:30:43.8110294Z #23 2.838 
2025-09-04T05:30:43.8112779Z #23 2.838 ‚úî Generated Prisma Client (v6.10.1) to ./prisma/generated/client in 579ms
2025-09-04T05:30:43.8115210Z #23 2.838 
2025-09-04T05:30:43.8115929Z #23 2.838 Start by importing your Prisma Client (See: https://pris.ly/d/importing-client)
2025-09-04T05:30:43.8116555Z #23 2.838 
2025-09-04T05:30:43.8117665Z #23 2.838 Tip: Interested in query caching in just a few lines of code? Try Accelerate today! https://pris.ly/tip-3-accelerate
2025-09-04T05:30:43.8118471Z #23 2.838 
2025-09-04T05:30:44.0076535Z #23 DONE 2.9s
2025-09-04T05:30:44.0077860Z 
2025-09-04T05:30:44.0078775Z #24 [production 11/11] RUN mkdir -p logs tmp     && chown -R nodeuser:nodeuser /app
2025-09-04T05:31:32.3907927Z #24 DONE 48.5s
2025-09-04T05:31:32.5432096Z 
2025-09-04T05:31:32.5432936Z #25 exporting to image
2025-09-04T05:31:32.5433891Z #25 exporting layers
2025-09-04T05:32:06.8980800Z #25 exporting layers 34.5s done
2025-09-04T05:32:06.9294453Z #25 writing image sha256:86b44c802a681bc72667c165abdc4064bcaa933d2ff4221e9bbd205850e791c6 done
2025-09-04T05:32:06.9296607Z #25 naming to docker.io/library/deployment-test:latest done
2025-09-04T05:32:06.9297651Z #25 DONE 34.5s
2025-09-04T05:32:06.9308713Z 
2025-09-04T05:32:06.9310103Z  [33m2 warnings found (use docker --debug to expand):
2025-09-04T05:32:06.9311557Z [0m - SecretsUsedInArgOrEnv: Do not use ARG or ENV instructions for sensitive data (ARG "VITE_FIREBASE_API_KEY") (line 33)
2025-09-04T05:32:06.9316578Z  - SecretsUsedInArgOrEnv: Do not use ARG or ENV instructions for sensitive data (ENV "VITE_FIREBASE_API_KEY") (line 38)
2025-09-04T05:32:06.9360041Z ‚úÖ DOCKER BUILD: Successful
2025-09-04T05:32:06.9580986Z Untagged: deployment-test:latest
2025-09-04T05:32:06.9582800Z Deleted: sha256:86b44c802a681bc72667c165abdc4064bcaa933d2ff4221e9bbd205850e791c6
2025-09-04T05:32:06.9641130Z ##[group]Run echo "üóÑÔ∏è Validating database connection patterns for Cloud Run..."
2025-09-04T05:32:06.9641695Z [36;1mecho "üóÑÔ∏è Validating database connection patterns for Cloud Run..."[0m
2025-09-04T05:32:06.9642056Z [36;1m[0m
2025-09-04T05:32:06.9642296Z [36;1m# Check for proper lazy initialization patterns[0m
2025-09-04T05:32:06.9642750Z [36;1mif grep -q "ensureDatabaseConnection\|getPrismaClient" server/database.ts; then[0m
2025-09-04T05:32:06.9643266Z [36;1m  echo "‚úÖ DATABASE PATTERNS: Cloud Run compatible lazy initialization"[0m
2025-09-04T05:32:06.9643671Z [36;1m  echo "db_patterns=cloud_run_ready" >> $GITHUB_OUTPUT[0m
2025-09-04T05:32:06.9643965Z [36;1melse[0m
2025-09-04T05:32:06.9644233Z [36;1m  echo "‚ö†Ô∏è DATABASE PATTERNS: May not be Cloud Run optimized"[0m
2025-09-04T05:32:06.9644647Z [36;1m  echo "db_patterns=needs_review" >> $GITHUB_OUTPUT[0m
2025-09-04T05:32:06.9644927Z [36;1mfi[0m
2025-09-04T05:32:06.9645101Z [36;1m[0m
2025-09-04T05:32:06.9645378Z [36;1m# Check for proper error handling in database connections[0m
2025-09-04T05:32:06.9645765Z [36;1mif grep -q "try.*catch\|\.catch" server/database.ts; then[0m
2025-09-04T05:32:06.9646109Z [36;1m  echo "‚úÖ DATABASE ERROR HANDLING: Present"[0m
2025-09-04T05:32:06.9646379Z [36;1melse[0m
2025-09-04T05:32:06.9646656Z [36;1m  echo "‚ö†Ô∏è DATABASE ERROR HANDLING: Limited error handling detected"[0m
2025-09-04T05:32:06.9646985Z [36;1mfi[0m
2025-09-04T05:32:07.0247599Z shell: /usr/bin/bash -e {0}
2025-09-04T05:32:07.0247888Z env:
2025-09-04T05:32:07.0248082Z   NODE_VERSION: 20
2025-09-04T05:32:07.0248329Z   PROJECT_ID: direct-glider-465821-p7
2025-09-04T05:32:07.0248611Z   REGION: us-central1
2025-09-04T05:32:07.0248844Z   SERVICE_NAME: realm-rivalry-unified
2025-09-04T05:32:07.0249108Z ##[endgroup]
2025-09-04T05:32:07.0303009Z üóÑÔ∏è Validating database connection patterns for Cloud Run...
2025-09-04T05:32:07.0322927Z ‚úÖ DATABASE PATTERNS: Cloud Run compatible lazy initialization
2025-09-04T05:32:07.0337139Z ‚úÖ DATABASE ERROR HANDLING: Present
2025-09-04T05:32:07.0362080Z ##[group]Run echo "‚ö° Analyzing performance characteristics for deployment..."
2025-09-04T05:32:07.0362632Z [36;1mecho "‚ö° Analyzing performance characteristics for deployment..."[0m
2025-09-04T05:32:07.0362995Z [36;1m[0m
2025-09-04T05:32:07.0363218Z [36;1m# Check package.json for large dependencies[0m
2025-09-04T05:32:07.0363521Z [36;1mBUNDLE_SIZE_WARNINGS=0[0m
2025-09-04T05:32:07.0363743Z [36;1m[0m
2025-09-04T05:32:07.0363984Z [36;1m# Check for potentially problematic large dependencies[0m
2025-09-04T05:32:07.0364294Z [36;1mLARGE_DEPS=([0m
2025-09-04T05:32:07.0364502Z [36;1m  "@google-cloud"[0m
2025-09-04T05:32:07.0364714Z [36;1m  "firebase"[0m
2025-09-04T05:32:07.0364910Z [36;1m  "prisma"[0m
2025-09-04T05:32:07.0365097Z [36;1m)[0m
2025-09-04T05:32:07.0365444Z [36;1m[0m
2025-09-04T05:32:07.0365738Z [36;1mecho "üì¶ Checking for large dependencies that might affect cold start:"[0m
2025-09-04T05:32:07.0366126Z [36;1mfor dep in "${LARGE_DEPS[@]}"; do[0m
2025-09-04T05:32:07.0366446Z [36;1m  if grep -q "\"$dep" package.json; then[0m
2025-09-04T05:32:07.0366826Z [36;1m    echo "  ‚ÑπÔ∏è Large dependency detected: $dep (normal for this app type)"[0m
2025-09-04T05:32:07.0367173Z [36;1m  fi[0m
2025-09-04T05:32:07.0367611Z [36;1mdone[0m
2025-09-04T05:32:07.0367802Z [36;1m[0m
2025-09-04T05:32:07.0368036Z [36;1m# Check for proper Cloud Run resource configuration[0m
2025-09-04T05:32:07.0368438Z [36;1mWORKFLOW_FILE=".github/workflows/deploy-step7-unified.yml"[0m
2025-09-04T05:32:07.0368915Z [36;1mif grep -q "memory.*4Gi" "$WORKFLOW_FILE" && grep -q "cpu.*2" "$WORKFLOW_FILE"; then[0m
2025-09-04T05:32:07.0369368Z [36;1m  echo "‚úÖ CLOUD RUN CONFIG: Appropriate resource allocation"[0m
2025-09-04T05:32:07.0369754Z [36;1m  echo "performance_config=optimized" >> $GITHUB_OUTPUT[0m
2025-09-04T05:32:07.0370061Z [36;1melse[0m
2025-09-04T05:32:07.0370330Z [36;1m  echo "‚ö†Ô∏è CLOUD RUN CONFIG: Resource allocation may need review"[0m
2025-09-04T05:32:07.0370734Z [36;1m  echo "performance_config=review_needed" >> $GITHUB_OUTPUT[0m
2025-09-04T05:32:07.0371045Z [36;1mfi[0m
2025-09-04T05:32:07.0397744Z shell: /usr/bin/bash -e {0}
2025-09-04T05:32:07.0397986Z env:
2025-09-04T05:32:07.0398165Z   NODE_VERSION: 20
2025-09-04T05:32:07.0398388Z   PROJECT_ID: direct-glider-465821-p7
2025-09-04T05:32:07.0398648Z   REGION: us-central1
2025-09-04T05:32:07.0398865Z   SERVICE_NAME: realm-rivalry-unified
2025-09-04T05:32:07.0399105Z ##[endgroup]
2025-09-04T05:32:07.0445718Z ‚ö° Analyzing performance characteristics for deployment...
2025-09-04T05:32:07.0447120Z üì¶ Checking for large dependencies that might affect cold start:
2025-09-04T05:32:07.0463460Z   ‚ÑπÔ∏è Large dependency detected: @google-cloud (normal for this app type)
2025-09-04T05:32:07.0474815Z   ‚ÑπÔ∏è Large dependency detected: firebase (normal for this app type)
2025-09-04T05:32:07.0488344Z   ‚ÑπÔ∏è Large dependency detected: prisma (normal for this app type)
2025-09-04T05:32:07.0515143Z ‚úÖ CLOUD RUN CONFIG: Appropriate resource allocation
2025-09-04T05:32:07.0537309Z ##[group]Run echo "üîí Checking deployment security patterns..."
2025-09-04T05:32:07.0538099Z [36;1mecho "üîí Checking deployment security patterns..."[0m
2025-09-04T05:32:07.0538409Z [36;1m[0m
2025-09-04T05:32:07.0538586Z [36;1mSECURITY_SCORE=0[0m
2025-09-04T05:32:07.0538795Z [36;1m[0m
2025-09-04T05:32:07.0539031Z [36;1m# Check for proper secret handling (more realistic)[0m
2025-09-04T05:32:07.0539642Z [36;1mHARDCODED_SECRETS=$(grep -r "password.*=.*['\"][^$]\|api_key.*=.*['\"][^$]\|secret.*=.*['\"][^$]" server/ --include="*.ts" | grep -v "process\.env\|config\." | wc -l || echo "0")[0m
2025-09-04T05:32:07.0540206Z [36;1mif [ "$HARDCODED_SECRETS" -eq "0" ]; then[0m
2025-09-04T05:32:07.0540548Z [36;1m  echo "‚úÖ SECRETS: No obvious hardcoded secrets detected"[0m
2025-09-04T05:32:07.0540898Z [36;1m  SECURITY_SCORE=$((SECURITY_SCORE + 1))[0m
2025-09-04T05:32:07.0541151Z [36;1melse[0m
2025-09-04T05:32:07.0541474Z [36;1m  echo "‚ö†Ô∏è SECRETS: $HARDCODED_SECRETS potential hardcoded secrets found"[0m
2025-09-04T05:32:07.0541834Z [36;1mfi[0m
2025-09-04T05:32:07.0542012Z [36;1m[0m
2025-09-04T05:32:07.0542273Z [36;1m# Check for proper authentication patterns (more flexible)[0m
2025-09-04T05:32:07.0542839Z [36;1mif find server/routes/ -name "*.ts" -exec grep -q "requireAuth\|authentication\|auth\|token" {} \; 2>/dev/null; then[0m
2025-09-04T05:32:07.0543391Z [36;1m  echo "‚úÖ AUTHENTICATION: Protection patterns detected"[0m
2025-09-04T05:32:07.0543730Z [36;1m  SECURITY_SCORE=$((SECURITY_SCORE + 1))[0m
2025-09-04T05:32:07.0543989Z [36;1mfi[0m
2025-09-04T05:32:07.0544159Z [36;1m[0m
2025-09-04T05:32:07.0544445Z [36;1m# Check for security middleware (including server-step7-unified.js)[0m
2025-09-04T05:32:07.0544947Z [36;1mif grep -q "helmet\|cors" server-step7-unified.js server/index.ts 2>/dev/null; then[0m
2025-09-04T05:32:07.0545594Z [36;1m  echo "‚úÖ SECURITY MIDDLEWARE: Protection middleware detected"[0m
2025-09-04T05:32:07.0545959Z [36;1m  SECURITY_SCORE=$((SECURITY_SCORE + 1))[0m
2025-09-04T05:32:07.0546216Z [36;1mfi[0m
2025-09-04T05:32:07.0546384Z [36;1m[0m
2025-09-04T05:32:07.0546624Z [36;1mecho "security_score=$SECURITY_SCORE" >> $GITHUB_OUTPUT[0m
2025-09-04T05:32:07.0546930Z [36;1m[0m
2025-09-04T05:32:07.0547125Z [36;1mif [ "$SECURITY_SCORE" -ge "2" ]; then[0m
2025-09-04T05:32:07.0547914Z [36;1m  echo "security_status=good" >> $GITHUB_OUTPUT[0m
2025-09-04T05:32:07.0548216Z [36;1melse[0m
2025-09-04T05:32:07.0548481Z [36;1m  echo "security_status=review_needed" >> $GITHUB_OUTPUT[0m
2025-09-04T05:32:07.0548793Z [36;1mfi[0m
2025-09-04T05:32:07.0574840Z shell: /usr/bin/bash -e {0}
2025-09-04T05:32:07.0575074Z env:
2025-09-04T05:32:07.0575247Z   NODE_VERSION: 20
2025-09-04T05:32:07.0575471Z   PROJECT_ID: direct-glider-465821-p7
2025-09-04T05:32:07.0575743Z   REGION: us-central1
2025-09-04T05:32:07.0575960Z   SERVICE_NAME: realm-rivalry-unified
2025-09-04T05:32:07.0576200Z ##[endgroup]
2025-09-04T05:32:07.0622654Z üîí Checking deployment security patterns...
2025-09-04T05:32:07.1335935Z ‚úÖ SECRETS: No obvious hardcoded secrets detected
2025-09-04T05:32:07.2418398Z ‚úÖ AUTHENTICATION: Protection patterns detected
2025-09-04T05:32:07.2437765Z ‚úÖ SECURITY MIDDLEWARE: Protection middleware detected
2025-09-04T05:32:07.2493660Z ##[group]Run echo "üìä Generating comprehensive deployment readiness report..."
2025-09-04T05:32:07.2494233Z [36;1mecho "üìä Generating comprehensive deployment readiness report..."[0m
2025-09-04T05:32:07.2494587Z [36;1m[0m
2025-09-04T05:32:07.2494794Z [36;1m# Calculate overall readiness score[0m
2025-09-04T05:32:07.2495066Z [36;1mREADINESS_SCORE=0[0m
2025-09-04T05:32:07.2495286Z [36;1mMAX_SCORE=7[0m
2025-09-04T05:32:07.2495474Z [36;1m[0m
2025-09-04T05:32:07.2495705Z [36;1m# Server compilation (critical - worth 2 points)[0m
2025-09-04T05:32:07.2496043Z [36;1mif [ "success" = "success" ]; then[0m
2025-09-04T05:32:07.2496331Z [36;1m  READINESS_SCORE=$((READINESS_SCORE + 2))[0m
2025-09-04T05:32:07.2496589Z [36;1mfi[0m
2025-09-04T05:32:07.2496777Z [36;1m[0m
2025-09-04T05:32:07.2496966Z [36;1m# Client build (worth 1 point)[0m
2025-09-04T05:32:07.2497233Z [36;1mif [ "success" = "success" ]; then[0m
2025-09-04T05:32:07.2497890Z [36;1m  READINESS_SCORE=$((READINESS_SCORE + 1))[0m
2025-09-04T05:32:07.2498155Z [36;1mfi[0m
2025-09-04T05:32:07.2498323Z [36;1m[0m
2025-09-04T05:32:07.2498507Z [36;1m# Critical files (worth 1 point)[0m
2025-09-04T05:32:07.2498786Z [36;1mif [ "complete" = "complete" ]; then[0m
2025-09-04T05:32:07.2499069Z [36;1m  READINESS_SCORE=$((READINESS_SCORE + 1))[0m
2025-09-04T05:32:07.2499327Z [36;1mfi[0m
2025-09-04T05:32:07.2499494Z [36;1m[0m
2025-09-04T05:32:07.2499680Z [36;1m# Environment config (worth 1 point)[0m
2025-09-04T05:32:07.2499963Z [36;1mif [ "complete" = "complete" ]; then[0m
2025-09-04T05:32:07.2500250Z [36;1m  READINESS_SCORE=$((READINESS_SCORE + 1))[0m
2025-09-04T05:32:07.2500501Z [36;1mfi[0m
2025-09-04T05:32:07.2500665Z [36;1m[0m
2025-09-04T05:32:07.2500845Z [36;1m# Docker build (worth 1 point)[0m
2025-09-04T05:32:07.2501099Z [36;1mif [ "success" = "success" ]; then[0m
2025-09-04T05:32:07.2501373Z [36;1m  READINESS_SCORE=$((READINESS_SCORE + 1))[0m
2025-09-04T05:32:07.2501626Z [36;1mfi[0m
2025-09-04T05:32:07.2501808Z [36;1m[0m
2025-09-04T05:32:07.2502003Z [36;1m# Database patterns (worth 1 point)[0m
2025-09-04T05:32:07.2502317Z [36;1mif [ "cloud_run_ready" = "cloud_run_ready" ]; then[0m
2025-09-04T05:32:07.2502635Z [36;1m  READINESS_SCORE=$((READINESS_SCORE + 1))[0m
2025-09-04T05:32:07.2502887Z [36;1mfi[0m
2025-09-04T05:32:07.2503045Z [36;1m[0m
2025-09-04T05:32:07.2503297Z [36;1mecho "readiness_score=$READINESS_SCORE" >> $GITHUB_OUTPUT[0m
2025-09-04T05:32:07.2503655Z [36;1mecho "max_score=$MAX_SCORE" >> $GITHUB_OUTPUT[0m
2025-09-04T05:32:07.2504116Z [36;1m[0m
2025-09-04T05:32:07.2504382Z [36;1mREADINESS_PERCENTAGE=$((READINESS_SCORE * 100 / MAX_SCORE))[0m
2025-09-04T05:32:07.2504818Z [36;1mecho "readiness_percentage=$READINESS_PERCENTAGE" >> $GITHUB_OUTPUT[0m
2025-09-04T05:32:07.2543831Z shell: /usr/bin/bash -e {0}
2025-09-04T05:32:07.2544140Z env:
2025-09-04T05:32:07.2544322Z   NODE_VERSION: 20
2025-09-04T05:32:07.2544555Z   PROJECT_ID: direct-glider-465821-p7
2025-09-04T05:32:07.2544828Z   REGION: us-central1
2025-09-04T05:32:07.2545056Z   SERVICE_NAME: realm-rivalry-unified
2025-09-04T05:32:07.2545309Z ##[endgroup]
2025-09-04T05:32:07.2598013Z üìä Generating comprehensive deployment readiness report...
2025-09-04T05:32:07.2625917Z ##[group]Run echo ""
2025-09-04T05:32:07.2626180Z [36;1mecho ""[0m
2025-09-04T05:32:07.2626416Z [36;1mecho "üöÄ DEPLOYMENT READINESS REPORT"[0m
2025-09-04T05:32:07.2626710Z [36;1mecho "=============================="[0m
2025-09-04T05:32:07.2626988Z [36;1mecho "üóìÔ∏è Analysis Date: $(date)"[0m
2025-09-04T05:32:07.2627588Z [36;1mecho "üéØ Commit: 6bc441c3ac5b2071e8b8819a806b8c3e4b88bd2b"[0m
2025-09-04T05:32:07.2627983Z [36;1mecho "üåø Branch: main"[0m
2025-09-04T05:32:07.2628209Z [36;1mecho ""[0m
2025-09-04T05:32:07.2628420Z [36;1mecho "üìä READINESS SCORE: 7/7 (100%)"[0m
2025-09-04T05:32:07.2628677Z [36;1mecho ""[0m
2025-09-04T05:32:07.2628879Z [36;1mecho "üîç COMPONENT STATUS:"[0m
2025-09-04T05:32:07.2629163Z [36;1mecho "   Server Compilation: success"[0m
2025-09-04T05:32:07.2629443Z [36;1mecho "   Client Build: success"[0m
2025-09-04T05:32:07.2629720Z [36;1mecho "   Deployment Files: complete"[0m
2025-09-04T05:32:07.2630040Z [36;1mecho "   Environment Config: complete"[0m
2025-09-04T05:32:07.2630315Z [36;1mecho "   Docker Build: success"[0m
2025-09-04T05:32:07.2630605Z [36;1mecho "   Database Patterns: cloud_run_ready"[0m
2025-09-04T05:32:07.2630916Z [36;1mecho "   Performance Config: optimized"[0m
2025-09-04T05:32:07.2631196Z [36;1mecho "   Security Status: good"[0m
2025-09-04T05:32:07.2631438Z [36;1mecho ""[0m
2025-09-04T05:32:07.2631621Z [36;1m[0m
2025-09-04T05:32:07.2631800Z [36;1mPERCENTAGE=100[0m
2025-09-04T05:32:07.2631999Z [36;1m[0m
2025-09-04T05:32:07.2632198Z [36;1mif [ "$PERCENTAGE" -ge "85" ]; then[0m
2025-09-04T05:32:07.2632481Z [36;1m  echo "üéâ STATUS: DEPLOYMENT READY"[0m
2025-09-04T05:32:07.2632870Z [36;1m  echo "‚úÖ All critical systems operational"[0m
2025-09-04T05:32:07.2633444Z [36;1m  echo "‚úÖ High confidence deployment success"[0m
2025-09-04T05:32:07.2634023Z [36;1m  echo "üöÄ RECOMMENDATION: Proceed with deployment"[0m
2025-09-04T05:32:07.2634573Z [36;1melif [ "$PERCENTAGE" -ge "70" ]; then[0m
2025-09-04T05:32:07.2635102Z [36;1m  echo "‚ö†Ô∏è STATUS: DEPLOYMENT VIABLE WITH CAUTION"[0m
2025-09-04T05:32:07.2635659Z [36;1m  echo "üîß Some issues detected but not blocking"[0m
2025-09-04T05:32:07.2636232Z [36;1m  echo "üìã Review warnings above before deploying"[0m
2025-09-04T05:32:07.2636851Z [36;1m  echo "üöÄ RECOMMENDATION: Address warnings then deploy"[0m
2025-09-04T05:32:07.2637714Z [36;1melse[0m
2025-09-04T05:32:07.2638104Z [36;1m  echo "‚ùå STATUS: DEPLOYMENT NOT RECOMMENDED"[0m
2025-09-04T05:32:07.2638590Z [36;1m  echo "üîß Critical issues must be resolved first"[0m
2025-09-04T05:32:07.2638905Z [36;1m  echo "üìã Check failed components above"[0m
2025-09-04T05:32:07.2639275Z [36;1m  echo "üöÄ RECOMMENDATION: Fix issues before attempting deployment"[0m
2025-09-04T05:32:07.2639614Z [36;1mfi[0m
2025-09-04T05:32:07.2639812Z [36;1mecho "=============================="[0m
2025-09-04T05:32:07.2666226Z shell: /usr/bin/bash -e {0}
2025-09-04T05:32:07.2666461Z env:
2025-09-04T05:32:07.2666638Z   NODE_VERSION: 20
2025-09-04T05:32:07.2666881Z   PROJECT_ID: direct-glider-465821-p7
2025-09-04T05:32:07.2667140Z   REGION: us-central1
2025-09-04T05:32:07.2667575Z   SERVICE_NAME: realm-rivalry-unified
2025-09-04T05:32:07.2667837Z ##[endgroup]
2025-09-04T05:32:07.2733831Z 
2025-09-04T05:32:07.2734273Z üöÄ DEPLOYMENT READINESS REPORT
2025-09-04T05:32:07.2735054Z ==============================
2025-09-04T05:32:07.2754639Z üóìÔ∏è Analysis Date: Thu Sep  4 05:32:07 UTC 2025
2025-09-04T05:32:07.2755430Z üéØ Commit: 6bc441c3ac5b2071e8b8819a806b8c3e4b88bd2b
2025-09-04T05:32:07.2756006Z üåø Branch: main
2025-09-04T05:32:07.2756222Z 
2025-09-04T05:32:07.2756545Z üìä READINESS SCORE: 7/7 (100%)
2025-09-04T05:32:07.2756818Z 
2025-09-04T05:32:07.2757051Z üîç COMPONENT STATUS:
2025-09-04T05:32:07.2757669Z    Server Compilation: success
2025-09-04T05:32:07.2758099Z    Client Build: success
2025-09-04T05:32:07.2758499Z    Deployment Files: complete
2025-09-04T05:32:07.2758970Z    Environment Config: complete
2025-09-04T05:32:07.2759668Z    Docker Build: success
2025-09-04T05:32:07.2760172Z    Database Patterns: cloud_run_ready
2025-09-04T05:32:07.2760698Z    Performance Config: optimized
2025-09-04T05:32:07.2775765Z    Security Status: good
2025-09-04T05:32:07.2776035Z 
2025-09-04T05:32:07.2776362Z üéâ STATUS: DEPLOYMENT READY
2025-09-04T05:32:07.2776968Z ‚úÖ All critical systems operational
2025-09-04T05:32:07.2777867Z ‚úÖ High confidence deployment success
2025-09-04T05:32:07.2778538Z üöÄ RECOMMENDATION: Proceed with deployment
2025-09-04T05:32:07.2779080Z ==============================
2025-09-04T05:32:07.2819776Z ##[group]Run PERCENTAGE=100
2025-09-04T05:32:07.2820252Z [36;1mPERCENTAGE=100[0m
2025-09-04T05:32:07.2820648Z [36;1mSERVER_STATUS="success"[0m
2025-09-04T05:32:07.2821046Z [36;1m[0m
2025-09-04T05:32:07.2821430Z [36;1m# Critical requirement: Server must compile[0m
2025-09-04T05:32:07.2822000Z [36;1mif [ "$SERVER_STATUS" != "success" ]; then[0m
2025-09-04T05:32:07.2822747Z [36;1m  echo "‚ùå CRITICAL FAILURE: Server compilation failed - deployment impossible"[0m
2025-09-04T05:32:07.2823402Z [36;1m  exit 1[0m
2025-09-04T05:32:07.2823717Z [36;1mfi[0m
2025-09-04T05:32:07.2824007Z [36;1m[0m
2025-09-04T05:32:07.2824420Z [36;1m# Warning for low readiness but don't fail the workflow[0m
2025-09-04T05:32:07.2825012Z [36;1mif [ "$PERCENTAGE" -lt "70" ]; then[0m
2025-09-04T05:32:07.2825765Z [36;1m  echo "‚ö†Ô∏è WARNING: Deployment readiness below recommended threshold ($PERCENTAGE%)"[0m
2025-09-04T05:32:07.2826670Z [36;1m  echo "üîß Consider addressing issues before production deployment"[0m
2025-09-04T05:32:07.2827258Z [36;1mfi[0m
2025-09-04T05:32:07.2827934Z [36;1m[0m
2025-09-04T05:32:07.2828387Z [36;1mecho "‚úÖ SUCCESS: Deployment readiness analysis completed"[0m
2025-09-04T05:32:07.2828945Z [36;1mexit 0[0m
2025-09-04T05:32:07.2866377Z shell: /usr/bin/bash -e {0}
2025-09-04T05:32:07.2866766Z env:
2025-09-04T05:32:07.2867067Z   NODE_VERSION: 20
2025-09-04T05:32:07.2867640Z   PROJECT_ID: direct-glider-465821-p7
2025-09-04T05:32:07.2868089Z   REGION: us-central1
2025-09-04T05:32:07.2868465Z   SERVICE_NAME: realm-rivalry-unified
2025-09-04T05:32:07.2868890Z ##[endgroup]
2025-09-04T05:32:07.3127822Z ‚úÖ SUCCESS: Deployment readiness analysis completed
2025-09-04T05:32:07.3190611Z Post job cleanup.
2025-09-04T05:32:07.8468009Z ##[group]Removing builder
2025-09-04T05:32:08.0059024Z [command]/usr/bin/docker buildx rm builder-b4e6409e-3297-4976-b64a-82dd0d98160b
2025-09-04T05:32:08.1386336Z builder-b4e6409e-3297-4976-b64a-82dd0d98160b removed
2025-09-04T05:32:08.1435257Z ##[endgroup]
2025-09-04T05:32:08.1438467Z ##[group]Cleaning up certificates
2025-09-04T05:32:08.1448436Z ##[endgroup]
2025-09-04T05:32:08.1449502Z ##[group]Post cache
2025-09-04T05:32:08.1451060Z State not set
2025-09-04T05:32:08.1451696Z ##[endgroup]
2025-09-04T05:32:08.1629049Z Post job cleanup.
2025-09-04T05:32:08.3245064Z Cache hit occurred on the primary key node-cache-Linux-x64-npm-8619a49c0d208bfd301d3f6ca9a306a7488136f427be935ea07ae97f241b1849, not saving cache.
2025-09-04T05:32:08.3335435Z Post job cleanup.
2025-09-04T05:32:08.4532004Z [command]/usr/bin/git version
2025-09-04T05:32:08.4582359Z git version 2.51.0
2025-09-04T05:32:08.4636811Z Temporarily overriding HOME='/home/runner/work/_temp/0955c208-20b8-4ea8-827e-080cdb9d4c2c' before making global git config changes
2025-09-04T05:32:08.4642832Z Adding repository directory to the temporary git global config as a safe directory
2025-09-04T05:32:08.4645481Z [command]/usr/bin/git config --global --add safe.directory /home/runner/work/replitballgame/replitballgame
2025-09-04T05:32:08.4718515Z [command]/usr/bin/git config --local --name-only --get-regexp core\.sshCommand
2025-09-04T05:32:08.4744319Z [command]/usr/bin/git submodule foreach --recursive sh -c "git config --local --name-only --get-regexp 'core\.sshCommand' && git config --local --unset-all 'core.sshCommand' || :"
2025-09-04T05:32:08.5069444Z [command]/usr/bin/git config --local --name-only --get-regexp http\.https\:\/\/github\.com\/\.extraheader
2025-09-04T05:32:08.5096573Z http.https://github.com/.extraheader
2025-09-04T05:32:08.5112763Z [command]/usr/bin/git config --local --unset-all http.https://github.com/.extraheader
2025-09-04T05:32:08.5160196Z [command]/usr/bin/git submodule foreach --recursive sh -c "git config --local --name-only --get-regexp 'http\.https\:\/\/github\.com\/\.extraheader' && git config --local --unset-all 'http.https://github.com/.extraheader' || :"
2025-09-04T05:32:08.5508924Z Cleaning up orphan processes